[ 2016-01-27T20:40:56+08:00 ] ::1 /cog/index.php/Home/Login/login
INFO: [ app_init ] --START--
INFO: Run Behavior\BuildLiteBehavior [ RunTime:0.000000s ]
INFO: [ app_init ] --END-- [ RunTime:0.220003s ]
INFO: [ app_begin ] --START--
INFO: Run Behavior\ReadHtmlCacheBehavior [ RunTime:0.027500s ]
INFO: [ app_begin ] --END-- [ RunTime:0.030000s ]
INFO: [ view_parse ] --START--
INFO: [ template_filter ] --START--
INFO: Run Behavior\ContentReplaceBehavior [ RunTime:0.000000s ]
INFO: [ template_filter ] --END-- [ RunTime:0.000000s ]
INFO: Run Behavior\ParseTemplateBehavior [ RunTime:0.302504s ]
INFO: [ view_parse ] --END-- [ RunTime:0.302504s ]
INFO: [ view_filter ] --START--
INFO: Run Behavior\WriteHtmlCacheBehavior [ RunTime:0.017500s ]
INFO: [ view_filter ] --END-- [ RunTime:0.017500s ]
INFO: [ app_end ] --START--
INFO: Run Behavior\ShowPageTraceBehavior [ RunTime:0.025001s ]
INFO: [ app_end ] --END-- [ RunTime:0.025001s ]

[ 2016-01-27T20:41:01+08:00 ] ::1 /cog/index.php/Home/Login/main_login
INFO: [ app_init ] --START--
INFO: Run Behavior\BuildLiteBehavior [ RunTime:0.000000s ]
INFO: [ app_init ] --END-- [ RunTime:0.000000s ]
INFO: [ app_begin ] --START--
INFO: Run Behavior\ReadHtmlCacheBehavior [ RunTime:0.002500s ]
INFO: [ app_begin ] --END-- [ RunTime:0.002500s ]
INFO: [ view_parse ] --START--
INFO: [ template_filter ] --START--
INFO: Run Behavior\ContentReplaceBehavior [ RunTime:0.000000s ]
INFO: [ template_filter ] --END-- [ RunTime:0.000000s ]
INFO: Run Behavior\ParseTemplateBehavior [ RunTime:0.047501s ]
INFO: [ view_parse ] --END-- [ RunTime:0.047501s ]
INFO: [ view_filter ] --START--
INFO: Run Behavior\WriteHtmlCacheBehavior [ RunTime:0.002500s ]
INFO: [ view_filter ] --END-- [ RunTime:0.002500s ]
INFO: [ app_end ] --START--
INFO: Run Behavior\ShowPageTraceBehavior [ RunTime:0.000000s ]
INFO: [ app_end ] --END-- [ RunTime:0.000000s ]

[ 2016-01-27T20:41:10+08:00 ] ::1 /cog/index.php/Home/Login/handle
INFO: [ app_init ] --START--
INFO: Run Behavior\BuildLiteBehavior [ RunTime:0.000000s ]
INFO: [ app_init ] --END-- [ RunTime:0.002500s ]
INFO: [ app_begin ] --START--
INFO: Run Behavior\ReadHtmlCacheBehavior [ RunTime:0.000000s ]
INFO: [ app_begin ] --END-- [ RunTime:0.000000s ]
SQL: SHOW COLUMNS FROM `cog_user` [ RunTime:0.0775s ]
SQL: SHOW COLUMNS FROM `cog_user` [ RunTime:0.0050s ]
SQL: SELECT * FROM `cog_user` WHERE `User_name` = '123' AND `User_password` = '123'  [ RunTime:0.0000s ]
SQL: SHOW COLUMNS FROM `cog_user` [ RunTime:0.0200s ]
SQL: SELECT `User_id` FROM `cog_user` WHERE `User_name` = '123' AND `User_password` = '123' LIMIT 1   [ RunTime:0.0025s ]
SQL: SELECT `User_headimg` FROM `cog_user` WHERE `User_name` = '123' AND `User_password` = '123' LIMIT 1   [ RunTime:0.0000s ]

[ 2016-01-27T20:41:10+08:00 ] ::1 /cog/index.php/Home/Index/index.html
INFO: [ app_init ] --START--
INFO: Run Behavior\BuildLiteBehavior [ RunTime:0.000000s ]
INFO: [ app_init ] --END-- [ RunTime:0.000000s ]
INFO: [ app_begin ] --START--
INFO: Run Behavior\ReadHtmlCacheBehavior [ RunTime:0.000000s ]
INFO: [ app_begin ] --END-- [ RunTime:0.000000s ]
SQL: SHOW COLUMNS FROM `cog_follow` [ RunTime:0.0475s ]
SQL: SHOW COLUMNS FROM `cog_follow` [ RunTime:0.0050s ]
SQL: SELECT `follow_circle_id` FROM `cog_follow` WHERE `user_id` = 6 LIMIT 1   [ RunTime:0.0025s ]
SQL: SHOW COLUMNS FROM `cog_circle` [ RunTime:0.0400s ]
SQL: SELECT * FROM `cog_circle` WHERE `circle_id` = 2  [ RunTime:0.0000s ]
SQL: SELECT * FROM `cog_circle` WHERE `circle_id` = 1  [ RunTime:0.0000s ]
INFO: [ view_parse ] --START--
INFO: [ template_filter ] --START--
INFO: Run Behavior\ContentReplaceBehavior [ RunTime:0.000000s ]
INFO: [ template_filter ] --END-- [ RunTime:0.000000s ]
INFO: Run Behavior\ParseTemplateBehavior [ RunTime:0.087501s ]
INFO: [ view_parse ] --END-- [ RunTime:0.087501s ]
INFO: [ view_filter ] --START--
INFO: Run Behavior\WriteHtmlCacheBehavior [ RunTime:0.002500s ]
INFO: [ view_filter ] --END-- [ RunTime:0.002500s ]
INFO: [ app_end ] --START--
INFO: Run Behavior\ShowPageTraceBehavior [ RunTime:0.000000s ]
INFO: [ app_end ] --END-- [ RunTime:0.000000s ]

[ 2016-01-27T20:41:10+08:00 ] ::1 /cog/index.php/Home/Index/images/circle-position.png
INFO: [ app_init ] --START--
INFO: Run Behavior\BuildLiteBehavior [ RunTime:0.000000s ]
INFO: [ app_init ] --END-- [ RunTime:0.000000s ]

[ 2016-01-27T20:41:10+08:00 ] ::1 /cog/index.php/Home/Index/images/circle-numbers.png
INFO: [ app_init ] --START--
INFO: Run Behavior\BuildLiteBehavior [ RunTime:0.000000s ]
INFO: [ app_init ] --END-- [ RunTime:0.002500s ]

[ 2016-01-27T20:41:15+08:00 ] ::1 /cog/index.php/Home/Circle/circlesquare?circle_id=1
INFO: [ app_init ] --START--
INFO: Run Behavior\BuildLiteBehavior [ RunTime:0.000000s ]
INFO: [ app_init ] --END-- [ RunTime:0.000000s ]
INFO: [ app_begin ] --START--
INFO: Run Behavior\ReadHtmlCacheBehavior [ RunTime:0.000000s ]
INFO: [ app_begin ] --END-- [ RunTime:0.000000s ]
SQL: SHOW COLUMNS FROM `cog_circle` [ RunTime:0.0025s ]
SQL: SELECT * FROM `cog_circle` WHERE `circle_id` = 1  [ RunTime:0.0000s ]
SQL: SHOW COLUMNS FROM `cog_follow` [ RunTime:0.0050s ]
SQL: SELECT `follow_circle_id` FROM `cog_follow` WHERE `user_id` = 6 LIMIT 1   [ RunTime:0.0000s ]
SQL: SHOW COLUMNS FROM `cog_user` [ RunTime:0.0050s ]
SQL: SELECT * FROM `cog_user` WHERE `User_id` = 6  [ RunTime:0.0000s ]
SQL: SHOW COLUMNS FROM `cog_post` [ RunTime:0.1425s ]
SQL: SHOW COLUMNS FROM `cog_post` [ RunTime:0.0225s ]
SQL: SELECT * FROM `cog_post` WHERE `post_circle_id` = '1' ORDER BY post_time desc  [ RunTime:0.0025s ]
SQL: SELECT * FROM `cog_post` WHERE `post_circle_id` = '1' AND `post_boutique` = 1 ORDER BY post_time desc  [ RunTime:0.0025s ]
SQL: SELECT `User_collect` FROM `cog_user` WHERE `User_id` = 6 LIMIT 1   [ RunTime:0.0000s ]
SQL: SELECT * FROM `cog_post` WHERE `post_circle_id` = '1' AND `post_id` = 14  [ RunTime:0.0000s ]
SQL: SELECT * FROM `cog_post` WHERE `post_circle_id` = '1' AND `post_id` = 34  [ RunTime:0.0025s ]
SQL: SELECT * FROM `cog_post` WHERE `post_circle_id` = '1' AND `post_id` = 39  [ RunTime:0.0000s ]
INFO: [ view_parse ] --START--
INFO: [ template_filter ] --START--
INFO: Run Behavior\ContentReplaceBehavior [ RunTime:0.000000s ]
INFO: [ template_filter ] --END-- [ RunTime:0.000000s ]
NOTIC: [8] Undefined variable: user_headimg D:\XAMPP\htdocs\cog\cog\Runtime\Cache\Home\ca9c41a52fc865aec1eb2ef23c0790c0.php 第 35 行.
INFO: Run Behavior\ParseTemplateBehavior [ RunTime:0.122502s ]
INFO: [ view_parse ] --END-- [ RunTime:0.122502s ]
INFO: [ view_filter ] --START--
INFO: Run Behavior\WriteHtmlCacheBehavior [ RunTime:0.000000s ]
INFO: [ view_filter ] --END-- [ RunTime:0.000000s ]
INFO: [ app_end ] --START--
INFO: Run Behavior\ShowPageTraceBehavior [ RunTime:0.002500s ]
INFO: [ app_end ] --END-- [ RunTime:0.002500s ]

[ 2016-01-27T20:41:16+08:00 ] ::1 /cog/
INFO: [ app_init ] --START--
INFO: Run Behavior\BuildLiteBehavior [ RunTime:0.000000s ]
INFO: [ app_init ] --END-- [ RunTime:0.002500s ]
INFO: [ app_begin ] --START--
INFO: Run Behavior\ReadHtmlCacheBehavior [ RunTime:0.000000s ]
INFO: [ app_begin ] --END-- [ RunTime:0.000000s ]
SQL: SHOW COLUMNS FROM `cog_follow` [ RunTime:0.0025s ]
SQL: SHOW COLUMNS FROM `cog_follow` [ RunTime:0.0050s ]
SQL: SELECT `follow_circle_id` FROM `cog_follow` WHERE `user_id` = 6 LIMIT 1   [ RunTime:0.0000s ]
SQL: SHOW COLUMNS FROM `cog_circle` [ RunTime:0.0050s ]
SQL: SELECT * FROM `cog_circle` WHERE `circle_id` = 2  [ RunTime:0.0025s ]
SQL: SELECT * FROM `cog_circle` WHERE `circle_id` = 1  [ RunTime:0.0000s ]
INFO: [ view_parse ] --START--
INFO: [ template_filter ] --START--
INFO: Run Behavior\ContentReplaceBehavior [ RunTime:0.000000s ]
INFO: [ template_filter ] --END-- [ RunTime:0.000000s ]
INFO: Run Behavior\ParseTemplateBehavior [ RunTime:0.010000s ]
INFO: [ view_parse ] --END-- [ RunTime:0.010000s ]
INFO: [ view_filter ] --START--
INFO: Run Behavior\WriteHtmlCacheBehavior [ RunTime:0.000000s ]
INFO: [ view_filter ] --END-- [ RunTime:0.000000s ]
INFO: [ app_end ] --START--
INFO: Run Behavior\ShowPageTraceBehavior [ RunTime:0.002500s ]
INFO: [ app_end ] --END-- [ RunTime:0.002500s ]

[ 2016-01-27T20:46:04+08:00 ] ::1 /cog/index.php/Home/Circle/test
INFO: [ app_init ] --START--
INFO: Run Behavior\BuildLiteBehavior [ RunTime:0.000000s ]
INFO: [ app_init ] --END-- [ RunTime:0.000000s ]
INFO: [ app_begin ] --START--
INFO: Run Behavior\ReadHtmlCacheBehavior [ RunTime:0.000000s ]
INFO: [ app_begin ] --END-- [ RunTime:0.000000s ]
SQL: SHOW COLUMNS FROM `cog_follow` [ RunTime:0.0050s ]
SQL: SHOW COLUMNS FROM `cog_follow` [ RunTime:0.0025s ]
SQL: SELECT `follow_circle_id` FROM `cog_follow` WHERE `user_id` = 6 LIMIT 1   [ RunTime:0.0025s ]
SQL: SHOW COLUMNS FROM `cog_circle` [ RunTime:0.0025s ]
SQL: SELECT * FROM `cog_circle` WHERE `circle_id` = 2  [ RunTime:0.0000s ]
SQL: SELECT * FROM `cog_circle` WHERE `circle_id` = 1  [ RunTime:0.0000s ]
INFO: [ app_end ] --START--
INFO: Run Behavior\ShowPageTraceBehavior [ RunTime:0.002500s ]
INFO: [ app_end ] --END-- [ RunTime:0.002500s ]

[ 2016-01-27T20:47:09+08:00 ] ::1 /cog/index.php/Home/Circle/test
INFO: [ app_init ] --START--
INFO: Run Behavior\BuildLiteBehavior [ RunTime:0.000000s ]
INFO: [ app_init ] --END-- [ RunTime:0.000000s ]
INFO: [ app_begin ] --START--
INFO: Run Behavior\ReadHtmlCacheBehavior [ RunTime:0.000000s ]
INFO: [ app_begin ] --END-- [ RunTime:0.000000s ]
SQL: SHOW COLUMNS FROM `cog_follow` [ RunTime:0.0000s ]
SQL: SHOW COLUMNS FROM `cog_follow` [ RunTime:0.0156s ]
SQL: SELECT `follow_circle_id` FROM `cog_follow` WHERE `user_id` = 6 LIMIT 1   [ RunTime:0.0025s ]
SQL: SHOW COLUMNS FROM `cog_circle` [ RunTime:0.0050s ]
SQL: SELECT * FROM `cog_circle` WHERE `circle_id` = 2  [ RunTime:0.0025s ]
SQL: SELECT * FROM `cog_circle` WHERE `circle_id` = 1  [ RunTime:0.0000s ]
INFO: [ app_end ] --START--
INFO: Run Behavior\ShowPageTraceBehavior [ RunTime:0.000000s ]
INFO: [ app_end ] --END-- [ RunTime:0.000000s ]

[ 2016-01-27T20:47:15+08:00 ] ::1 /cog/index.php/Home/Circle/test
INFO: [ app_init ] --START--
INFO: Run Behavior\BuildLiteBehavior [ RunTime:0.000000s ]
INFO: [ app_init ] --END-- [ RunTime:0.000000s ]
INFO: [ app_begin ] --START--
INFO: Run Behavior\ReadHtmlCacheBehavior [ RunTime:0.000000s ]
INFO: [ app_begin ] --END-- [ RunTime:0.000000s ]
SQL: SHOW COLUMNS FROM `cog_follow` [ RunTime:0.0025s ]
SQL: SHOW COLUMNS FROM `cog_follow` [ RunTime:0.0050s ]
SQL: SELECT `follow_circle_id` FROM `cog_follow` WHERE `user_id` = 6 LIMIT 1   [ RunTime:0.0000s ]
SQL: SHOW COLUMNS FROM `cog_circle` [ RunTime:0.0025s ]
SQL: SELECT * FROM `cog_circle` WHERE `circle_id` = 2  [ RunTime:0.0025s ]
SQL: SELECT * FROM `cog_circle` WHERE `circle_id` = 1  [ RunTime:0.0000s ]
INFO: [ app_end ] --START--
INFO: Run Behavior\ShowPageTraceBehavior [ RunTime:0.000000s ]
INFO: [ app_end ] --END-- [ RunTime:0.000000s ]

[ 2016-01-27T20:48:00+08:00 ] ::1 /cog/index.php/Home/Circle/test
INFO: [ app_init ] --START--
INFO: Run Behavior\BuildLiteBehavior [ RunTime:0.000000s ]
INFO: [ app_init ] --END-- [ RunTime:0.000000s ]
INFO: [ app_begin ] --START--
INFO: Run Behavior\ReadHtmlCacheBehavior [ RunTime:0.000000s ]
INFO: [ app_begin ] --END-- [ RunTime:0.000000s ]
SQL: SHOW COLUMNS FROM `cog_follow` [ RunTime:0.0050s ]
SQL: SHOW COLUMNS FROM `cog_follow` [ RunTime:0.0025s ]
SQL: SELECT `follow_circle_id` FROM `cog_follow` WHERE `user_id` = 6 LIMIT 1   [ RunTime:0.0000s ]
SQL: SHOW COLUMNS FROM `cog_circle` [ RunTime:0.0050s ]
SQL: SELECT * FROM `cog_circle` WHERE `circle_id` = 2  [ RunTime:0.0000s ]
SQL: SELECT * FROM `cog_circle` WHERE `circle_id` = 1  [ RunTime:0.0000s ]
INFO: [ app_end ] --START--
INFO: Run Behavior\ShowPageTraceBehavior [ RunTime:0.000000s ]
INFO: [ app_end ] --END-- [ RunTime:0.002500s ]

[ 2016-01-27T20:56:58+08:00 ] ::1 /cog/index.php/Home/Circle/test
INFO: [ app_init ] --START--
INFO: Run Behavior\BuildLiteBehavior [ RunTime:0.000000s ]
INFO: [ app_init ] --END-- [ RunTime:0.000000s ]
INFO: [ app_begin ] --START--
INFO: Run Behavior\ReadHtmlCacheBehavior [ RunTime:0.002500s ]
INFO: [ app_begin ] --END-- [ RunTime:0.002500s ]
SQL: SHOW COLUMNS FROM `cog_circle` [ RunTime:0.0025s ]
SQL: SHOW COLUMNS FROM `cog_user` [ RunTime:0.0025s ]
SQL: SELECT `circle_followers` FROM `cog_circle` WHERE `circle_id` = 1 LIMIT 1   [ RunTime:0.0025s ]
SQL: SELECT * FROM `cog_user` WHERE `User_id` = 6  [ RunTime:0.0000s ]
INFO: [ app_end ] --START--
INFO: Run Behavior\ShowPageTraceBehavior [ RunTime:0.000000s ]
INFO: [ app_end ] --END-- [ RunTime:0.002500s ]

[ 2016-01-27T21:08:34+08:00 ] ::1 /cog/index.php/Home/Game/index
INFO: [ app_init ] --START--
INFO: Run Behavior\BuildLiteBehavior [ RunTime:0.000000s ]
INFO: [ app_init ] --END-- [ RunTime:0.000000s ]
INFO: [ app_begin ] --START--
INFO: Run Behavior\ReadHtmlCacheBehavior [ RunTime:0.000000s ]
INFO: [ app_begin ] --END-- [ RunTime:0.000000s ]
INFO: [ view_parse ] --START--
INFO: [ template_filter ] --START--
INFO: Run Behavior\ContentReplaceBehavior [ RunTime:0.000000s ]
INFO: [ template_filter ] --END-- [ RunTime:0.000000s ]
INFO: Run Behavior\ParseTemplateBehavior [ RunTime:0.030000s ]
INFO: [ view_parse ] --END-- [ RunTime:0.030000s ]
INFO: [ view_filter ] --START--
INFO: Run Behavior\WriteHtmlCacheBehavior [ RunTime:0.000000s ]
INFO: [ view_filter ] --END-- [ RunTime:0.000000s ]
INFO: [ app_end ] --START--
INFO: Run Behavior\ShowPageTraceBehavior [ RunTime:0.002501s ]
INFO: [ app_end ] --END-- [ RunTime:0.002501s ]

[ 2016-01-27T21:08:34+08:00 ] ::1 /cog/index.php/Home/Game/img/%E5%88%9D%E5%A7%8B%E5%8C%96%E8%83%8C%E6%99%AF%E5%9B%BE.png
INFO: [ app_init ] --START--
INFO: Run Behavior\BuildLiteBehavior [ RunTime:0.000000s ]
INFO: [ app_init ] --END-- [ RunTime:0.000000s ]

[ 2016-01-27T21:08:35+08:00 ] ::1 /cog/index.php/Home/Circle/index
INFO: [ app_init ] --START--
INFO: Run Behavior\BuildLiteBehavior [ RunTime:0.000000s ]
INFO: [ app_init ] --END-- [ RunTime:0.000000s ]
INFO: [ app_begin ] --START--
INFO: Run Behavior\ReadHtmlCacheBehavior [ RunTime:0.002500s ]
INFO: [ app_begin ] --END-- [ RunTime:0.002500s ]
SQL: SHOW COLUMNS FROM `cog_circle` [ RunTime:0.0050s ]
SQL: select * from cog_circle order by circle_time desc limit 4 [ RunTime:0.0000s ]
INFO: [ view_parse ] --START--
INFO: [ template_filter ] --START--
INFO: Run Behavior\ContentReplaceBehavior [ RunTime:0.002500s ]
INFO: [ template_filter ] --END-- [ RunTime:0.002500s ]
INFO: Run Behavior\ParseTemplateBehavior [ RunTime:0.047501s ]
INFO: [ view_parse ] --END-- [ RunTime:0.050001s ]
INFO: [ view_filter ] --START--
INFO: Run Behavior\WriteHtmlCacheBehavior [ RunTime:0.000000s ]
INFO: [ view_filter ] --END-- [ RunTime:0.000000s ]
INFO: [ app_end ] --START--
INFO: Run Behavior\ShowPageTraceBehavior [ RunTime:0.000000s ]
INFO: [ app_end ] --END-- [ RunTime:0.000000s ]

[ 2016-01-27T21:08:35+08:00 ] ::1 /cog/index.php/Home/Circle/img/%E5%88%9D%E5%A7%8B%E5%8C%96%E8%83%8C%E6%99%AF%E5%9B%BE.png
INFO: [ app_init ] --START--
INFO: Run Behavior\BuildLiteBehavior [ RunTime:0.000000s ]
INFO: [ app_init ] --END-- [ RunTime:0.000000s ]

[ 2016-01-27T21:08:35+08:00 ] ::1 /cog/
INFO: [ app_init ] --START--
INFO: Run Behavior\BuildLiteBehavior [ RunTime:0.000000s ]
INFO: [ app_init ] --END-- [ RunTime:0.000000s ]
INFO: [ app_begin ] --START--
INFO: Run Behavior\ReadHtmlCacheBehavior [ RunTime:0.000000s ]
INFO: [ app_begin ] --END-- [ RunTime:0.000000s ]
SQL: SHOW COLUMNS FROM `cog_follow` [ RunTime:0.0050s ]
SQL: SHOW COLUMNS FROM `cog_follow` [ RunTime:0.0100s ]
SQL: SELECT `follow_circle_id` FROM `cog_follow` WHERE `user_id` = 6 LIMIT 1   [ RunTime:0.0000s ]
SQL: SHOW COLUMNS FROM `cog_circle` [ RunTime:0.0075s ]
SQL: SELECT * FROM `cog_circle` WHERE `circle_id` = 2  [ RunTime:0.0025s ]
SQL: SELECT * FROM `cog_circle` WHERE `circle_id` = 1  [ RunTime:0.0025s ]
INFO: [ view_parse ] --START--
INFO: [ template_filter ] --START--
INFO: Run Behavior\ContentReplaceBehavior [ RunTime:0.000000s ]
INFO: [ template_filter ] --END-- [ RunTime:0.000000s ]
INFO: Run Behavior\ParseTemplateBehavior [ RunTime:0.017501s ]
INFO: [ view_parse ] --END-- [ RunTime:0.017501s ]
INFO: [ view_filter ] --START--
INFO: Run Behavior\WriteHtmlCacheBehavior [ RunTime:0.000000s ]
INFO: [ view_filter ] --END-- [ RunTime:0.000000s ]
INFO: [ app_end ] --START--
INFO: Run Behavior\ShowPageTraceBehavior [ RunTime:0.002500s ]
INFO: [ app_end ] --END-- [ RunTime:0.002500s ]

[ 2016-01-27T21:08:36+08:00 ] ::1 /cog/index.php/Home/Game/index
INFO: [ app_init ] --START--
INFO: Run Behavior\BuildLiteBehavior [ RunTime:0.000000s ]
INFO: [ app_init ] --END-- [ RunTime:0.000000s ]
INFO: [ app_begin ] --START--
INFO: Run Behavior\ReadHtmlCacheBehavior [ RunTime:0.000000s ]
INFO: [ app_begin ] --END-- [ RunTime:0.000000s ]
INFO: [ view_parse ] --START--
INFO: [ template_filter ] --START--
INFO: Run Behavior\ContentReplaceBehavior [ RunTime:0.000000s ]
INFO: [ template_filter ] --END-- [ RunTime:0.000000s ]
INFO: Run Behavior\ParseTemplateBehavior [ RunTime:0.012500s ]
INFO: [ view_parse ] --END-- [ RunTime:0.012500s ]
INFO: [ view_filter ] --START--
INFO: Run Behavior\WriteHtmlCacheBehavior [ RunTime:0.000000s ]
INFO: [ view_filter ] --END-- [ RunTime:0.000000s ]
INFO: [ app_end ] --START--
INFO: Run Behavior\ShowPageTraceBehavior [ RunTime:0.002501s ]
INFO: [ app_end ] --END-- [ RunTime:0.002501s ]

[ 2016-01-27T21:08:36+08:00 ] ::1 /cog/index.php/Home/Game/img/%E5%88%9D%E5%A7%8B%E5%8C%96%E8%83%8C%E6%99%AF%E5%9B%BE.png
INFO: [ app_init ] --START--
INFO: Run Behavior\BuildLiteBehavior [ RunTime:0.000000s ]
INFO: [ app_init ] --END-- [ RunTime:0.002500s ]

[ 2016-01-27T21:08:37+08:00 ] ::1 /cog/index.php/Home/MyCircle/index
INFO: [ app_init ] --START--
INFO: Run Behavior\BuildLiteBehavior [ RunTime:0.000000s ]
INFO: [ app_init ] --END-- [ RunTime:0.000000s ]
INFO: [ app_begin ] --START--
INFO: Run Behavior\ReadHtmlCacheBehavior [ RunTime:0.000000s ]
INFO: [ app_begin ] --END-- [ RunTime:0.002500s ]
SQL: SHOW COLUMNS FROM `cog_follow` [ RunTime:0.0050s ]
SQL: SHOW COLUMNS FROM `cog_follow` [ RunTime:0.0050s ]
SQL: SELECT `follow_circle_id` FROM `cog_follow` WHERE `user_id` = 6 LIMIT 1   [ RunTime:0.0000s ]
SQL: SHOW COLUMNS FROM `cog_circle` [ RunTime:0.0050s ]
SQL: SHOW COLUMNS FROM `cog_circle` [ RunTime:0.0050s ]
SQL: SELECT * FROM `cog_circle` WHERE `circle_id` = 2  [ RunTime:0.0000s ]
SQL: SELECT * FROM `cog_circle` WHERE `circle_id` = 1  [ RunTime:0.0025s ]
SQL: SHOW COLUMNS FROM `cog_post` [ RunTime:0.0050s ]
NOTIC: [8] Undefined index: circle D:\XAMPP\htdocs\cog\cog\Home\Controller\MyCircleController.class.php 第 39 行.
SQL: SELECT * FROM `cog_post` WHERE `post_circle_id` = null ORDER BY post_time desc  [ RunTime:0.0000s ]
INFO: [ view_parse ] --START--
INFO: [ template_filter ] --START--
INFO: Run Behavior\ContentReplaceBehavior [ RunTime:0.000000s ]
INFO: [ template_filter ] --END-- [ RunTime:0.000000s ]
NOTIC: [8] Undefined variable: circle_post D:\XAMPP\htdocs\cog\cog\Runtime\Cache\Home\90032d7542d53d35ce6927c5db8742ee.php 第 57 行.
INFO: Run Behavior\ParseTemplateBehavior [ RunTime:0.040001s ]
INFO: [ view_parse ] --END-- [ RunTime:0.040001s ]
INFO: [ view_filter ] --START--
INFO: Run Behavior\WriteHtmlCacheBehavior [ RunTime:0.002500s ]
INFO: [ view_filter ] --END-- [ RunTime:0.002500s ]
INFO: [ app_end ] --START--
INFO: Run Behavior\ShowPageTraceBehavior [ RunTime:0.000000s ]
INFO: [ app_end ] --END-- [ RunTime:0.000000s ]

[ 2016-01-27T21:08:39+08:00 ] ::1 /cog/index.php/Home/Game/index
INFO: [ app_init ] --START--
INFO: Run Behavior\BuildLiteBehavior [ RunTime:0.000000s ]
INFO: [ app_init ] --END-- [ RunTime:0.000000s ]
INFO: [ app_begin ] --START--
INFO: Run Behavior\ReadHtmlCacheBehavior [ RunTime:0.002500s ]
INFO: [ app_begin ] --END-- [ RunTime:0.002500s ]
INFO: [ view_parse ] --START--
INFO: [ template_filter ] --START--
INFO: Run Behavior\ContentReplaceBehavior [ RunTime:0.002500s ]
INFO: [ template_filter ] --END-- [ RunTime:0.002500s ]
INFO: Run Behavior\ParseTemplateBehavior [ RunTime:0.010001s ]
INFO: [ view_parse ] --END-- [ RunTime:0.010001s ]
INFO: [ view_filter ] --START--
INFO: Run Behavior\WriteHtmlCacheBehavior [ RunTime:0.000000s ]
INFO: [ view_filter ] --END-- [ RunTime:0.000000s ]
INFO: [ app_end ] --START--
INFO: Run Behavior\ShowPageTraceBehavior [ RunTime:0.000000s ]
INFO: [ app_end ] --END-- [ RunTime:0.002500s ]

[ 2016-01-27T21:08:39+08:00 ] ::1 /cog/index.php/Home/Game/img/%E5%88%9D%E5%A7%8B%E5%8C%96%E8%83%8C%E6%99%AF%E5%9B%BE.png
INFO: [ app_init ] --START--
INFO: Run Behavior\BuildLiteBehavior [ RunTime:0.000000s ]
INFO: [ app_init ] --END-- [ RunTime:0.000000s ]

[ 2016-01-27T21:08:40+08:00 ] ::1 /cog/index.php/Home/Circle/index
INFO: [ app_init ] --START--
INFO: Run Behavior\BuildLiteBehavior [ RunTime:0.000000s ]
INFO: [ app_init ] --END-- [ RunTime:0.000000s ]
INFO: [ app_begin ] --START--
INFO: Run Behavior\ReadHtmlCacheBehavior [ RunTime:0.000000s ]
INFO: [ app_begin ] --END-- [ RunTime:0.000000s ]
SQL: SHOW COLUMNS FROM `cog_circle` [ RunTime:0.0050s ]
SQL: select * from cog_circle order by circle_time desc limit 4 [ RunTime:0.0000s ]
INFO: [ view_parse ] --START--
INFO: [ template_filter ] --START--
INFO: Run Behavior\ContentReplaceBehavior [ RunTime:0.000000s ]
INFO: [ template_filter ] --END-- [ RunTime:0.000000s ]
INFO: Run Behavior\ParseTemplateBehavior [ RunTime:0.017500s ]
INFO: [ view_parse ] --END-- [ RunTime:0.017500s ]
INFO: [ view_filter ] --START--
INFO: Run Behavior\WriteHtmlCacheBehavior [ RunTime:0.000000s ]
INFO: [ view_filter ] --END-- [ RunTime:0.000000s ]
INFO: [ app_end ] --START--
INFO: Run Behavior\ShowPageTraceBehavior [ RunTime:0.000000s ]
INFO: [ app_end ] --END-- [ RunTime:0.000000s ]

[ 2016-01-27T21:08:40+08:00 ] ::1 /cog/index.php/Home/Circle/img/%E5%88%9D%E5%A7%8B%E5%8C%96%E8%83%8C%E6%99%AF%E5%9B%BE.png
INFO: [ app_init ] --START--
INFO: Run Behavior\BuildLiteBehavior [ RunTime:0.000000s ]
INFO: [ app_init ] --END-- [ RunTime:0.000000s ]

[ 2016-01-27T21:08:40+08:00 ] ::1 /cog/
INFO: [ app_init ] --START--
INFO: Run Behavior\BuildLiteBehavior [ RunTime:0.000000s ]
INFO: [ app_init ] --END-- [ RunTime:0.000000s ]
INFO: [ app_begin ] --START--
INFO: Run Behavior\ReadHtmlCacheBehavior [ RunTime:0.000000s ]
INFO: [ app_begin ] --END-- [ RunTime:0.000000s ]
SQL: SHOW COLUMNS FROM `cog_follow` [ RunTime:0.0050s ]
SQL: SHOW COLUMNS FROM `cog_follow` [ RunTime:0.0050s ]
SQL: SELECT `follow_circle_id` FROM `cog_follow` WHERE `user_id` = 6 LIMIT 1   [ RunTime:0.0000s ]
SQL: SHOW COLUMNS FROM `cog_circle` [ RunTime:0.0050s ]
SQL: SELECT * FROM `cog_circle` WHERE `circle_id` = 2  [ RunTime:0.0000s ]
SQL: SELECT * FROM `cog_circle` WHERE `circle_id` = 1  [ RunTime:0.0000s ]
INFO: [ view_parse ] --START--
INFO: [ template_filter ] --START--
INFO: Run Behavior\ContentReplaceBehavior [ RunTime:0.000000s ]
INFO: [ template_filter ] --END-- [ RunTime:0.000000s ]
INFO: Run Behavior\ParseTemplateBehavior [ RunTime:0.017500s ]
INFO: [ view_parse ] --END-- [ RunTime:0.017500s ]
INFO: [ view_filter ] --START--
INFO: Run Behavior\WriteHtmlCacheBehavior [ RunTime:0.000000s ]
INFO: [ view_filter ] --END-- [ RunTime:0.000000s ]
INFO: [ app_end ] --START--
INFO: Run Behavior\ShowPageTraceBehavior [ RunTime:0.000000s ]
INFO: [ app_end ] --END-- [ RunTime:0.000000s ]

[ 2016-01-27T21:09:12+08:00 ] ::1 /cog/index.php/Home/Game/index
INFO: [ app_init ] --START--
INFO: Run Behavior\BuildLiteBehavior [ RunTime:0.000000s ]
INFO: [ app_init ] --END-- [ RunTime:0.000000s ]
INFO: [ app_begin ] --START--
INFO: Run Behavior\ReadHtmlCacheBehavior [ RunTime:0.002500s ]
INFO: [ app_begin ] --END-- [ RunTime:0.002500s ]
INFO: [ view_parse ] --START--
INFO: [ template_filter ] --START--
INFO: Run Behavior\ContentReplaceBehavior [ RunTime:0.000000s ]
INFO: [ template_filter ] --END-- [ RunTime:0.000000s ]
INFO: Run Behavior\ParseTemplateBehavior [ RunTime:0.012500s ]
INFO: [ view_parse ] --END-- [ RunTime:0.012500s ]
INFO: [ view_filter ] --START--
INFO: Run Behavior\WriteHtmlCacheBehavior [ RunTime:0.000000s ]
INFO: [ view_filter ] --END-- [ RunTime:0.002500s ]
INFO: [ app_end ] --START--
INFO: Run Behavior\ShowPageTraceBehavior [ RunTime:0.000000s ]
INFO: [ app_end ] --END-- [ RunTime:0.000000s ]

[ 2016-01-27T21:09:12+08:00 ] ::1 /cog/index.php/Home/Game/img/%E5%88%9D%E5%A7%8B%E5%8C%96%E8%83%8C%E6%99%AF%E5%9B%BE.png
INFO: [ app_init ] --START--
INFO: Run Behavior\BuildLiteBehavior [ RunTime:0.000000s ]
INFO: [ app_init ] --END-- [ RunTime:0.000000s ]

[ 2016-01-27T21:09:13+08:00 ] ::1 /cog/index.php/Home/Circle/index
INFO: [ app_init ] --START--
INFO: Run Behavior\BuildLiteBehavior [ RunTime:0.000000s ]
INFO: [ app_init ] --END-- [ RunTime:0.002500s ]
INFO: [ app_begin ] --START--
INFO: Run Behavior\ReadHtmlCacheBehavior [ RunTime:0.000000s ]
INFO: [ app_begin ] --END-- [ RunTime:0.000000s ]
SQL: SHOW COLUMNS FROM `cog_circle` [ RunTime:0.0025s ]
SQL: select * from cog_circle order by circle_time desc limit 4 [ RunTime:0.0025s ]
INFO: [ view_parse ] --START--
INFO: [ template_filter ] --START--
INFO: Run Behavior\ContentReplaceBehavior [ RunTime:0.000000s ]
INFO: [ template_filter ] --END-- [ RunTime:0.000000s ]
INFO: Run Behavior\ParseTemplateBehavior [ RunTime:0.010000s ]
INFO: [ view_parse ] --END-- [ RunTime:0.010000s ]
INFO: [ view_filter ] --START--
INFO: Run Behavior\WriteHtmlCacheBehavior [ RunTime:0.002500s ]
INFO: [ view_filter ] --END-- [ RunTime:0.002500s ]
INFO: [ app_end ] --START--
INFO: Run Behavior\ShowPageTraceBehavior [ RunTime:0.000000s ]
INFO: [ app_end ] --END-- [ RunTime:0.000000s ]

[ 2016-01-27T21:09:13+08:00 ] ::1 /cog/index.php/Home/Circle/img/%E5%88%9D%E5%A7%8B%E5%8C%96%E8%83%8C%E6%99%AF%E5%9B%BE.png
INFO: [ app_init ] --START--
INFO: Run Behavior\BuildLiteBehavior [ RunTime:0.000000s ]
INFO: [ app_init ] --END-- [ RunTime:0.002500s ]

[ 2016-01-27T21:09:13+08:00 ] ::1 /cog/
INFO: [ app_init ] --START--
INFO: Run Behavior\BuildLiteBehavior [ RunTime:0.000000s ]
INFO: [ app_init ] --END-- [ RunTime:0.000000s ]
INFO: [ app_begin ] --START--
INFO: Run Behavior\ReadHtmlCacheBehavior [ RunTime:0.000000s ]
INFO: [ app_begin ] --END-- [ RunTime:0.000000s ]
SQL: SHOW COLUMNS FROM `cog_follow` [ RunTime:0.0050s ]
SQL: SHOW COLUMNS FROM `cog_follow` [ RunTime:0.0025s ]
SQL: SELECT `follow_circle_id` FROM `cog_follow` WHERE `user_id` = 6 LIMIT 1   [ RunTime:0.0025s ]
SQL: SHOW COLUMNS FROM `cog_circle` [ RunTime:0.0025s ]
SQL: SELECT * FROM `cog_circle` WHERE `circle_id` = 2  [ RunTime:0.0000s ]
SQL: SELECT * FROM `cog_circle` WHERE `circle_id` = 1  [ RunTime:0.0000s ]
INFO: [ view_parse ] --START--
INFO: [ template_filter ] --START--
INFO: Run Behavior\ContentReplaceBehavior [ RunTime:0.000000s ]
INFO: [ template_filter ] --END-- [ RunTime:0.000000s ]
INFO: Run Behavior\ParseTemplateBehavior [ RunTime:0.017501s ]
INFO: [ view_parse ] --END-- [ RunTime:0.017501s ]
INFO: [ view_filter ] --START--
INFO: Run Behavior\WriteHtmlCacheBehavior [ RunTime:0.000000s ]
INFO: [ view_filter ] --END-- [ RunTime:0.000000s ]
INFO: [ app_end ] --START--
INFO: Run Behavior\ShowPageTraceBehavior [ RunTime:0.002500s ]
INFO: [ app_end ] --END-- [ RunTime:0.002500s ]

[ 2016-01-27T21:09:15+08:00 ] ::1 /cog/index.php/Home/Game/index
INFO: [ app_init ] --START--
INFO: Run Behavior\BuildLiteBehavior [ RunTime:0.000000s ]
INFO: [ app_init ] --END-- [ RunTime:0.002500s ]
INFO: [ app_begin ] --START--
INFO: Run Behavior\ReadHtmlCacheBehavior [ RunTime:0.000000s ]
INFO: [ app_begin ] --END-- [ RunTime:0.000000s ]
INFO: [ view_parse ] --START--
INFO: [ template_filter ] --START--
INFO: Run Behavior\ContentReplaceBehavior [ RunTime:0.000000s ]
INFO: [ template_filter ] --END-- [ RunTime:0.000000s ]
INFO: Run Behavior\ParseTemplateBehavior [ RunTime:0.007500s ]
INFO: [ view_parse ] --END-- [ RunTime:0.007500s ]
INFO: [ view_filter ] --START--
INFO: Run Behavior\WriteHtmlCacheBehavior [ RunTime:0.000000s ]
INFO: [ view_filter ] --END-- [ RunTime:0.002500s ]
INFO: [ app_end ] --START--
INFO: Run Behavior\ShowPageTraceBehavior [ RunTime:0.000000s ]
INFO: [ app_end ] --END-- [ RunTime:0.000000s ]

[ 2016-01-27T21:09:15+08:00 ] ::1 /cog/index.php/Home/Game/img/%E5%88%9D%E5%A7%8B%E5%8C%96%E8%83%8C%E6%99%AF%E5%9B%BE.png
INFO: [ app_init ] --START--
INFO: Run Behavior\BuildLiteBehavior [ RunTime:0.000000s ]
INFO: [ app_init ] --END-- [ RunTime:0.000000s ]

[ 2016-01-27T21:09:15+08:00 ] ::1 /cog/index.php/Home/Circle/index
INFO: [ app_init ] --START--
INFO: Run Behavior\BuildLiteBehavior [ RunTime:0.000000s ]
INFO: [ app_init ] --END-- [ RunTime:0.000000s ]
INFO: [ app_begin ] --START--
INFO: Run Behavior\ReadHtmlCacheBehavior [ RunTime:0.000000s ]
INFO: [ app_begin ] --END-- [ RunTime:0.000000s ]
SQL: SHOW COLUMNS FROM `cog_circle` [ RunTime:0.0050s ]
SQL: select * from cog_circle order by circle_time desc limit 4 [ RunTime:0.0000s ]
INFO: [ view_parse ] --START--
INFO: [ template_filter ] --START--
INFO: Run Behavior\ContentReplaceBehavior [ RunTime:0.000000s ]
INFO: [ template_filter ] --END-- [ RunTime:0.000000s ]
INFO: Run Behavior\ParseTemplateBehavior [ RunTime:0.012500s ]
INFO: [ view_parse ] --END-- [ RunTime:0.012500s ]
INFO: [ view_filter ] --START--
INFO: Run Behavior\WriteHtmlCacheBehavior [ RunTime:0.000000s ]
INFO: [ view_filter ] --END-- [ RunTime:0.000000s ]
INFO: [ app_end ] --START--
INFO: Run Behavior\ShowPageTraceBehavior [ RunTime:0.000000s ]
INFO: [ app_end ] --END-- [ RunTime:0.000000s ]

[ 2016-01-27T21:09:15+08:00 ] ::1 /cog/index.php/Home/Circle/img/%E5%88%9D%E5%A7%8B%E5%8C%96%E8%83%8C%E6%99%AF%E5%9B%BE.png
INFO: [ app_init ] --START--
INFO: Run Behavior\BuildLiteBehavior [ RunTime:0.000000s ]
INFO: [ app_init ] --END-- [ RunTime:0.000000s ]

[ 2016-01-27T21:09:16+08:00 ] ::1 /cog/
INFO: [ app_init ] --START--
INFO: Run Behavior\BuildLiteBehavior [ RunTime:0.000000s ]
INFO: [ app_init ] --END-- [ RunTime:0.002500s ]
INFO: [ app_begin ] --START--
INFO: Run Behavior\ReadHtmlCacheBehavior [ RunTime:0.000000s ]
INFO: [ app_begin ] --END-- [ RunTime:0.002500s ]
SQL: SHOW COLUMNS FROM `cog_follow` [ RunTime:0.0050s ]
SQL: SHOW COLUMNS FROM `cog_follow` [ RunTime:0.0100s ]
SQL: SELECT `follow_circle_id` FROM `cog_follow` WHERE `user_id` = 6 LIMIT 1   [ RunTime:0.0025s ]
SQL: SHOW COLUMNS FROM `cog_circle` [ RunTime:0.0075s ]
SQL: SELECT * FROM `cog_circle` WHERE `circle_id` = 2  [ RunTime:0.0000s ]
SQL: SELECT * FROM `cog_circle` WHERE `circle_id` = 1  [ RunTime:0.0000s ]
INFO: [ view_parse ] --START--
INFO: [ template_filter ] --START--
INFO: Run Behavior\ContentReplaceBehavior [ RunTime:0.000000s ]
INFO: [ template_filter ] --END-- [ RunTime:0.000000s ]
INFO: Run Behavior\ParseTemplateBehavior [ RunTime:0.020000s ]
INFO: [ view_parse ] --END-- [ RunTime:0.020000s ]
INFO: [ view_filter ] --START--
INFO: Run Behavior\WriteHtmlCacheBehavior [ RunTime:0.002500s ]
INFO: [ view_filter ] --END-- [ RunTime:0.002500s ]
INFO: [ app_end ] --START--
INFO: Run Behavior\ShowPageTraceBehavior [ RunTime:0.002500s ]
INFO: [ app_end ] --END-- [ RunTime:0.002500s ]

[ 2016-01-27T21:16:17+08:00 ] ::1 /cog/index.php/Home/Circle/test
INFO: [ app_init ] --START--
INFO: Run Behavior\BuildLiteBehavior [ RunTime:0.000000s ]
INFO: [ app_init ] --END-- [ RunTime:0.002500s ]
INFO: [ app_begin ] --START--
INFO: Run Behavior\ReadHtmlCacheBehavior [ RunTime:0.002501s ]
INFO: [ app_begin ] --END-- [ RunTime:0.002501s ]

[ 2016-01-27T21:16:30+08:00 ] ::1 /cog/index.php/Home/Circle/test
INFO: [ app_init ] --START--
INFO: Run Behavior\BuildLiteBehavior [ RunTime:0.000000s ]
INFO: [ app_init ] --END-- [ RunTime:0.000000s ]
INFO: [ app_begin ] --START--
INFO: Run Behavior\ReadHtmlCacheBehavior [ RunTime:0.000000s ]
INFO: [ app_begin ] --END-- [ RunTime:0.000000s ]
SQL: SHOW COLUMNS FROM `cog_circle` [ RunTime:0.0025s ]
SQL: SHOW COLUMNS FROM `cog_user` [ RunTime:0.0050s ]
SQL: SELECT `circle_followers` FROM `cog_circle` WHERE `circle_id` = 1 LIMIT 1   [ RunTime:0.0000s ]
SQL: SELECT * FROM `cog_user` WHERE `User_id` = 6  [ RunTime:0.0025s ]
NOTIC: [8] Undefined index: User_level D:\XAMPP\htdocs\cog\cog\Home\Controller\CircleController.class.php 第 227 行.
INFO: [ app_end ] --START--
INFO: Run Behavior\ShowPageTraceBehavior [ RunTime:0.000000s ]
INFO: [ app_end ] --END-- [ RunTime:0.000000s ]

[ 2016-01-27T21:17:51+08:00 ] ::1 /cog/index.php/Home/Circle/test
INFO: [ app_init ] --START--
INFO: Run Behavior\BuildLiteBehavior [ RunTime:0.000000s ]
INFO: [ app_init ] --END-- [ RunTime:0.000000s ]
INFO: [ app_begin ] --START--
INFO: Run Behavior\ReadHtmlCacheBehavior [ RunTime:0.002500s ]
INFO: [ app_begin ] --END-- [ RunTime:0.002500s ]
SQL: SHOW COLUMNS FROM `cog_circle` [ RunTime:0.0050s ]
SQL: SHOW COLUMNS FROM `cog_user` [ RunTime:0.0050s ]
SQL: SELECT `circle_followers` FROM `cog_circle` WHERE `circle_id` = 1 LIMIT 1   [ RunTime:0.0025s ]
SQL: SELECT * FROM `cog_user` WHERE `User_id` = 6  [ RunTime:0.0000s ]
INFO: [ app_end ] --START--
INFO: Run Behavior\ShowPageTraceBehavior [ RunTime:0.002500s ]
INFO: [ app_end ] --END-- [ RunTime:0.002500s ]

[ 2016-01-27T21:21:20+08:00 ] ::1 /cog/index.php/Home/Login/main_login
INFO: [ app_init ] --START--
INFO: Run Behavior\BuildLiteBehavior [ RunTime:0.000000s ]
INFO: [ app_init ] --END-- [ RunTime:0.002500s ]
INFO: [ app_begin ] --START--
INFO: Run Behavior\ReadHtmlCacheBehavior [ RunTime:0.002500s ]
INFO: [ app_begin ] --END-- [ RunTime:0.002500s ]
INFO: [ view_parse ] --START--
INFO: [ template_filter ] --START--
INFO: Run Behavior\ContentReplaceBehavior [ RunTime:0.000000s ]
INFO: [ template_filter ] --END-- [ RunTime:0.000000s ]
INFO: Run Behavior\ParseTemplateBehavior [ RunTime:0.012501s ]
INFO: [ view_parse ] --END-- [ RunTime:0.012501s ]
INFO: [ view_filter ] --START--
INFO: Run Behavior\WriteHtmlCacheBehavior [ RunTime:0.000000s ]
INFO: [ view_filter ] --END-- [ RunTime:0.000000s ]
INFO: [ app_end ] --START--
INFO: Run Behavior\ShowPageTraceBehavior [ RunTime:0.002500s ]
INFO: [ app_end ] --END-- [ RunTime:0.002500s ]

[ 2016-01-27T21:22:01+08:00 ] ::1 /cog/index.php/Home/Login/handle
INFO: [ app_init ] --START--
INFO: Run Behavior\BuildLiteBehavior [ RunTime:0.000000s ]
INFO: [ app_init ] --END-- [ RunTime:0.000000s ]
INFO: [ app_begin ] --START--
INFO: Run Behavior\ReadHtmlCacheBehavior [ RunTime:0.000000s ]
INFO: [ app_begin ] --END-- [ RunTime:0.000000s ]
SQL: SHOW COLUMNS FROM `cog_user` [ RunTime:0.0025s ]
SQL: SHOW COLUMNS FROM `cog_user` [ RunTime:0.0025s ]
SQL: SELECT * FROM `cog_user` WHERE `User_name` = '赵文奕' AND `User_password` = 'wen199604018'  [ RunTime:0.0000s ]
SQL: SHOW COLUMNS FROM `cog_user` [ RunTime:0.0050s ]
SQL: SELECT `User_id` FROM `cog_user` WHERE `User_name` = '赵文奕' AND `User_password` = 'wen199604018' LIMIT 1   [ RunTime:0.0000s ]
SQL: SELECT `User_headimg` FROM `cog_user` WHERE `User_name` = '赵文奕' AND `User_password` = 'wen199604018' LIMIT 1   [ RunTime:0.0025s ]

[ 2016-01-27T21:22:01+08:00 ] ::1 /cog/index.php/Home/Index/index.html
INFO: [ app_init ] --START--
INFO: Run Behavior\BuildLiteBehavior [ RunTime:0.000000s ]
INFO: [ app_init ] --END-- [ RunTime:0.000000s ]
INFO: [ app_begin ] --START--
INFO: Run Behavior\ReadHtmlCacheBehavior [ RunTime:0.000000s ]
INFO: [ app_begin ] --END-- [ RunTime:0.000000s ]
SQL: SHOW COLUMNS FROM `cog_follow` [ RunTime:0.0050s ]
SQL: SHOW COLUMNS FROM `cog_follow` [ RunTime:0.0025s ]
SQL: SELECT `follow_circle_id` FROM `cog_follow` WHERE `user_id` = 10 LIMIT 1   [ RunTime:0.0025s ]
SQL: SHOW COLUMNS FROM `cog_circle` [ RunTime:0.0050s ]
SQL: SELECT * FROM `cog_circle` WHERE `circle_id` = 1  [ RunTime:0.0000s ]
INFO: [ view_parse ] --START--
INFO: [ template_filter ] --START--
INFO: Run Behavior\ContentReplaceBehavior [ RunTime:0.000000s ]
INFO: [ template_filter ] --END-- [ RunTime:0.000000s ]
INFO: Run Behavior\ParseTemplateBehavior [ RunTime:0.012500s ]
INFO: [ view_parse ] --END-- [ RunTime:0.012500s ]
INFO: [ view_filter ] --START--
INFO: Run Behavior\WriteHtmlCacheBehavior [ RunTime:0.000000s ]
INFO: [ view_filter ] --END-- [ RunTime:0.000000s ]
INFO: [ app_end ] --START--
INFO: Run Behavior\ShowPageTraceBehavior [ RunTime:0.002500s ]
INFO: [ app_end ] --END-- [ RunTime:0.002500s ]

[ 2016-01-27T21:22:01+08:00 ] ::1 /cog/index.php/Home/Index/images/circle-position.png
INFO: [ app_init ] --START--
INFO: Run Behavior\BuildLiteBehavior [ RunTime:0.000000s ]
INFO: [ app_init ] --END-- [ RunTime:0.002500s ]

[ 2016-01-27T21:22:06+08:00 ] ::1 /cog/index.php/Home/Circle/circlesquare?circle_id=1
INFO: [ app_init ] --START--
INFO: Run Behavior\BuildLiteBehavior [ RunTime:0.000000s ]
INFO: [ app_init ] --END-- [ RunTime:0.000000s ]
INFO: [ app_begin ] --START--
INFO: Run Behavior\ReadHtmlCacheBehavior [ RunTime:0.002500s ]
INFO: [ app_begin ] --END-- [ RunTime:0.002500s ]
SQL: SHOW COLUMNS FROM `cog_circle` [ RunTime:0.0050s ]
SQL: SELECT * FROM `cog_circle` WHERE `circle_id` = 1  [ RunTime:0.0025s ]
SQL: SHOW COLUMNS FROM `cog_follow` [ RunTime:0.0025s ]
SQL: SELECT `follow_circle_id` FROM `cog_follow` WHERE `user_id` = 10 LIMIT 1   [ RunTime:0.0000s ]
SQL: SHOW COLUMNS FROM `cog_user` [ RunTime:0.0050s ]
SQL: SELECT * FROM `cog_user` WHERE `User_id` = 10  [ RunTime:0.0000s ]
SQL: SHOW COLUMNS FROM `cog_post` [ RunTime:0.0025s ]
SQL: SHOW COLUMNS FROM `cog_post` [ RunTime:0.0025s ]
SQL: SELECT * FROM `cog_post` WHERE `post_circle_id` = '1' ORDER BY post_time desc  [ RunTime:0.0000s ]
SQL: SELECT * FROM `cog_post` WHERE `post_circle_id` = '1' AND `post_boutique` = 1 ORDER BY post_time desc  [ RunTime:0.0000s ]
SQL: SELECT `User_collect` FROM `cog_user` WHERE `User_id` = 10 LIMIT 1   [ RunTime:0.0025s ]
SQL: SELECT * FROM `cog_post` WHERE `post_id` = 39  [ RunTime:0.0000s ]
INFO: [ view_parse ] --START--
INFO: [ template_filter ] --START--
INFO: Run Behavior\ContentReplaceBehavior [ RunTime:0.002500s ]
INFO: [ template_filter ] --END-- [ RunTime:0.002500s ]
NOTIC: [8] Undefined variable: user_headimg D:\XAMPP\htdocs\cog\cog\Runtime\Cache\Home\ca9c41a52fc865aec1eb2ef23c0790c0.php 第 35 行.
INFO: Run Behavior\ParseTemplateBehavior [ RunTime:0.080002s ]
INFO: [ view_parse ] --END-- [ RunTime:0.080002s ]
INFO: [ view_filter ] --START--
INFO: Run Behavior\WriteHtmlCacheBehavior [ RunTime:0.000000s ]
INFO: [ view_filter ] --END-- [ RunTime:0.000000s ]
INFO: [ app_end ] --START--
INFO: Run Behavior\ShowPageTraceBehavior [ RunTime:0.002500s ]
INFO: [ app_end ] --END-- [ RunTime:0.002500s ]

[ 2016-01-27T21:22:07+08:00 ] ::1 /cog/
INFO: [ app_init ] --START--
INFO: Run Behavior\BuildLiteBehavior [ RunTime:0.000000s ]
INFO: [ app_init ] --END-- [ RunTime:0.000000s ]
INFO: [ app_begin ] --START--
INFO: Run Behavior\ReadHtmlCacheBehavior [ RunTime:0.000000s ]
INFO: [ app_begin ] --END-- [ RunTime:0.000000s ]
SQL: SHOW COLUMNS FROM `cog_follow` [ RunTime:0.0050s ]
SQL: SHOW COLUMNS FROM `cog_follow` [ RunTime:0.0050s ]
SQL: SELECT `follow_circle_id` FROM `cog_follow` WHERE `user_id` = 10 LIMIT 1   [ RunTime:0.0000s ]
SQL: SHOW COLUMNS FROM `cog_circle` [ RunTime:0.0050s ]
SQL: SELECT * FROM `cog_circle` WHERE `circle_id` = 1  [ RunTime:0.0025s ]
INFO: [ view_parse ] --START--
INFO: [ template_filter ] --START--
INFO: Run Behavior\ContentReplaceBehavior [ RunTime:0.000000s ]
INFO: [ template_filter ] --END-- [ RunTime:0.000000s ]
INFO: Run Behavior\ParseTemplateBehavior [ RunTime:0.017501s ]
INFO: [ view_parse ] --END-- [ RunTime:0.017501s ]
INFO: [ view_filter ] --START--
INFO: Run Behavior\WriteHtmlCacheBehavior [ RunTime:0.000000s ]
INFO: [ view_filter ] --END-- [ RunTime:0.000000s ]
INFO: [ app_end ] --START--
INFO: Run Behavior\ShowPageTraceBehavior [ RunTime:0.002500s ]
INFO: [ app_end ] --END-- [ RunTime:0.002500s ]

[ 2016-01-27T21:22:13+08:00 ] ::1 /cog/index.php/Home/Circle/circlesquare?circle_id=1
INFO: [ app_init ] --START--
INFO: Run Behavior\BuildLiteBehavior [ RunTime:0.000000s ]
INFO: [ app_init ] --END-- [ RunTime:0.002500s ]
INFO: [ app_begin ] --START--
INFO: Run Behavior\ReadHtmlCacheBehavior [ RunTime:0.002500s ]
INFO: [ app_begin ] --END-- [ RunTime:0.002500s ]
SQL: SHOW COLUMNS FROM `cog_circle` [ RunTime:0.0025s ]
SQL: SELECT * FROM `cog_circle` WHERE `circle_id` = 1  [ RunTime:0.0025s ]
SQL: SHOW COLUMNS FROM `cog_follow` [ RunTime:0.0050s ]
SQL: SELECT `follow_circle_id` FROM `cog_follow` WHERE `user_id` = 10 LIMIT 1   [ RunTime:0.0000s ]
SQL: SHOW COLUMNS FROM `cog_user` [ RunTime:0.0025s ]
SQL: SELECT * FROM `cog_user` WHERE `User_id` = 10  [ RunTime:0.0025s ]
SQL: SHOW COLUMNS FROM `cog_post` [ RunTime:0.0025s ]
SQL: SHOW COLUMNS FROM `cog_post` [ RunTime:0.0050s ]
SQL: SELECT * FROM `cog_post` WHERE `post_circle_id` = '1' ORDER BY post_time desc  [ RunTime:0.0000s ]
SQL: SELECT * FROM `cog_post` WHERE `post_circle_id` = '1' AND `post_boutique` = 1 ORDER BY post_time desc  [ RunTime:0.0000s ]
SQL: SELECT `User_collect` FROM `cog_user` WHERE `User_id` = 10 LIMIT 1   [ RunTime:0.0000s ]
SQL: SELECT * FROM `cog_post` WHERE `post_id` = 39  [ RunTime:0.0025s ]
INFO: [ view_parse ] --START--
INFO: [ template_filter ] --START--
INFO: Run Behavior\ContentReplaceBehavior [ RunTime:0.000000s ]
INFO: [ template_filter ] --END-- [ RunTime:0.000000s ]
NOTIC: [8] Undefined variable: user_headimg D:\XAMPP\htdocs\cog\cog\Runtime\Cache\Home\ca9c41a52fc865aec1eb2ef23c0790c0.php 第 35 行.
INFO: Run Behavior\ParseTemplateBehavior [ RunTime:0.025001s ]
INFO: [ view_parse ] --END-- [ RunTime:0.025001s ]
INFO: [ view_filter ] --START--
INFO: Run Behavior\WriteHtmlCacheBehavior [ RunTime:0.000000s ]
INFO: [ view_filter ] --END-- [ RunTime:0.000000s ]
INFO: [ app_end ] --START--
INFO: Run Behavior\ShowPageTraceBehavior [ RunTime:0.000000s ]
INFO: [ app_end ] --END-- [ RunTime:0.000000s ]

[ 2016-01-27T21:22:13+08:00 ] ::1 /cog/
INFO: [ app_init ] --START--
INFO: Run Behavior\BuildLiteBehavior [ RunTime:0.000000s ]
INFO: [ app_init ] --END-- [ RunTime:0.000000s ]
INFO: [ app_begin ] --START--
INFO: Run Behavior\ReadHtmlCacheBehavior [ RunTime:0.002500s ]
INFO: [ app_begin ] --END-- [ RunTime:0.002500s ]
SQL: SHOW COLUMNS FROM `cog_follow` [ RunTime:0.0050s ]
SQL: SHOW COLUMNS FROM `cog_follow` [ RunTime:0.0050s ]
SQL: SELECT `follow_circle_id` FROM `cog_follow` WHERE `user_id` = 10 LIMIT 1   [ RunTime:0.0000s ]
SQL: SHOW COLUMNS FROM `cog_circle` [ RunTime:0.0050s ]
SQL: SELECT * FROM `cog_circle` WHERE `circle_id` = 1  [ RunTime:0.0000s ]
INFO: [ view_parse ] --START--
INFO: [ template_filter ] --START--
INFO: Run Behavior\ContentReplaceBehavior [ RunTime:0.000000s ]
INFO: [ template_filter ] --END-- [ RunTime:0.000000s ]
INFO: Run Behavior\ParseTemplateBehavior [ RunTime:0.017501s ]
INFO: [ view_parse ] --END-- [ RunTime:0.017501s ]
INFO: [ view_filter ] --START--
INFO: Run Behavior\WriteHtmlCacheBehavior [ RunTime:0.000000s ]
INFO: [ view_filter ] --END-- [ RunTime:0.000000s ]
INFO: [ app_end ] --START--
INFO: Run Behavior\ShowPageTraceBehavior [ RunTime:0.000000s ]
INFO: [ app_end ] --END-- [ RunTime:0.000000s ]

[ 2016-01-27T21:22:50+08:00 ] ::1 /cog/index.php/Home/Circle/circlesquare?circle_id=1
INFO: [ app_init ] --START--
INFO: Run Behavior\BuildLiteBehavior [ RunTime:0.000000s ]
INFO: [ app_init ] --END-- [ RunTime:0.000000s ]
INFO: [ app_begin ] --START--
INFO: Run Behavior\ReadHtmlCacheBehavior [ RunTime:0.000000s ]
INFO: [ app_begin ] --END-- [ RunTime:0.000000s ]
SQL: SHOW COLUMNS FROM `cog_circle` [ RunTime:0.0025s ]
SQL: SELECT * FROM `cog_circle` WHERE `circle_id` = 1  [ RunTime:0.0000s ]
SQL: SHOW COLUMNS FROM `cog_follow` [ RunTime:0.0050s ]
SQL: SELECT `follow_circle_id` FROM `cog_follow` WHERE `user_id` = 10 LIMIT 1   [ RunTime:0.0000s ]
SQL: SHOW COLUMNS FROM `cog_user` [ RunTime:0.0025s ]
SQL: SELECT * FROM `cog_user` WHERE `User_id` = 10  [ RunTime:0.0000s ]
SQL: SHOW COLUMNS FROM `cog_post` [ RunTime:0.0050s ]
SQL: SHOW COLUMNS FROM `cog_post` [ RunTime:0.0025s ]
SQL: SELECT * FROM `cog_post` WHERE `post_circle_id` = '1' ORDER BY post_time desc  [ RunTime:0.0025s ]
SQL: SELECT * FROM `cog_post` WHERE `post_circle_id` = '1' AND `post_boutique` = 1 ORDER BY post_time desc  [ RunTime:0.0000s ]
SQL: SELECT `User_collect` FROM `cog_user` WHERE `User_id` = 10 LIMIT 1   [ RunTime:0.0025s ]
SQL: SELECT * FROM `cog_post` WHERE `post_id` = 39  [ RunTime:0.0000s ]
INFO: [ view_parse ] --START--
INFO: [ template_filter ] --START--
INFO: Run Behavior\ContentReplaceBehavior [ RunTime:0.000000s ]
INFO: [ template_filter ] --END-- [ RunTime:0.000000s ]
NOTIC: [8] Undefined variable: user_headimg D:\XAMPP\htdocs\cog\cog\Runtime\Cache\Home\ca9c41a52fc865aec1eb2ef23c0790c0.php 第 35 行.
INFO: Run Behavior\ParseTemplateBehavior [ RunTime:0.025000s ]
INFO: [ view_parse ] --END-- [ RunTime:0.025000s ]
INFO: [ view_filter ] --START--
INFO: Run Behavior\WriteHtmlCacheBehavior [ RunTime:0.000000s ]
INFO: [ view_filter ] --END-- [ RunTime:0.000000s ]
INFO: [ app_end ] --START--
INFO: Run Behavior\ShowPageTraceBehavior [ RunTime:0.002500s ]
INFO: [ app_end ] --END-- [ RunTime:0.002500s ]

[ 2016-01-27T21:22:51+08:00 ] ::1 /cog/
INFO: [ app_init ] --START--
INFO: Run Behavior\BuildLiteBehavior [ RunTime:0.000000s ]
INFO: [ app_init ] --END-- [ RunTime:0.000000s ]
INFO: [ app_begin ] --START--
INFO: Run Behavior\ReadHtmlCacheBehavior [ RunTime:0.002500s ]
INFO: [ app_begin ] --END-- [ RunTime:0.002500s ]
SQL: SHOW COLUMNS FROM `cog_follow` [ RunTime:0.0075s ]
SQL: SHOW COLUMNS FROM `cog_follow` [ RunTime:0.0050s ]
SQL: SELECT `follow_circle_id` FROM `cog_follow` WHERE `user_id` = 10 LIMIT 1   [ RunTime:0.0025s ]
SQL: SHOW COLUMNS FROM `cog_circle` [ RunTime:0.0050s ]
SQL: SELECT * FROM `cog_circle` WHERE `circle_id` = 1  [ RunTime:0.0000s ]
INFO: [ view_parse ] --START--
INFO: [ template_filter ] --START--
INFO: Run Behavior\ContentReplaceBehavior [ RunTime:0.000000s ]
INFO: [ template_filter ] --END-- [ RunTime:0.000000s ]
INFO: Run Behavior\ParseTemplateBehavior [ RunTime:0.015000s ]
INFO: [ view_parse ] --END-- [ RunTime:0.015000s ]
INFO: [ view_filter ] --START--
INFO: Run Behavior\WriteHtmlCacheBehavior [ RunTime:0.000000s ]
INFO: [ view_filter ] --END-- [ RunTime:0.000000s ]
INFO: [ app_end ] --START--
INFO: Run Behavior\ShowPageTraceBehavior [ RunTime:0.000000s ]
INFO: [ app_end ] --END-- [ RunTime:0.000000s ]

[ 2016-01-27T21:22:54+08:00 ] ::1 /cog/index.php/Home/Circle/cancel_follow_circle
INFO: [ app_init ] --START--
INFO: Run Behavior\BuildLiteBehavior [ RunTime:0.000000s ]
INFO: [ app_init ] --END-- [ RunTime:0.002500s ]
INFO: [ app_begin ] --START--
INFO: Run Behavior\ReadHtmlCacheBehavior [ RunTime:0.000000s ]
INFO: [ app_begin ] --END-- [ RunTime:0.000000s ]
SQL: SHOW COLUMNS FROM `cog_follow` [ RunTime:0.0000s ]
SQL: SELECT `follow_circle_id` FROM `cog_follow` WHERE `user_id` = 10 LIMIT 1   [ RunTime:0.0000s ]
NOTIC: [2] implode(): Invalid arguments passed D:\XAMPP\htdocs\cog\cog\Home\Model\FollowModel.class.php 第 120 行.
SQL: UPDATE `cog_follow` SET `follow_circle_id`=NULL WHERE `user_id` = 10 [ RunTime:0.0468s ]
SQL: SHOW COLUMNS FROM `cog_circle` [ RunTime:0.0156s ]
SQL: SELECT `circle_followers` FROM `cog_circle` WHERE `circle_id` = 1 LIMIT 1   [ RunTime:0.0000s ]
SQL: UPDATE `cog_circle` SET `circle_followers`='6|1' WHERE `circle_id` = 1 [ RunTime:0.0312s ]

[ 2016-01-27T21:22:55+08:00 ] ::1 /cog/index.php/Home/Circle/circlesquare?circle_id=1
INFO: [ app_init ] --START--
INFO: Run Behavior\BuildLiteBehavior [ RunTime:0.000000s ]
INFO: [ app_init ] --END-- [ RunTime:0.000000s ]
INFO: [ app_begin ] --START--
INFO: Run Behavior\ReadHtmlCacheBehavior [ RunTime:0.000000s ]
INFO: [ app_begin ] --END-- [ RunTime:0.000000s ]
SQL: SHOW COLUMNS FROM `cog_circle` [ RunTime:0.0050s ]
SQL: SELECT * FROM `cog_circle` WHERE `circle_id` = 1  [ RunTime:0.0025s ]
SQL: SHOW COLUMNS FROM `cog_follow` [ RunTime:0.0650s ]
SQL: SELECT `follow_circle_id` FROM `cog_follow` WHERE `user_id` = 10 LIMIT 1   [ RunTime:0.0025s ]
SQL: SHOW COLUMNS FROM `cog_user` [ RunTime:0.0075s ]
SQL: SELECT * FROM `cog_user` WHERE `User_id` = 10  [ RunTime:0.0025s ]
SQL: SHOW COLUMNS FROM `cog_post` [ RunTime:0.0075s ]
SQL: SHOW COLUMNS FROM `cog_post` [ RunTime:0.0075s ]
SQL: SELECT * FROM `cog_post` WHERE `post_circle_id` = '1' ORDER BY post_time desc  [ RunTime:0.0000s ]
SQL: SELECT * FROM `cog_post` WHERE `post_circle_id` = '1' AND `post_boutique` = 1 ORDER BY post_time desc  [ RunTime:0.0025s ]
SQL: SELECT `User_collect` FROM `cog_user` WHERE `User_id` = 10 LIMIT 1   [ RunTime:0.0000s ]
SQL: SELECT * FROM `cog_post` WHERE `post_id` = 39  [ RunTime:0.0000s ]
INFO: [ view_parse ] --START--
INFO: [ template_filter ] --START--
INFO: Run Behavior\ContentReplaceBehavior [ RunTime:0.002500s ]
INFO: [ template_filter ] --END-- [ RunTime:0.002500s ]
NOTIC: [8] Undefined variable: user_headimg D:\XAMPP\htdocs\cog\cog\Runtime\Cache\Home\ca9c41a52fc865aec1eb2ef23c0790c0.php 第 35 行.
INFO: Run Behavior\ParseTemplateBehavior [ RunTime:0.042501s ]
INFO: [ view_parse ] --END-- [ RunTime:0.042501s ]
INFO: [ view_filter ] --START--
INFO: Run Behavior\WriteHtmlCacheBehavior [ RunTime:0.000000s ]
INFO: [ view_filter ] --END-- [ RunTime:0.000000s ]
INFO: [ app_end ] --START--
INFO: Run Behavior\ShowPageTraceBehavior [ RunTime:0.002500s ]
INFO: [ app_end ] --END-- [ RunTime:0.002500s ]

[ 2016-01-27T21:22:55+08:00 ] ::1 /cog/
INFO: [ app_init ] --START--
INFO: Run Behavior\BuildLiteBehavior [ RunTime:0.000000s ]
INFO: [ app_init ] --END-- [ RunTime:0.000000s ]
INFO: [ app_begin ] --START--
INFO: Run Behavior\ReadHtmlCacheBehavior [ RunTime:0.002500s ]
INFO: [ app_begin ] --END-- [ RunTime:0.002500s ]
SQL: SHOW COLUMNS FROM `cog_follow` [ RunTime:0.0050s ]
SQL: SHOW COLUMNS FROM `cog_follow` [ RunTime:0.0050s ]
SQL: SELECT `follow_circle_id` FROM `cog_follow` WHERE `user_id` = 10 LIMIT 1   [ RunTime:0.0000s ]
SQL: SHOW COLUMNS FROM `cog_circle` [ RunTime:0.0050s ]
SQL: SELECT * FROM `cog_circle` WHERE `circle_id` = 0  [ RunTime:0.0025s ]
INFO: [ view_parse ] --START--
INFO: [ template_filter ] --START--
INFO: Run Behavior\ContentReplaceBehavior [ RunTime:0.000000s ]
INFO: [ template_filter ] --END-- [ RunTime:0.000000s ]
INFO: Run Behavior\ParseTemplateBehavior [ RunTime:0.017501s ]
INFO: [ view_parse ] --END-- [ RunTime:0.017501s ]
INFO: [ view_filter ] --START--
INFO: Run Behavior\WriteHtmlCacheBehavior [ RunTime:0.000000s ]
INFO: [ view_filter ] --END-- [ RunTime:0.000000s ]
INFO: [ app_end ] --START--
INFO: Run Behavior\ShowPageTraceBehavior [ RunTime:0.002500s ]
INFO: [ app_end ] --END-- [ RunTime:0.002500s ]

[ 2016-01-27T21:23:19+08:00 ] ::1 /cog/index.php/Home/Circle/follow_circle
INFO: [ app_init ] --START--
INFO: Run Behavior\BuildLiteBehavior [ RunTime:0.000000s ]
INFO: [ app_init ] --END-- [ RunTime:0.000000s ]
INFO: [ app_begin ] --START--
INFO: Run Behavior\ReadHtmlCacheBehavior [ RunTime:0.000000s ]
INFO: [ app_begin ] --END-- [ RunTime:0.000000s ]
SQL: SHOW COLUMNS FROM `cog_follow` [ RunTime:0.0156s ]
SQL: SELECT `follow_circle_id` FROM `cog_follow` WHERE `user_id` = 10 LIMIT 1   [ RunTime:0.0000s ]
SQL: UPDATE `cog_follow` SET `follow_circle_id`='1' WHERE `user_id` = 10 [ RunTime:0.0312s ]
SQL: SHOW COLUMNS FROM `cog_circle` [ RunTime:0.0000s ]
SQL: SELECT `circle_followers` FROM `cog_circle` WHERE `circle_id` = 1 LIMIT 1   [ RunTime:0.0000s ]
SQL: UPDATE `cog_circle` SET `circle_followers`='6|10' WHERE `circle_id` = 1 [ RunTime:0.0000s ]

[ 2016-01-27T21:23:20+08:00 ] ::1 /cog/index.php/Home/Circle/circlesquare?circle_id=1
INFO: [ app_init ] --START--
INFO: Run Behavior\BuildLiteBehavior [ RunTime:0.000000s ]
INFO: [ app_init ] --END-- [ RunTime:0.002500s ]
INFO: [ app_begin ] --START--
INFO: Run Behavior\ReadHtmlCacheBehavior [ RunTime:0.005000s ]
INFO: [ app_begin ] --END-- [ RunTime:0.005000s ]
SQL: SHOW COLUMNS FROM `cog_circle` [ RunTime:0.0050s ]
SQL: SELECT * FROM `cog_circle` WHERE `circle_id` = 1  [ RunTime:0.0000s ]
SQL: SHOW COLUMNS FROM `cog_follow` [ RunTime:0.0050s ]
SQL: SELECT `follow_circle_id` FROM `cog_follow` WHERE `user_id` = 10 LIMIT 1   [ RunTime:0.0000s ]
SQL: SHOW COLUMNS FROM `cog_user` [ RunTime:0.0050s ]
SQL: SELECT * FROM `cog_user` WHERE `User_id` = 10  [ RunTime:0.0000s ]
SQL: SHOW COLUMNS FROM `cog_post` [ RunTime:0.0050s ]
SQL: SHOW COLUMNS FROM `cog_post` [ RunTime:0.0050s ]
SQL: SELECT * FROM `cog_post` WHERE `post_circle_id` = '1' ORDER BY post_time desc  [ RunTime:0.0025s ]
SQL: SELECT * FROM `cog_post` WHERE `post_circle_id` = '1' AND `post_boutique` = 1 ORDER BY post_time desc  [ RunTime:0.0000s ]
SQL: SELECT `User_collect` FROM `cog_user` WHERE `User_id` = 10 LIMIT 1   [ RunTime:0.0025s ]
SQL: SELECT * FROM `cog_post` WHERE `post_id` = 39  [ RunTime:0.0000s ]
INFO: [ view_parse ] --START--
INFO: [ template_filter ] --START--
INFO: Run Behavior\ContentReplaceBehavior [ RunTime:0.000000s ]
INFO: [ template_filter ] --END-- [ RunTime:0.000000s ]
NOTIC: [8] Undefined variable: user_headimg D:\XAMPP\htdocs\cog\cog\Runtime\Cache\Home\ca9c41a52fc865aec1eb2ef23c0790c0.php 第 35 行.
INFO: Run Behavior\ParseTemplateBehavior [ RunTime:0.042501s ]
INFO: [ view_parse ] --END-- [ RunTime:0.045001s ]
INFO: [ view_filter ] --START--
INFO: Run Behavior\WriteHtmlCacheBehavior [ RunTime:0.002500s ]
INFO: [ view_filter ] --END-- [ RunTime:0.005000s ]
INFO: [ app_end ] --START--
INFO: Run Behavior\ShowPageTraceBehavior [ RunTime:0.002500s ]
INFO: [ app_end ] --END-- [ RunTime:0.002500s ]

[ 2016-01-27T21:23:20+08:00 ] ::1 /cog/
INFO: [ app_init ] --START--
INFO: Run Behavior\BuildLiteBehavior [ RunTime:0.000000s ]
INFO: [ app_init ] --END-- [ RunTime:0.000000s ]
INFO: [ app_begin ] --START--
INFO: Run Behavior\ReadHtmlCacheBehavior [ RunTime:0.000000s ]
INFO: [ app_begin ] --END-- [ RunTime:0.000000s ]
SQL: SHOW COLUMNS FROM `cog_follow` [ RunTime:0.0050s ]
SQL: SHOW COLUMNS FROM `cog_follow` [ RunTime:0.0025s ]
SQL: SELECT `follow_circle_id` FROM `cog_follow` WHERE `user_id` = 10 LIMIT 1   [ RunTime:0.0000s ]
SQL: SHOW COLUMNS FROM `cog_circle` [ RunTime:0.0075s ]
SQL: SELECT * FROM `cog_circle` WHERE `circle_id` = 1  [ RunTime:0.0000s ]
INFO: [ view_parse ] --START--
INFO: [ template_filter ] --START--
INFO: Run Behavior\ContentReplaceBehavior [ RunTime:0.000000s ]
INFO: [ template_filter ] --END-- [ RunTime:0.000000s ]
INFO: Run Behavior\ParseTemplateBehavior [ RunTime:0.020001s ]
INFO: [ view_parse ] --END-- [ RunTime:0.020001s ]
INFO: [ view_filter ] --START--
INFO: Run Behavior\WriteHtmlCacheBehavior [ RunTime:0.000000s ]
INFO: [ view_filter ] --END-- [ RunTime:0.000000s ]
INFO: [ app_end ] --START--
INFO: Run Behavior\ShowPageTraceBehavior [ RunTime:0.002500s ]
INFO: [ app_end ] --END-- [ RunTime:0.002500s ]

[ 2016-01-27T21:23:31+08:00 ] ::1 /cog/index.php/Home/Circle/cancel_follow_circle
INFO: [ app_init ] --START--
INFO: Run Behavior\BuildLiteBehavior [ RunTime:0.000000s ]
INFO: [ app_init ] --END-- [ RunTime:0.000000s ]
INFO: [ app_begin ] --START--
INFO: Run Behavior\ReadHtmlCacheBehavior [ RunTime:0.000000s ]
INFO: [ app_begin ] --END-- [ RunTime:0.000000s ]
SQL: SHOW COLUMNS FROM `cog_follow` [ RunTime:0.0000s ]
SQL: SELECT `follow_circle_id` FROM `cog_follow` WHERE `user_id` = 10 LIMIT 1   [ RunTime:0.0000s ]
NOTIC: [2] implode(): Invalid arguments passed D:\XAMPP\htdocs\cog\cog\Home\Model\FollowModel.class.php 第 120 行.
SQL: UPDATE `cog_follow` SET `follow_circle_id`=NULL WHERE `user_id` = 10 [ RunTime:0.0312s ]
SQL: SHOW COLUMNS FROM `cog_circle` [ RunTime:0.0000s ]
SQL: SELECT `circle_followers` FROM `cog_circle` WHERE `circle_id` = 1 LIMIT 1   [ RunTime:0.0000s ]
SQL: UPDATE `cog_circle` SET `circle_followers`='6' WHERE `circle_id` = 1 [ RunTime:0.0156s ]

[ 2016-01-27T21:23:32+08:00 ] ::1 /cog/index.php/Home/Circle/circlesquare?circle_id=1
INFO: [ app_init ] --START--
INFO: Run Behavior\BuildLiteBehavior [ RunTime:0.000000s ]
INFO: [ app_init ] --END-- [ RunTime:0.000000s ]
INFO: [ app_begin ] --START--
INFO: Run Behavior\ReadHtmlCacheBehavior [ RunTime:0.002500s ]
INFO: [ app_begin ] --END-- [ RunTime:0.002500s ]
SQL: SHOW COLUMNS FROM `cog_circle` [ RunTime:0.0025s ]
SQL: SELECT * FROM `cog_circle` WHERE `circle_id` = 1  [ RunTime:0.0025s ]
SQL: SHOW COLUMNS FROM `cog_follow` [ RunTime:0.0050s ]
SQL: SELECT `follow_circle_id` FROM `cog_follow` WHERE `user_id` = 10 LIMIT 1   [ RunTime:0.0000s ]
SQL: SHOW COLUMNS FROM `cog_user` [ RunTime:0.0050s ]
SQL: SELECT * FROM `cog_user` WHERE `User_id` = 10  [ RunTime:0.0000s ]
SQL: SHOW COLUMNS FROM `cog_post` [ RunTime:0.0025s ]
SQL: SHOW COLUMNS FROM `cog_post` [ RunTime:0.0050s ]
SQL: SELECT * FROM `cog_post` WHERE `post_circle_id` = '1' ORDER BY post_time desc  [ RunTime:0.0000s ]
SQL: SELECT * FROM `cog_post` WHERE `post_circle_id` = '1' AND `post_boutique` = 1 ORDER BY post_time desc  [ RunTime:0.0025s ]
SQL: SELECT `User_collect` FROM `cog_user` WHERE `User_id` = 10 LIMIT 1   [ RunTime:0.0000s ]
SQL: SELECT * FROM `cog_post` WHERE `post_id` = 39  [ RunTime:0.0000s ]
INFO: [ view_parse ] --START--
INFO: [ template_filter ] --START--
INFO: Run Behavior\ContentReplaceBehavior [ RunTime:0.000000s ]
INFO: [ template_filter ] --END-- [ RunTime:0.000000s ]
NOTIC: [8] Undefined variable: user_headimg D:\XAMPP\htdocs\cog\cog\Runtime\Cache\Home\ca9c41a52fc865aec1eb2ef23c0790c0.php 第 35 行.
INFO: Run Behavior\ParseTemplateBehavior [ RunTime:0.025000s ]
INFO: [ view_parse ] --END-- [ RunTime:0.025000s ]
INFO: [ view_filter ] --START--
INFO: Run Behavior\WriteHtmlCacheBehavior [ RunTime:0.000000s ]
INFO: [ view_filter ] --END-- [ RunTime:0.000000s ]
INFO: [ app_end ] --START--
INFO: Run Behavior\ShowPageTraceBehavior [ RunTime:0.002500s ]
INFO: [ app_end ] --END-- [ RunTime:0.002500s ]

[ 2016-01-27T21:23:32+08:00 ] ::1 /cog/
INFO: [ app_init ] --START--
INFO: Run Behavior\BuildLiteBehavior [ RunTime:0.000000s ]
INFO: [ app_init ] --END-- [ RunTime:0.002500s ]
INFO: [ app_begin ] --START--
INFO: Run Behavior\ReadHtmlCacheBehavior [ RunTime:0.002500s ]
INFO: [ app_begin ] --END-- [ RunTime:0.002500s ]
SQL: SHOW COLUMNS FROM `cog_follow` [ RunTime:0.0050s ]
SQL: SHOW COLUMNS FROM `cog_follow` [ RunTime:0.0050s ]
SQL: SELECT `follow_circle_id` FROM `cog_follow` WHERE `user_id` = 10 LIMIT 1   [ RunTime:0.0000s ]
SQL: SHOW COLUMNS FROM `cog_circle` [ RunTime:0.0050s ]
SQL: SELECT * FROM `cog_circle` WHERE `circle_id` = 0  [ RunTime:0.0000s ]
INFO: [ view_parse ] --START--
INFO: [ template_filter ] --START--
INFO: Run Behavior\ContentReplaceBehavior [ RunTime:0.000000s ]
INFO: [ template_filter ] --END-- [ RunTime:0.000000s ]
INFO: Run Behavior\ParseTemplateBehavior [ RunTime:0.015000s ]
INFO: [ view_parse ] --END-- [ RunTime:0.015000s ]
INFO: [ view_filter ] --START--
INFO: Run Behavior\WriteHtmlCacheBehavior [ RunTime:0.000000s ]
INFO: [ view_filter ] --END-- [ RunTime:0.000000s ]
INFO: [ app_end ] --START--
INFO: Run Behavior\ShowPageTraceBehavior [ RunTime:0.002500s ]
INFO: [ app_end ] --END-- [ RunTime:0.002500s ]

[ 2016-01-27T21:23:41+08:00 ] ::1 /cog/index.php/Home/Circle/follow_circle
INFO: [ app_init ] --START--
INFO: Run Behavior\BuildLiteBehavior [ RunTime:0.000000s ]
INFO: [ app_init ] --END-- [ RunTime:0.000000s ]
INFO: [ app_begin ] --START--
INFO: Run Behavior\ReadHtmlCacheBehavior [ RunTime:0.002500s ]
INFO: [ app_begin ] --END-- [ RunTime:0.002500s ]
SQL: SHOW COLUMNS FROM `cog_follow` [ RunTime:0.0050s ]
SQL: SELECT `follow_circle_id` FROM `cog_follow` WHERE `user_id` = 10 LIMIT 1   [ RunTime:0.0000s ]
SQL: UPDATE `cog_follow` SET `follow_circle_id`='1' WHERE `user_id` = 10 [ RunTime:0.0281s ]
SQL: SHOW COLUMNS FROM `cog_circle` [ RunTime:0.0156s ]
SQL: SELECT `circle_followers` FROM `cog_circle` WHERE `circle_id` = 1 LIMIT 1   [ RunTime:0.0000s ]
SQL: UPDATE `cog_circle` SET `circle_followers`='6|10' WHERE `circle_id` = 1 [ RunTime:0.0156s ]

[ 2016-01-27T21:23:42+08:00 ] ::1 /cog/index.php/Home/Circle/circlesquare?circle_id=1
INFO: [ app_init ] --START--
INFO: Run Behavior\BuildLiteBehavior [ RunTime:0.000000s ]
INFO: [ app_init ] --END-- [ RunTime:0.000000s ]
INFO: [ app_begin ] --START--
INFO: Run Behavior\ReadHtmlCacheBehavior [ RunTime:0.000000s ]
INFO: [ app_begin ] --END-- [ RunTime:0.000000s ]
SQL: SHOW COLUMNS FROM `cog_circle` [ RunTime:0.0050s ]
SQL: SELECT * FROM `cog_circle` WHERE `circle_id` = 1  [ RunTime:0.0000s ]
SQL: SHOW COLUMNS FROM `cog_follow` [ RunTime:0.0050s ]
SQL: SELECT `follow_circle_id` FROM `cog_follow` WHERE `user_id` = 10 LIMIT 1   [ RunTime:0.0000s ]
SQL: SHOW COLUMNS FROM `cog_user` [ RunTime:0.0050s ]
SQL: SELECT * FROM `cog_user` WHERE `User_id` = 10  [ RunTime:0.0000s ]
SQL: SHOW COLUMNS FROM `cog_post` [ RunTime:0.0050s ]
SQL: SHOW COLUMNS FROM `cog_post` [ RunTime:0.0050s ]
SQL: SELECT * FROM `cog_post` WHERE `post_circle_id` = '1' ORDER BY post_time desc  [ RunTime:0.0025s ]
SQL: SELECT * FROM `cog_post` WHERE `post_circle_id` = '1' AND `post_boutique` = 1 ORDER BY post_time desc  [ RunTime:0.0000s ]
SQL: SELECT `User_collect` FROM `cog_user` WHERE `User_id` = 10 LIMIT 1   [ RunTime:0.0025s ]
SQL: SELECT * FROM `cog_post` WHERE `post_id` = 39  [ RunTime:0.0000s ]
INFO: [ view_parse ] --START--
INFO: [ template_filter ] --START--
INFO: Run Behavior\ContentReplaceBehavior [ RunTime:0.000000s ]
INFO: [ template_filter ] --END-- [ RunTime:0.000000s ]
NOTIC: [8] Undefined variable: user_headimg D:\XAMPP\htdocs\cog\cog\Runtime\Cache\Home\ca9c41a52fc865aec1eb2ef23c0790c0.php 第 35 行.
INFO: Run Behavior\ParseTemplateBehavior [ RunTime:0.037500s ]
INFO: [ view_parse ] --END-- [ RunTime:0.037500s ]
INFO: [ view_filter ] --START--
INFO: Run Behavior\WriteHtmlCacheBehavior [ RunTime:0.000000s ]
INFO: [ view_filter ] --END-- [ RunTime:0.000000s ]
INFO: [ app_end ] --START--
INFO: Run Behavior\ShowPageTraceBehavior [ RunTime:0.000000s ]
INFO: [ app_end ] --END-- [ RunTime:0.000000s ]

[ 2016-01-27T21:23:42+08:00 ] ::1 /cog/
INFO: [ app_init ] --START--
INFO: Run Behavior\BuildLiteBehavior [ RunTime:0.000000s ]
INFO: [ app_init ] --END-- [ RunTime:0.000000s ]
INFO: [ app_begin ] --START--
INFO: Run Behavior\ReadHtmlCacheBehavior [ RunTime:0.002500s ]
INFO: [ app_begin ] --END-- [ RunTime:0.002500s ]
SQL: SHOW COLUMNS FROM `cog_follow` [ RunTime:0.0050s ]
SQL: SHOW COLUMNS FROM `cog_follow` [ RunTime:0.0050s ]
SQL: SELECT `follow_circle_id` FROM `cog_follow` WHERE `user_id` = 10 LIMIT 1   [ RunTime:0.0025s ]
SQL: SHOW COLUMNS FROM `cog_circle` [ RunTime:0.0050s ]
SQL: SELECT * FROM `cog_circle` WHERE `circle_id` = 1  [ RunTime:0.0025s ]
INFO: [ view_parse ] --START--
INFO: [ template_filter ] --START--
INFO: Run Behavior\ContentReplaceBehavior [ RunTime:0.000000s ]
INFO: [ template_filter ] --END-- [ RunTime:0.000000s ]
INFO: Run Behavior\ParseTemplateBehavior [ RunTime:0.017500s ]
INFO: [ view_parse ] --END-- [ RunTime:0.017500s ]
INFO: [ view_filter ] --START--
INFO: Run Behavior\WriteHtmlCacheBehavior [ RunTime:0.002500s ]
INFO: [ view_filter ] --END-- [ RunTime:0.002500s ]
INFO: [ app_end ] --START--
INFO: Run Behavior\ShowPageTraceBehavior [ RunTime:0.000000s ]
INFO: [ app_end ] --END-- [ RunTime:0.000000s ]

[ 2016-01-27T21:26:23+08:00 ] ::1 /cog/index.php/Home/Circle/test
INFO: [ app_init ] --START--
INFO: Run Behavior\BuildLiteBehavior [ RunTime:0.000000s ]
INFO: [ app_init ] --END-- [ RunTime:0.002500s ]
INFO: [ app_begin ] --START--
INFO: Run Behavior\ReadHtmlCacheBehavior [ RunTime:0.002500s ]
INFO: [ app_begin ] --END-- [ RunTime:0.002500s ]
SQL: SHOW COLUMNS FROM `cog_circle` [ RunTime:0.0050s ]
SQL: SHOW COLUMNS FROM `cog_user` [ RunTime:0.0050s ]
SQL: SELECT `circle_followers` FROM `cog_circle` WHERE `circle_id` = 1 LIMIT 1   [ RunTime:0.0000s ]
SQL: SELECT * FROM `cog_user` WHERE `User_id` = 6  [ RunTime:0.0025s ]
SQL: SELECT * FROM `cog_user` WHERE `User_id` = 10  [ RunTime:0.0000s ]
INFO: [ app_end ] --START--
INFO: Run Behavior\ShowPageTraceBehavior [ RunTime:0.002500s ]
INFO: [ app_end ] --END-- [ RunTime:0.002500s ]

[ 2016-01-27T21:26:42+08:00 ] ::1 /cog/index.php/Home/Circle/test
INFO: [ app_init ] --START--
INFO: Run Behavior\BuildLiteBehavior [ RunTime:0.000000s ]
INFO: [ app_init ] --END-- [ RunTime:0.002500s ]
INFO: [ app_begin ] --START--
INFO: Run Behavior\ReadHtmlCacheBehavior [ RunTime:0.000000s ]
INFO: [ app_begin ] --END-- [ RunTime:0.002500s ]
SQL: SHOW COLUMNS FROM `cog_circle` [ RunTime:0.0050s ]
SQL: SHOW COLUMNS FROM `cog_user` [ RunTime:0.0050s ]
SQL: SELECT `circle_followers` FROM `cog_circle` WHERE `circle_id` = 1 LIMIT 1   [ RunTime:0.0000s ]
SQL: SELECT * FROM `cog_user` WHERE `User_id` = 6  [ RunTime:0.0000s ]
SQL: SELECT * FROM `cog_user` WHERE `User_id` = 10  [ RunTime:0.0000s ]
INFO: [ app_end ] --START--
INFO: Run Behavior\ShowPageTraceBehavior [ RunTime:0.000000s ]
INFO: [ app_end ] --END-- [ RunTime:0.000000s ]

[ 2016-01-27T21:27:30+08:00 ] ::1 /cog/index.php/Home/Circle/test
INFO: [ app_init ] --START--
INFO: Run Behavior\BuildLiteBehavior [ RunTime:0.000000s ]
INFO: [ app_init ] --END-- [ RunTime:0.002500s ]
INFO: [ app_begin ] --START--
INFO: Run Behavior\ReadHtmlCacheBehavior [ RunTime:0.000000s ]
INFO: [ app_begin ] --END-- [ RunTime:0.000000s ]
SQL: SHOW COLUMNS FROM `cog_circle` [ RunTime:0.0025s ]
SQL: SHOW COLUMNS FROM `cog_user` [ RunTime:0.0025s ]
SQL: SELECT `circle_followers` FROM `cog_circle` WHERE `circle_id` = 1 LIMIT 1   [ RunTime:0.0000s ]
SQL: SELECT * FROM `cog_user` WHERE `User_id` = 6  [ RunTime:0.0000s ]
SQL: SELECT * FROM `cog_user` WHERE `User_id` = 10  [ RunTime:0.0000s ]
INFO: [ app_end ] --START--
INFO: Run Behavior\ShowPageTraceBehavior [ RunTime:0.002500s ]
INFO: [ app_end ] --END-- [ RunTime:0.002500s ]

[ 2016-01-27T21:35:12+08:00 ] ::1 /cog/index.php/Home/Index/index
INFO: [ app_init ] --START--
INFO: Run Behavior\BuildLiteBehavior [ RunTime:0.000000s ]
INFO: [ app_init ] --END-- [ RunTime:0.002500s ]
INFO: [ app_begin ] --START--
INFO: Run Behavior\ReadHtmlCacheBehavior [ RunTime:0.002500s ]
INFO: [ app_begin ] --END-- [ RunTime:0.002500s ]
SQL: SHOW COLUMNS FROM `cog_follow` [ RunTime:0.0025s ]
SQL: SHOW COLUMNS FROM `cog_follow` [ RunTime:0.0050s ]
SQL: SELECT `follow_circle_id` FROM `cog_follow` WHERE `user_id` = 10 LIMIT 1   [ RunTime:0.0000s ]
SQL: SHOW COLUMNS FROM `cog_circle` [ RunTime:0.0025s ]
SQL: SELECT * FROM `cog_circle` WHERE `circle_id` = 1  [ RunTime:0.0000s ]
INFO: [ view_parse ] --START--
INFO: [ template_filter ] --START--
INFO: Run Behavior\ContentReplaceBehavior [ RunTime:0.000000s ]
INFO: [ template_filter ] --END-- [ RunTime:0.000000s ]
INFO: Run Behavior\ParseTemplateBehavior [ RunTime:0.017500s ]
INFO: [ view_parse ] --END-- [ RunTime:0.017500s ]
INFO: [ view_filter ] --START--
INFO: Run Behavior\WriteHtmlCacheBehavior [ RunTime:0.002500s ]
INFO: [ view_filter ] --END-- [ RunTime:0.002500s ]
INFO: [ app_end ] --START--
INFO: Run Behavior\ShowPageTraceBehavior [ RunTime:0.002500s ]
INFO: [ app_end ] --END-- [ RunTime:0.002500s ]

[ 2016-01-27T21:35:12+08:00 ] ::1 /cog/index.php/Home/Index/images/circle-position.png
INFO: [ app_init ] --START--
INFO: Run Behavior\BuildLiteBehavior [ RunTime:0.000000s ]
INFO: [ app_init ] --END-- [ RunTime:0.000000s ]

[ 2016-01-27T21:35:12+08:00 ] ::1 /cog/index.php/Home/Index/images/circle-numbers.png
INFO: [ app_init ] --START--
INFO: Run Behavior\BuildLiteBehavior [ RunTime:0.000000s ]
INFO: [ app_init ] --END-- [ RunTime:0.000000s ]

[ 2016-01-27T21:35:13+08:00 ] ::1 /cog/index.php/Home/Circle/index
INFO: [ app_init ] --START--
INFO: Run Behavior\BuildLiteBehavior [ RunTime:0.000000s ]
INFO: [ app_init ] --END-- [ RunTime:0.002500s ]
INFO: [ app_begin ] --START--
INFO: Run Behavior\ReadHtmlCacheBehavior [ RunTime:0.000000s ]
INFO: [ app_begin ] --END-- [ RunTime:0.000000s ]
SQL: SHOW COLUMNS FROM `cog_circle` [ RunTime:0.0050s ]
SQL: select * from cog_circle order by circle_time desc limit 4 [ RunTime:0.0000s ]
INFO: [ view_parse ] --START--
INFO: [ template_filter ] --START--
INFO: Run Behavior\ContentReplaceBehavior [ RunTime:0.000000s ]
INFO: [ template_filter ] --END-- [ RunTime:0.000000s ]
INFO: Run Behavior\ParseTemplateBehavior [ RunTime:0.027500s ]
INFO: [ view_parse ] --END-- [ RunTime:0.027500s ]
INFO: [ view_filter ] --START--
INFO: Run Behavior\WriteHtmlCacheBehavior [ RunTime:0.002500s ]
INFO: [ view_filter ] --END-- [ RunTime:0.002500s ]
INFO: [ app_end ] --START--
INFO: Run Behavior\ShowPageTraceBehavior [ RunTime:0.000000s ]
INFO: [ app_end ] --END-- [ RunTime:0.000000s ]

[ 2016-01-27T21:35:13+08:00 ] ::1 /cog/index.php/Home/Circle/img/%E5%88%9D%E5%A7%8B%E5%8C%96%E8%83%8C%E6%99%AF%E5%9B%BE.png
INFO: [ app_init ] --START--
INFO: Run Behavior\BuildLiteBehavior [ RunTime:0.000000s ]
INFO: [ app_init ] --END-- [ RunTime:0.000000s ]

[ 2016-01-27T21:35:13+08:00 ] ::1 /cog/
INFO: [ app_init ] --START--
INFO: Run Behavior\BuildLiteBehavior [ RunTime:0.000000s ]
INFO: [ app_init ] --END-- [ RunTime:0.000000s ]
INFO: [ app_begin ] --START--
INFO: Run Behavior\ReadHtmlCacheBehavior [ RunTime:0.002500s ]
INFO: [ app_begin ] --END-- [ RunTime:0.002500s ]
SQL: SHOW COLUMNS FROM `cog_follow` [ RunTime:0.0050s ]
SQL: SHOW COLUMNS FROM `cog_follow` [ RunTime:0.0050s ]
SQL: SELECT `follow_circle_id` FROM `cog_follow` WHERE `user_id` = 10 LIMIT 1   [ RunTime:0.0000s ]
SQL: SHOW COLUMNS FROM `cog_circle` [ RunTime:0.0050s ]
SQL: SELECT * FROM `cog_circle` WHERE `circle_id` = 1  [ RunTime:0.0025s ]
INFO: [ view_parse ] --START--
INFO: [ template_filter ] --START--
INFO: Run Behavior\ContentReplaceBehavior [ RunTime:0.000000s ]
INFO: [ template_filter ] --END-- [ RunTime:0.000000s ]
INFO: Run Behavior\ParseTemplateBehavior [ RunTime:0.017501s ]
INFO: [ view_parse ] --END-- [ RunTime:0.017501s ]
INFO: [ view_filter ] --START--
INFO: Run Behavior\WriteHtmlCacheBehavior [ RunTime:0.002500s ]
INFO: [ view_filter ] --END-- [ RunTime:0.002500s ]
INFO: [ app_end ] --START--
INFO: Run Behavior\ShowPageTraceBehavior [ RunTime:0.000000s ]
INFO: [ app_end ] --END-- [ RunTime:0.000000s ]

[ 2016-01-27T21:35:14+08:00 ] ::1 /cog/index.php/Home/Game/index
INFO: [ app_init ] --START--
INFO: Run Behavior\BuildLiteBehavior [ RunTime:0.000000s ]
INFO: [ app_init ] --END-- [ RunTime:0.000000s ]
INFO: [ app_begin ] --START--
INFO: Run Behavior\ReadHtmlCacheBehavior [ RunTime:0.000000s ]
INFO: [ app_begin ] --END-- [ RunTime:0.000000s ]
INFO: [ view_parse ] --START--
INFO: [ template_filter ] --START--
INFO: Run Behavior\ContentReplaceBehavior [ RunTime:0.000000s ]
INFO: [ template_filter ] --END-- [ RunTime:0.000000s ]
INFO: Run Behavior\ParseTemplateBehavior [ RunTime:0.015000s ]
INFO: [ view_parse ] --END-- [ RunTime:0.015000s ]
INFO: [ view_filter ] --START--
INFO: Run Behavior\WriteHtmlCacheBehavior [ RunTime:0.000000s ]
INFO: [ view_filter ] --END-- [ RunTime:0.000000s ]
INFO: [ app_end ] --START--
INFO: Run Behavior\ShowPageTraceBehavior [ RunTime:0.000000s ]
INFO: [ app_end ] --END-- [ RunTime:0.000000s ]

[ 2016-01-27T21:35:14+08:00 ] ::1 /cog/index.php/Home/Game/img/%E5%88%9D%E5%A7%8B%E5%8C%96%E8%83%8C%E6%99%AF%E5%9B%BE.png
INFO: [ app_init ] --START--
INFO: Run Behavior\BuildLiteBehavior [ RunTime:0.000000s ]
INFO: [ app_init ] --END-- [ RunTime:0.000000s ]

[ 2016-01-27T21:35:17+08:00 ] ::1 /cog/index.php/Home/Circle/index
INFO: [ app_init ] --START--
INFO: Run Behavior\BuildLiteBehavior [ RunTime:0.000000s ]
INFO: [ app_init ] --END-- [ RunTime:0.000000s ]
INFO: [ app_begin ] --START--
INFO: Run Behavior\ReadHtmlCacheBehavior [ RunTime:0.000000s ]
INFO: [ app_begin ] --END-- [ RunTime:0.000000s ]
SQL: SHOW COLUMNS FROM `cog_circle` [ RunTime:0.0025s ]
SQL: select * from cog_circle order by circle_time desc limit 4 [ RunTime:0.0025s ]
INFO: [ view_parse ] --START--
INFO: [ template_filter ] --START--
INFO: Run Behavior\ContentReplaceBehavior [ RunTime:0.000000s ]
INFO: [ template_filter ] --END-- [ RunTime:0.000000s ]
INFO: Run Behavior\ParseTemplateBehavior [ RunTime:0.012500s ]
INFO: [ view_parse ] --END-- [ RunTime:0.012500s ]
INFO: [ view_filter ] --START--
INFO: Run Behavior\WriteHtmlCacheBehavior [ RunTime:0.000000s ]
INFO: [ view_filter ] --END-- [ RunTime:0.000000s ]
INFO: [ app_end ] --START--
INFO: Run Behavior\ShowPageTraceBehavior [ RunTime:0.000000s ]
INFO: [ app_end ] --END-- [ RunTime:0.000000s ]

[ 2016-01-27T21:35:17+08:00 ] ::1 /cog/index.php/Home/Circle/img/%E5%88%9D%E5%A7%8B%E5%8C%96%E8%83%8C%E6%99%AF%E5%9B%BE.png
INFO: [ app_init ] --START--
INFO: Run Behavior\BuildLiteBehavior [ RunTime:0.000000s ]
INFO: [ app_init ] --END-- [ RunTime:0.000000s ]

[ 2016-01-27T21:35:17+08:00 ] ::1 /cog/
INFO: [ app_init ] --START--
INFO: Run Behavior\BuildLiteBehavior [ RunTime:0.000000s ]
INFO: [ app_init ] --END-- [ RunTime:0.000000s ]
INFO: [ app_begin ] --START--
INFO: Run Behavior\ReadHtmlCacheBehavior [ RunTime:0.000000s ]
INFO: [ app_begin ] --END-- [ RunTime:0.000000s ]
SQL: SHOW COLUMNS FROM `cog_follow` [ RunTime:0.0050s ]
SQL: SHOW COLUMNS FROM `cog_follow` [ RunTime:0.0050s ]
SQL: SELECT `follow_circle_id` FROM `cog_follow` WHERE `user_id` = 10 LIMIT 1   [ RunTime:0.0000s ]
SQL: SHOW COLUMNS FROM `cog_circle` [ RunTime:0.0050s ]
SQL: SELECT * FROM `cog_circle` WHERE `circle_id` = 1  [ RunTime:0.0025s ]
INFO: [ view_parse ] --START--
INFO: [ template_filter ] --START--
INFO: Run Behavior\ContentReplaceBehavior [ RunTime:0.000000s ]
INFO: [ template_filter ] --END-- [ RunTime:0.000000s ]
INFO: Run Behavior\ParseTemplateBehavior [ RunTime:0.015000s ]
INFO: [ view_parse ] --END-- [ RunTime:0.015000s ]
INFO: [ view_filter ] --START--
INFO: Run Behavior\WriteHtmlCacheBehavior [ RunTime:0.002500s ]
INFO: [ view_filter ] --END-- [ RunTime:0.002500s ]
INFO: [ app_end ] --START--
INFO: Run Behavior\ShowPageTraceBehavior [ RunTime:0.000000s ]
INFO: [ app_end ] --END-- [ RunTime:0.000000s ]

[ 2016-01-27T21:35:19+08:00 ] ::1 /cog/index.php/Home/Circle/circlesquare?circle_id=1
INFO: [ app_init ] --START--
INFO: Run Behavior\BuildLiteBehavior [ RunTime:0.000000s ]
INFO: [ app_init ] --END-- [ RunTime:0.000000s ]
INFO: [ app_begin ] --START--
INFO: Run Behavior\ReadHtmlCacheBehavior [ RunTime:0.002500s ]
INFO: [ app_begin ] --END-- [ RunTime:0.002500s ]
SQL: SHOW COLUMNS FROM `cog_circle` [ RunTime:0.0075s ]
SQL: SELECT * FROM `cog_circle` WHERE `circle_id` = 1  [ RunTime:0.0000s ]
SQL: SHOW COLUMNS FROM `cog_follow` [ RunTime:0.0025s ]
SQL: SELECT `follow_circle_id` FROM `cog_follow` WHERE `user_id` = 10 LIMIT 1   [ RunTime:0.0000s ]
SQL: SHOW COLUMNS FROM `cog_user` [ RunTime:0.0025s ]
SQL: SELECT * FROM `cog_user` WHERE `User_id` = 10  [ RunTime:0.0025s ]
SQL: SHOW COLUMNS FROM `cog_post` [ RunTime:0.0050s ]
SQL: SHOW COLUMNS FROM `cog_post` [ RunTime:0.0025s ]
SQL: SELECT * FROM `cog_post` WHERE `post_circle_id` = '1' ORDER BY post_time desc  [ RunTime:0.0000s ]
SQL: SELECT * FROM `cog_post` WHERE `post_circle_id` = '1' AND `post_boutique` = 1 ORDER BY post_time desc  [ RunTime:0.0000s ]
SQL: SELECT `User_collect` FROM `cog_user` WHERE `User_id` = 10 LIMIT 1   [ RunTime:0.0000s ]
SQL: SELECT * FROM `cog_post` WHERE `post_id` = 39  [ RunTime:0.0025s ]
INFO: [ view_parse ] --START--
INFO: [ template_filter ] --START--
INFO: Run Behavior\ContentReplaceBehavior [ RunTime:0.000000s ]
INFO: [ template_filter ] --END-- [ RunTime:0.000000s ]
NOTIC: [8] Undefined variable: user_headimg D:\XAMPP\htdocs\cog\cog\Runtime\Cache\Home\ca9c41a52fc865aec1eb2ef23c0790c0.php 第 35 行.
INFO: Run Behavior\ParseTemplateBehavior [ RunTime:0.025000s ]
INFO: [ view_parse ] --END-- [ RunTime:0.025000s ]
INFO: [ view_filter ] --START--
INFO: Run Behavior\WriteHtmlCacheBehavior [ RunTime:0.000000s ]
INFO: [ view_filter ] --END-- [ RunTime:0.000000s ]
INFO: [ app_end ] --START--
INFO: Run Behavior\ShowPageTraceBehavior [ RunTime:0.002500s ]
INFO: [ app_end ] --END-- [ RunTime:0.002500s ]

[ 2016-01-27T21:35:19+08:00 ] ::1 /cog/
INFO: [ app_init ] --START--
INFO: Run Behavior\BuildLiteBehavior [ RunTime:0.000000s ]
INFO: [ app_init ] --END-- [ RunTime:0.000000s ]
INFO: [ app_begin ] --START--
INFO: Run Behavior\ReadHtmlCacheBehavior [ RunTime:0.002500s ]
INFO: [ app_begin ] --END-- [ RunTime:0.002500s ]
SQL: SHOW COLUMNS FROM `cog_follow` [ RunTime:0.0025s ]
SQL: SHOW COLUMNS FROM `cog_follow` [ RunTime:0.0075s ]
SQL: SELECT `follow_circle_id` FROM `cog_follow` WHERE `user_id` = 10 LIMIT 1   [ RunTime:0.0000s ]
SQL: SHOW COLUMNS FROM `cog_circle` [ RunTime:0.0050s ]
SQL: SELECT * FROM `cog_circle` WHERE `circle_id` = 1  [ RunTime:0.0000s ]
INFO: [ view_parse ] --START--
INFO: [ template_filter ] --START--
INFO: Run Behavior\ContentReplaceBehavior [ RunTime:0.000000s ]
INFO: [ template_filter ] --END-- [ RunTime:0.000000s ]
INFO: Run Behavior\ParseTemplateBehavior [ RunTime:0.015000s ]
INFO: [ view_parse ] --END-- [ RunTime:0.015000s ]
INFO: [ view_filter ] --START--
INFO: Run Behavior\WriteHtmlCacheBehavior [ RunTime:0.002500s ]
INFO: [ view_filter ] --END-- [ RunTime:0.002500s ]
INFO: [ app_end ] --START--
INFO: Run Behavior\ShowPageTraceBehavior [ RunTime:0.000000s ]
INFO: [ app_end ] --END-- [ RunTime:0.000000s ]

[ 2016-01-27T21:50:07+08:00 ] ::1 /cog/index.php/Home/Circle/test
INFO: [ app_init ] --START--
INFO: Run Behavior\BuildLiteBehavior [ RunTime:0.000000s ]
INFO: [ app_init ] --END-- [ RunTime:0.002500s ]
INFO: [ app_begin ] --START--
INFO: Run Behavior\ReadHtmlCacheBehavior [ RunTime:0.000000s ]
INFO: [ app_begin ] --END-- [ RunTime:0.000000s ]
SQL: SHOW COLUMNS FROM `cog_post` [ RunTime:0.0050s ]
SQL: SELECT * FROM `cog_post` WHERE `post_circle_id` = 1 AND `post_game` = '英雄联盟' ORDER BY post_time desc  [ RunTime:0.0000s ]
INFO: [ app_end ] --START--
INFO: Run Behavior\ShowPageTraceBehavior [ RunTime:0.002500s ]
INFO: [ app_end ] --END-- [ RunTime:0.002500s ]

[ 2016-01-27T21:50:19+08:00 ] ::1 /cog/index.php/Home/Circle/test
INFO: [ app_init ] --START--
INFO: Run Behavior\BuildLiteBehavior [ RunTime:0.000000s ]
INFO: [ app_init ] --END-- [ RunTime:0.000000s ]
INFO: [ app_begin ] --START--
INFO: Run Behavior\ReadHtmlCacheBehavior [ RunTime:0.000000s ]
INFO: [ app_begin ] --END-- [ RunTime:0.000000s ]
SQL: SHOW COLUMNS FROM `cog_post` [ RunTime:0.0050s ]
SQL: SELECT * FROM `cog_post` WHERE `post_circle_id` = 1 AND `post_game` = '英雄联盟' ORDER BY post_time desc  [ RunTime:0.0000s ]
INFO: [ app_end ] --START--
INFO: Run Behavior\ShowPageTraceBehavior [ RunTime:0.002500s ]
INFO: [ app_end ] --END-- [ RunTime:0.002500s ]

