[ 2016-03-02T09:47:40+08:00 ] ::1 /cog/index.php/Home/Login/login
INFO: [ app_init ] --START--
INFO: Run Behavior\BuildLiteBehavior [ RunTime:0.000000s ]
INFO: [ app_init ] --END-- [ RunTime:0.015600s ]
INFO: [ app_begin ] --START--
INFO: Run Behavior\ReadHtmlCacheBehavior [ RunTime:0.004001s ]
INFO: [ app_begin ] --END-- [ RunTime:0.004001s ]
INFO: [ view_parse ] --START--
INFO: [ template_filter ] --START--
INFO: Run Behavior\ContentReplaceBehavior [ RunTime:0.000000s ]
INFO: [ template_filter ] --END-- [ RunTime:0.000000s ]
INFO: Run Behavior\ParseTemplateBehavior [ RunTime:0.124800s ]
INFO: [ view_parse ] --END-- [ RunTime:0.124800s ]
INFO: [ view_filter ] --START--
INFO: Run Behavior\WriteHtmlCacheBehavior [ RunTime:0.031200s ]
INFO: [ view_filter ] --END-- [ RunTime:0.031200s ]
INFO: [ app_end ] --START--
INFO: Run Behavior\ShowPageTraceBehavior [ RunTime:0.031200s ]
INFO: [ app_end ] --END-- [ RunTime:0.031200s ]

[ 2016-03-02T09:47:52+08:00 ] ::1 /cog/index.php/Home/Login/main_login
INFO: [ app_init ] --START--
INFO: Run Behavior\BuildLiteBehavior [ RunTime:0.000000s ]
INFO: [ app_init ] --END-- [ RunTime:0.000000s ]
INFO: [ app_begin ] --START--
INFO: Run Behavior\ReadHtmlCacheBehavior [ RunTime:0.002000s ]
INFO: [ app_begin ] --END-- [ RunTime:0.002000s ]
INFO: [ view_parse ] --START--
INFO: [ template_filter ] --START--
INFO: Run Behavior\ContentReplaceBehavior [ RunTime:0.000000s ]
INFO: [ template_filter ] --END-- [ RunTime:0.000000s ]
INFO: Run Behavior\ParseTemplateBehavior [ RunTime:0.082005s ]
INFO: [ view_parse ] --END-- [ RunTime:0.082005s ]
INFO: [ view_filter ] --START--
INFO: Run Behavior\WriteHtmlCacheBehavior [ RunTime:0.001000s ]
INFO: [ view_filter ] --END-- [ RunTime:0.001000s ]
INFO: [ app_end ] --START--
INFO: Run Behavior\ShowPageTraceBehavior [ RunTime:0.002000s ]
INFO: [ app_end ] --END-- [ RunTime:0.002000s ]

[ 2016-03-02T09:48:00+08:00 ] ::1 /cog/index.php/Home/Login/handle
INFO: [ app_init ] --START--
INFO: Run Behavior\BuildLiteBehavior [ RunTime:0.000000s ]
INFO: [ app_init ] --END-- [ RunTime:0.001001s ]
INFO: [ app_begin ] --START--
INFO: Run Behavior\ReadHtmlCacheBehavior [ RunTime:0.000000s ]
INFO: [ app_begin ] --END-- [ RunTime:0.000000s ]
SQL: SHOW COLUMNS FROM `cog_user` [ RunTime:0.2850s ]
SQL: SHOW COLUMNS FROM `cog_user` [ RunTime:0.0060s ]
SQL: SELECT * FROM `cog_user` WHERE `User_name` = 'root' AND `User_password` = 'root'  [ RunTime:0.0020s ]
SQL: SHOW COLUMNS FROM `cog_user` [ RunTime:0.0060s ]
SQL: SELECT `User_id` FROM `cog_user` WHERE `User_name` = 'root' AND `User_password` = 'root' LIMIT 1   [ RunTime:0.0010s ]
SQL: SELECT `User_headimg` FROM `cog_user` WHERE `User_name` = 'root' AND `User_password` = 'root' LIMIT 1   [ RunTime:0.0010s ]

[ 2016-03-02T09:48:01+08:00 ] ::1 /cog/index.php/Home/Management/index.html
INFO: [ app_init ] --START--
INFO: Run Behavior\BuildLiteBehavior [ RunTime:0.000000s ]
INFO: [ app_init ] --END-- [ RunTime:0.000000s ]
INFO: [ app_begin ] --START--
INFO: Run Behavior\ReadHtmlCacheBehavior [ RunTime:0.001000s ]
INFO: [ app_begin ] --END-- [ RunTime:0.001000s ]
SQL: SHOW COLUMNS FROM `cog_post` [ RunTime:0.1030s ]
SQL: select * from cog_post order by post_time desc [ RunTime:0.0020s ]
SQL: SHOW COLUMNS FROM `cog_circle` [ RunTime:0.1240s ]
SQL: SELECT * FROM `cog_circle`  [ RunTime:0.0010s ]
SQL: SHOW COLUMNS FROM `cog_news` [ RunTime:0.5230s ]
SQL: SELECT * FROM `cog_news` ORDER BY news_id desc  [ RunTime:0.0020s ]
SQL: SHOW COLUMNS FROM `cog_user` [ RunTime:0.0050s ]
SQL: SELECT * FROM `cog_user`  [ RunTime:0.0020s ]
SQL: SELECT * FROM `cog_circle`  [ RunTime:0.0010s ]
INFO: [ view_parse ] --START--
INFO: [ template_filter ] --START--
INFO: Run Behavior\ContentReplaceBehavior [ RunTime:0.000000s ]
INFO: [ template_filter ] --END-- [ RunTime:0.000000s ]
NOTIC: [8] Undefined variable: user_headimg D:\XAMPP\htdocs\cog\cog\Runtime\Cache\Home\1614d034cc473f37f0bc9813ba39f318.php 第 134 行.
NOTIC: [8] Undefined variable: user_headimg D:\XAMPP\htdocs\cog\cog\Runtime\Cache\Home\1614d034cc473f37f0bc9813ba39f318.php 第 134 行.
NOTIC: [8] Undefined variable: user_headimg D:\XAMPP\htdocs\cog\cog\Runtime\Cache\Home\1614d034cc473f37f0bc9813ba39f318.php 第 134 行.
NOTIC: [8] Undefined variable: user_headimg D:\XAMPP\htdocs\cog\cog\Runtime\Cache\Home\1614d034cc473f37f0bc9813ba39f318.php 第 134 行.
NOTIC: [8] Undefined variable: user_headimg D:\XAMPP\htdocs\cog\cog\Runtime\Cache\Home\1614d034cc473f37f0bc9813ba39f318.php 第 134 行.
NOTIC: [8] Undefined variable: user_headimg D:\XAMPP\htdocs\cog\cog\Runtime\Cache\Home\1614d034cc473f37f0bc9813ba39f318.php 第 134 行.
NOTIC: [8] Undefined variable: user_headimg D:\XAMPP\htdocs\cog\cog\Runtime\Cache\Home\1614d034cc473f37f0bc9813ba39f318.php 第 134 行.
NOTIC: [8] Undefined variable: user_headimg D:\XAMPP\htdocs\cog\cog\Runtime\Cache\Home\1614d034cc473f37f0bc9813ba39f318.php 第 134 行.
NOTIC: [8] Undefined variable: user_headimg D:\XAMPP\htdocs\cog\cog\Runtime\Cache\Home\1614d034cc473f37f0bc9813ba39f318.php 第 134 行.
NOTIC: [8] Undefined variable: user_headimg D:\XAMPP\htdocs\cog\cog\Runtime\Cache\Home\1614d034cc473f37f0bc9813ba39f318.php 第 134 行.
INFO: Run Behavior\ParseTemplateBehavior [ RunTime:0.205012s ]
INFO: [ view_parse ] --END-- [ RunTime:0.205012s ]
INFO: [ view_filter ] --START--
INFO: Run Behavior\WriteHtmlCacheBehavior [ RunTime:0.001000s ]
INFO: [ view_filter ] --END-- [ RunTime:0.001000s ]
INFO: [ app_end ] --START--
INFO: Run Behavior\ShowPageTraceBehavior [ RunTime:0.001000s ]
INFO: [ app_end ] --END-- [ RunTime:0.002000s ]

[ 2016-03-02T09:48:03+08:00 ] ::1 /cog/
INFO: [ app_init ] --START--
INFO: Run Behavior\BuildLiteBehavior [ RunTime:0.000000s ]
INFO: [ app_init ] --END-- [ RunTime:0.001000s ]
INFO: [ app_begin ] --START--
INFO: Run Behavior\ReadHtmlCacheBehavior [ RunTime:0.000000s ]
INFO: [ app_begin ] --END-- [ RunTime:0.001000s ]
SQL: SHOW COLUMNS FROM `cog_follow` [ RunTime:0.1740s ]
SQL: SHOW COLUMNS FROM `cog_follow` [ RunTime:0.0060s ]
SQL: SELECT `follow_circle_id` FROM `cog_follow` WHERE `user_id` = 1 LIMIT 1   [ RunTime:0.0010s ]
SQL: SHOW COLUMNS FROM `cog_circle` [ RunTime:0.0040s ]
NOTIC: [8] Undefined variable: circle_res D:\XAMPP\htdocs\cog\cog\Home\Controller\IndexController.class.php 第 26 行.
SQL: select post_circle_id ,circle_name,circle_location,count(post_circle_id) as num,circle_img
		      from cog_post,cog_circle
		      where cog_post.post_time >= '2016-01-15 00:00:00' and cog_post.post_time <='2016-01-15 24:00:00' and
		            cog_post.post_circle_id=cog_circle.circle_id
		      group by post_circle_id
		      order by num desc
		       [ RunTime:0.0010s ]
SQL: SHOW COLUMNS FROM `cog_post` [ RunTime:0.0080s ]
SQL: select cog_post.post_id,circle_name,post_time,post_title,post_content,count(cog_comment.post_id) as num
    	      from cog_post,cog_comment,cog_circle
    	      where cog_post.post_id=cog_comment.post_id and
    	            cog_post.post_circle_id=cog_circle.circle_id
    	      group by  cog_comment.post_id
    	      order by num desc
    	  [ RunTime:0.1890s ]
SQL: SHOW COLUMNS FROM `cog_news` [ RunTime:0.0050s ]
SQL: SELECT * FROM `cog_news` ORDER BY news_id desc  [ RunTime:0.0010s ]
INFO: [ view_parse ] --START--
INFO: [ template_filter ] --START--
INFO: Run Behavior\ContentReplaceBehavior [ RunTime:0.000000s ]
INFO: [ template_filter ] --END-- [ RunTime:0.000000s ]
NOTIC: [8] Undefined variable: hotCircle D:\XAMPP\htdocs\cog\cog\Runtime\Cache\Home\604111f318b0b63c756a387c928552aa.php 第 30 行.
INFO: Run Behavior\ParseTemplateBehavior [ RunTime:0.178011s ]
INFO: [ view_parse ] --END-- [ RunTime:0.179011s ]
INFO: [ view_filter ] --START--
INFO: Run Behavior\WriteHtmlCacheBehavior [ RunTime:0.000000s ]
INFO: [ view_filter ] --END-- [ RunTime:0.000000s ]
INFO: [ app_end ] --START--
INFO: Run Behavior\ShowPageTraceBehavior [ RunTime:0.001000s ]
INFO: [ app_end ] --END-- [ RunTime:0.001000s ]

[ 2016-03-02T09:48:03+08:00 ] ::1 /cog/index.php/Home/Management/index.html
INFO: [ app_init ] --START--
INFO: Run Behavior\BuildLiteBehavior [ RunTime:0.000000s ]
INFO: [ app_init ] --END-- [ RunTime:0.001000s ]
INFO: [ app_begin ] --START--
INFO: Run Behavior\ReadHtmlCacheBehavior [ RunTime:0.001000s ]
INFO: [ app_begin ] --END-- [ RunTime:0.001000s ]
SQL: SHOW COLUMNS FROM `cog_post` [ RunTime:0.0030s ]
SQL: select * from cog_post order by post_time desc [ RunTime:0.0010s ]
SQL: SHOW COLUMNS FROM `cog_circle` [ RunTime:0.0030s ]
SQL: SELECT * FROM `cog_circle`  [ RunTime:0.0000s ]
SQL: SHOW COLUMNS FROM `cog_news` [ RunTime:0.0030s ]
SQL: SELECT * FROM `cog_news` ORDER BY news_id desc  [ RunTime:0.0010s ]
SQL: SHOW COLUMNS FROM `cog_user` [ RunTime:0.0040s ]
SQL: SELECT * FROM `cog_user`  [ RunTime:0.0010s ]
SQL: SELECT * FROM `cog_circle`  [ RunTime:0.0000s ]
INFO: [ view_parse ] --START--
INFO: [ template_filter ] --START--
INFO: Run Behavior\ContentReplaceBehavior [ RunTime:0.000000s ]
INFO: [ template_filter ] --END-- [ RunTime:0.000000s ]
NOTIC: [8] Undefined variable: user_headimg D:\XAMPP\htdocs\cog\cog\Runtime\Cache\Home\1614d034cc473f37f0bc9813ba39f318.php 第 134 行.
NOTIC: [8] Undefined variable: user_headimg D:\XAMPP\htdocs\cog\cog\Runtime\Cache\Home\1614d034cc473f37f0bc9813ba39f318.php 第 134 行.
NOTIC: [8] Undefined variable: user_headimg D:\XAMPP\htdocs\cog\cog\Runtime\Cache\Home\1614d034cc473f37f0bc9813ba39f318.php 第 134 行.
NOTIC: [8] Undefined variable: user_headimg D:\XAMPP\htdocs\cog\cog\Runtime\Cache\Home\1614d034cc473f37f0bc9813ba39f318.php 第 134 行.
NOTIC: [8] Undefined variable: user_headimg D:\XAMPP\htdocs\cog\cog\Runtime\Cache\Home\1614d034cc473f37f0bc9813ba39f318.php 第 134 行.
NOTIC: [8] Undefined variable: user_headimg D:\XAMPP\htdocs\cog\cog\Runtime\Cache\Home\1614d034cc473f37f0bc9813ba39f318.php 第 134 行.
NOTIC: [8] Undefined variable: user_headimg D:\XAMPP\htdocs\cog\cog\Runtime\Cache\Home\1614d034cc473f37f0bc9813ba39f318.php 第 134 行.
NOTIC: [8] Undefined variable: user_headimg D:\XAMPP\htdocs\cog\cog\Runtime\Cache\Home\1614d034cc473f37f0bc9813ba39f318.php 第 134 行.
NOTIC: [8] Undefined variable: user_headimg D:\XAMPP\htdocs\cog\cog\Runtime\Cache\Home\1614d034cc473f37f0bc9813ba39f318.php 第 134 行.
NOTIC: [8] Undefined variable: user_headimg D:\XAMPP\htdocs\cog\cog\Runtime\Cache\Home\1614d034cc473f37f0bc9813ba39f318.php 第 134 行.
INFO: Run Behavior\ParseTemplateBehavior [ RunTime:0.018001s ]
INFO: [ view_parse ] --END-- [ RunTime:0.018001s ]
INFO: [ view_filter ] --START--
INFO: Run Behavior\WriteHtmlCacheBehavior [ RunTime:0.001000s ]
INFO: [ view_filter ] --END-- [ RunTime:0.001000s ]
INFO: [ app_end ] --START--
INFO: Run Behavior\ShowPageTraceBehavior [ RunTime:0.001000s ]
INFO: [ app_end ] --END-- [ RunTime:0.001000s ]

[ 2016-03-02T16:38:55+08:00 ] ::1 /cog/index.php/Home/Test/get_game
INFO: [ app_init ] --START--
INFO: Run Behavior\BuildLiteBehavior [ RunTime:0.000000s ]
INFO: [ app_init ] --END-- [ RunTime:0.001000s ]
INFO: [ app_begin ] --START--
INFO: Run Behavior\ReadHtmlCacheBehavior [ RunTime:0.000000s ]
INFO: [ app_begin ] --END-- [ RunTime:0.000000s ]
SQL: SHOW COLUMNS FROM `cog_circle` [ RunTime:0.0050s ]
SQL: SELECT `circle_game_id` FROM `cog_circle` WHERE `circle_name` = '升升公寓' LIMIT 1   [ RunTime:0.0010s ]

[ 2016-03-02T16:38:57+08:00 ] ::1 /cog/index.php/Home/Management/post_filtrate
INFO: [ app_init ] --START--
INFO: Run Behavior\BuildLiteBehavior [ RunTime:0.000000s ]
INFO: [ app_init ] --END-- [ RunTime:0.000000s ]
INFO: [ app_begin ] --START--
INFO: Run Behavior\ReadHtmlCacheBehavior [ RunTime:0.001000s ]
INFO: [ app_begin ] --END-- [ RunTime:0.001000s ]
NOTIC: [8] Undefined index: game D:\XAMPP\htdocs\cog\cog\Home\Controller\ManagementController.class.php 第 235 行.
SQL: SHOW COLUMNS FROM `cog_post` [ RunTime:0.0010s ]
ERR: SQLSTATE[42S22]: Column not found: 1054 Unknown column 'cog_post.post_circle_name' in 'where clause'

[ 2016-03-02T16:38:58+08:00 ] ::1 /cog/index.php/Home/Management/post_filtrate
INFO: [ app_init ] --START--
INFO: Run Behavior\BuildLiteBehavior [ RunTime:0.000000s ]
INFO: [ app_init ] --END-- [ RunTime:0.001000s ]
INFO: [ app_begin ] --START--
INFO: Run Behavior\ReadHtmlCacheBehavior [ RunTime:0.000000s ]
INFO: [ app_begin ] --END-- [ RunTime:0.000000s ]
NOTIC: [8] Undefined index: game D:\XAMPP\htdocs\cog\cog\Home\Controller\ManagementController.class.php 第 235 行.
SQL: SHOW COLUMNS FROM `cog_post` [ RunTime:0.0030s ]
ERR: SQLSTATE[42S22]: Column not found: 1054 Unknown column 'cog_post.post_circle_name' in 'where clause'

[ 2016-03-02T16:38:58+08:00 ] ::1 /cog/index.php/Home/Management/post_filtrate
INFO: [ app_init ] --START--
INFO: Run Behavior\BuildLiteBehavior [ RunTime:0.001000s ]
INFO: [ app_init ] --END-- [ RunTime:0.001000s ]
INFO: [ app_begin ] --START--
INFO: Run Behavior\ReadHtmlCacheBehavior [ RunTime:0.001000s ]
INFO: [ app_begin ] --END-- [ RunTime:0.002000s ]
NOTIC: [8] Undefined index: game D:\XAMPP\htdocs\cog\cog\Home\Controller\ManagementController.class.php 第 235 行.
SQL: SHOW COLUMNS FROM `cog_post` [ RunTime:0.0040s ]
ERR: SQLSTATE[42S22]: Column not found: 1054 Unknown column 'cog_post.post_circle_name' in 'where clause'

[ 2016-03-02T16:42:39+08:00 ] ::1 /cog/index.php/Home/Login/login
INFO: [ app_init ] --START--
INFO: Run Behavior\BuildLiteBehavior [ RunTime:0.000000s ]
INFO: [ app_init ] --END-- [ RunTime:0.000000s ]
INFO: [ app_begin ] --START--
INFO: Run Behavior\ReadHtmlCacheBehavior [ RunTime:0.015600s ]
INFO: [ app_begin ] --END-- [ RunTime:0.015600s ]
INFO: [ view_parse ] --START--
INFO: [ template_filter ] --START--
INFO: Run Behavior\ContentReplaceBehavior [ RunTime:0.000000s ]
INFO: [ template_filter ] --END-- [ RunTime:0.000000s ]
INFO: Run Behavior\ParseTemplateBehavior [ RunTime:0.000000s ]
INFO: [ view_parse ] --END-- [ RunTime:0.000000s ]
INFO: [ view_filter ] --START--
INFO: Run Behavior\WriteHtmlCacheBehavior [ RunTime:0.000000s ]
INFO: [ view_filter ] --END-- [ RunTime:0.000000s ]
INFO: [ app_end ] --START--
INFO: Run Behavior\ShowPageTraceBehavior [ RunTime:0.000000s ]
INFO: [ app_end ] --END-- [ RunTime:0.000000s ]

[ 2016-03-02T16:42:45+08:00 ] ::1 /cog/index.php/Home/Login/main_login
INFO: [ app_init ] --START--
INFO: Run Behavior\BuildLiteBehavior [ RunTime:0.000000s ]
INFO: [ app_init ] --END-- [ RunTime:0.001000s ]
INFO: [ app_begin ] --START--
INFO: Run Behavior\ReadHtmlCacheBehavior [ RunTime:0.002000s ]
INFO: [ app_begin ] --END-- [ RunTime:0.002000s ]
INFO: [ view_parse ] --START--
INFO: [ template_filter ] --START--
INFO: Run Behavior\ContentReplaceBehavior [ RunTime:0.000000s ]
INFO: [ template_filter ] --END-- [ RunTime:0.000000s ]
INFO: Run Behavior\ParseTemplateBehavior [ RunTime:0.011001s ]
INFO: [ view_parse ] --END-- [ RunTime:0.012001s ]
INFO: [ view_filter ] --START--
INFO: Run Behavior\WriteHtmlCacheBehavior [ RunTime:0.001000s ]
INFO: [ view_filter ] --END-- [ RunTime:0.001000s ]
INFO: [ app_end ] --START--
INFO: Run Behavior\ShowPageTraceBehavior [ RunTime:0.001000s ]
INFO: [ app_end ] --END-- [ RunTime:0.001000s ]

[ 2016-03-02T16:42:58+08:00 ] ::1 /cog/index.php/Home/Login/handle
INFO: [ app_init ] --START--
INFO: Run Behavior\BuildLiteBehavior [ RunTime:0.000000s ]
INFO: [ app_init ] --END-- [ RunTime:0.001000s ]
INFO: [ app_begin ] --START--
INFO: Run Behavior\ReadHtmlCacheBehavior [ RunTime:0.001000s ]
INFO: [ app_begin ] --END-- [ RunTime:0.001000s ]
SQL: SHOW COLUMNS FROM `cog_user` [ RunTime:0.0050s ]
SQL: SHOW COLUMNS FROM `cog_user` [ RunTime:0.0040s ]
SQL: SELECT * FROM `cog_user` WHERE `User_name` = '123' AND `User_password` = '123'  [ RunTime:0.0010s ]
SQL: SHOW COLUMNS FROM `cog_user` [ RunTime:0.0030s ]
SQL: SELECT `User_id` FROM `cog_user` WHERE `User_name` = '123' AND `User_password` = '123' LIMIT 1   [ RunTime:0.0020s ]
SQL: SELECT `User_headimg` FROM `cog_user` WHERE `User_name` = '123' AND `User_password` = '123' LIMIT 1   [ RunTime:0.0010s ]

[ 2016-03-02T16:42:58+08:00 ] ::1 /cog/index.php/Home/Index/index.html
INFO: [ app_init ] --START--
INFO: Run Behavior\BuildLiteBehavior [ RunTime:0.000000s ]
INFO: [ app_init ] --END-- [ RunTime:0.000000s ]
INFO: [ app_begin ] --START--
INFO: Run Behavior\ReadHtmlCacheBehavior [ RunTime:0.001001s ]
INFO: [ app_begin ] --END-- [ RunTime:0.001001s ]
SQL: SHOW COLUMNS FROM `cog_follow` [ RunTime:0.0040s ]
SQL: SHOW COLUMNS FROM `cog_follow` [ RunTime:0.0050s ]
SQL: SELECT `follow_circle_id` FROM `cog_follow` WHERE `user_id` = 6 LIMIT 1   [ RunTime:0.0010s ]
SQL: SHOW COLUMNS FROM `cog_circle` [ RunTime:0.0030s ]
SQL: select circle_id,circle_followers,circle_name,circle_game_id,circle_location,circle_describe,circle_time,circle_img,count(post_id) as post_num
		from cog_post,cog_circle
		where cog_circle.circle_id=2 and 
		cog_post.post_circle_id=2 [ RunTime:0.0010s ]
SQL: select circle_id,circle_followers,circle_name,circle_game_id,circle_location,circle_describe,circle_time,circle_img,count(post_id) as post_num
		from cog_post,cog_circle
		where cog_circle.circle_id=1 and 
		cog_post.post_circle_id=1 [ RunTime:0.0000s ]
SQL: select post_circle_id ,circle_name,circle_location,count(post_circle_id) as num,circle_img
		      from cog_post,cog_circle
		      where cog_post.post_time >= '2016-01-15 00:00:00' and cog_post.post_time <='2016-01-15 24:00:00' and
		            cog_post.post_circle_id=cog_circle.circle_id
		      group by post_circle_id
		      order by num desc
		       [ RunTime:0.0020s ]
SQL: SHOW COLUMNS FROM `cog_post` [ RunTime:0.0180s ]
SQL: select cog_post.post_id,circle_name,post_time,post_title,post_content,count(cog_comment.post_id) as num
    	      from cog_post,cog_comment,cog_circle
    	      where cog_post.post_id=cog_comment.post_id and
    	            cog_post.post_circle_id=cog_circle.circle_id
    	      group by  cog_comment.post_id
    	      order by num desc
    	  [ RunTime:0.0040s ]
SQL: SHOW COLUMNS FROM `cog_news` [ RunTime:0.0030s ]
SQL: SELECT * FROM `cog_news` ORDER BY news_id desc  [ RunTime:0.0010s ]
INFO: [ view_parse ] --START--
INFO: [ template_filter ] --START--
INFO: Run Behavior\ContentReplaceBehavior [ RunTime:0.000000s ]
INFO: [ template_filter ] --END-- [ RunTime:0.000000s ]
NOTIC: [8] Undefined variable: hotCircle D:\XAMPP\htdocs\cog\cog\Runtime\Cache\Home\604111f318b0b63c756a387c928552aa.php 第 30 行.
INFO: Run Behavior\ParseTemplateBehavior [ RunTime:0.014001s ]
INFO: [ view_parse ] --END-- [ RunTime:0.014001s ]
INFO: [ view_filter ] --START--
INFO: Run Behavior\WriteHtmlCacheBehavior [ RunTime:0.000000s ]
INFO: [ view_filter ] --END-- [ RunTime:0.000000s ]
INFO: [ app_end ] --START--
INFO: Run Behavior\ShowPageTraceBehavior [ RunTime:0.001000s ]
INFO: [ app_end ] --END-- [ RunTime:0.001000s ]

[ 2016-03-02T16:43:01+08:00 ] ::1 /cog/index.php/Home/Circle/index
INFO: [ app_init ] --START--
INFO: Run Behavior\BuildLiteBehavior [ RunTime:0.000000s ]
INFO: [ app_init ] --END-- [ RunTime:0.001000s ]
INFO: [ app_begin ] --START--
INFO: Run Behavior\ReadHtmlCacheBehavior [ RunTime:0.001000s ]
INFO: [ app_begin ] --END-- [ RunTime:0.001000s ]
SQL: SHOW COLUMNS FROM `cog_circle` [ RunTime:0.0040s ]
SQL: select * from cog_circle order by circle_time desc limit 4 [ RunTime:0.0010s ]
INFO: [ view_parse ] --START--
INFO: [ template_filter ] --START--
INFO: Run Behavior\ContentReplaceBehavior [ RunTime:0.000000s ]
INFO: [ template_filter ] --END-- [ RunTime:0.000000s ]
NOTIC: [8] Undefined variable: userimg D:\XAMPP\htdocs\cog\cog\Runtime\Cache\Home\86eb43d4ba48aba8353b65d003555410.php 第 22 行.
INFO: Run Behavior\ParseTemplateBehavior [ RunTime:0.129007s ]
INFO: [ view_parse ] --END-- [ RunTime:0.129007s ]
INFO: [ view_filter ] --START--
INFO: Run Behavior\WriteHtmlCacheBehavior [ RunTime:0.001000s ]
INFO: [ view_filter ] --END-- [ RunTime:0.001000s ]
INFO: [ app_end ] --START--
INFO: Run Behavior\ShowPageTraceBehavior [ RunTime:0.001000s ]
INFO: [ app_end ] --END-- [ RunTime:0.001000s ]

[ 2016-03-02T16:43:01+08:00 ] ::1 /cog/
INFO: [ app_init ] --START--
INFO: Run Behavior\BuildLiteBehavior [ RunTime:0.000000s ]
INFO: [ app_init ] --END-- [ RunTime:0.001001s ]
INFO: [ app_begin ] --START--
INFO: Run Behavior\ReadHtmlCacheBehavior [ RunTime:0.000000s ]
INFO: [ app_begin ] --END-- [ RunTime:0.000000s ]
SQL: SHOW COLUMNS FROM `cog_follow` [ RunTime:0.0040s ]
SQL: SHOW COLUMNS FROM `cog_follow` [ RunTime:0.0030s ]
SQL: SELECT `follow_circle_id` FROM `cog_follow` WHERE `user_id` = 6 LIMIT 1   [ RunTime:0.0000s ]
SQL: SHOW COLUMNS FROM `cog_circle` [ RunTime:0.0030s ]
SQL: select circle_id,circle_followers,circle_name,circle_game_id,circle_location,circle_describe,circle_time,circle_img,count(post_id) as post_num
		from cog_post,cog_circle
		where cog_circle.circle_id=2 and 
		cog_post.post_circle_id=2 [ RunTime:0.0010s ]
SQL: select circle_id,circle_followers,circle_name,circle_game_id,circle_location,circle_describe,circle_time,circle_img,count(post_id) as post_num
		from cog_post,cog_circle
		where cog_circle.circle_id=1 and 
		cog_post.post_circle_id=1 [ RunTime:0.0010s ]
SQL: select post_circle_id ,circle_name,circle_location,count(post_circle_id) as num,circle_img
		      from cog_post,cog_circle
		      where cog_post.post_time >= '2016-01-15 00:00:00' and cog_post.post_time <='2016-01-15 24:00:00' and
		            cog_post.post_circle_id=cog_circle.circle_id
		      group by post_circle_id
		      order by num desc
		       [ RunTime:0.0020s ]
SQL: SHOW COLUMNS FROM `cog_post` [ RunTime:0.0040s ]
SQL: select cog_post.post_id,circle_name,post_time,post_title,post_content,count(cog_comment.post_id) as num
    	      from cog_post,cog_comment,cog_circle
    	      where cog_post.post_id=cog_comment.post_id and
    	            cog_post.post_circle_id=cog_circle.circle_id
    	      group by  cog_comment.post_id
    	      order by num desc
    	  [ RunTime:0.0040s ]
SQL: SHOW COLUMNS FROM `cog_news` [ RunTime:0.0030s ]
SQL: SELECT * FROM `cog_news` ORDER BY news_id desc  [ RunTime:0.0030s ]
INFO: [ view_parse ] --START--
INFO: [ template_filter ] --START--
INFO: Run Behavior\ContentReplaceBehavior [ RunTime:0.000000s ]
INFO: [ template_filter ] --END-- [ RunTime:0.000000s ]
NOTIC: [8] Undefined variable: hotCircle D:\XAMPP\htdocs\cog\cog\Runtime\Cache\Home\604111f318b0b63c756a387c928552aa.php 第 30 行.
INFO: Run Behavior\ParseTemplateBehavior [ RunTime:0.020001s ]
INFO: [ view_parse ] --END-- [ RunTime:0.020001s ]
INFO: [ view_filter ] --START--
INFO: Run Behavior\WriteHtmlCacheBehavior [ RunTime:0.001000s ]
INFO: [ view_filter ] --END-- [ RunTime:0.001000s ]
INFO: [ app_end ] --START--
INFO: Run Behavior\ShowPageTraceBehavior [ RunTime:0.000000s ]
INFO: [ app_end ] --END-- [ RunTime:0.000000s ]

[ 2016-03-02T16:43:02+08:00 ] ::1 /cog/index.php/Home/Circle/img/%E5%88%9D%E5%A7%8B%E5%8C%96%E8%83%8C%E6%99%AF%E5%9B%BE.png
INFO: [ app_init ] --START--
INFO: Run Behavior\BuildLiteBehavior [ RunTime:0.000000s ]
INFO: [ app_init ] --END-- [ RunTime:0.001000s ]

[ 2016-03-02T16:43:03+08:00 ] ::1 /cog/index.php/Home/Game/index
INFO: [ app_init ] --START--
INFO: Run Behavior\BuildLiteBehavior [ RunTime:0.000000s ]
INFO: [ app_init ] --END-- [ RunTime:0.000000s ]
INFO: [ app_begin ] --START--
INFO: Run Behavior\ReadHtmlCacheBehavior [ RunTime:0.000000s ]
INFO: [ app_begin ] --END-- [ RunTime:0.001000s ]
INFO: [ view_parse ] --START--
INFO: [ template_filter ] --START--
INFO: Run Behavior\ContentReplaceBehavior [ RunTime:0.000000s ]
INFO: [ template_filter ] --END-- [ RunTime:0.000000s ]
INFO: Run Behavior\ParseTemplateBehavior [ RunTime:0.023001s ]
INFO: [ view_parse ] --END-- [ RunTime:0.023001s ]
INFO: [ view_filter ] --START--
INFO: Run Behavior\WriteHtmlCacheBehavior [ RunTime:0.001001s ]
INFO: [ view_filter ] --END-- [ RunTime:0.001001s ]
INFO: [ app_end ] --START--
INFO: Run Behavior\ShowPageTraceBehavior [ RunTime:0.000000s ]
INFO: [ app_end ] --END-- [ RunTime:0.000000s ]

[ 2016-03-02T16:43:05+08:00 ] ::1 /cog/index.php/Home/MyCircle/index
INFO: [ app_init ] --START--
INFO: Run Behavior\BuildLiteBehavior [ RunTime:0.000000s ]
INFO: [ app_init ] --END-- [ RunTime:0.001000s ]
INFO: [ app_begin ] --START--
INFO: Run Behavior\ReadHtmlCacheBehavior [ RunTime:0.001000s ]
INFO: [ app_begin ] --END-- [ RunTime:0.001000s ]
SQL: SHOW COLUMNS FROM `cog_follow` [ RunTime:0.0040s ]
SQL: SHOW COLUMNS FROM `cog_follow` [ RunTime:0.0040s ]
SQL: SELECT `follow_circle_id` FROM `cog_follow` WHERE `user_id` = 6 LIMIT 1   [ RunTime:0.0010s ]
SQL: SHOW COLUMNS FROM `cog_circle` [ RunTime:0.0030s ]
SQL: SHOW COLUMNS FROM `cog_circle` [ RunTime:0.0040s ]
SQL: select circle_id,circle_followers,circle_name,circle_game_id,circle_location,circle_describe,circle_time,circle_img,count(post_id) as post_num
		from cog_post,cog_circle
		where cog_circle.circle_id=2 and 
		cog_post.post_circle_id=2 [ RunTime:0.0010s ]
SQL: select circle_id,circle_followers,circle_name,circle_game_id,circle_location,circle_describe,circle_time,circle_img,count(post_id) as post_num
		from cog_post,cog_circle
		where cog_circle.circle_id=1 and 
		cog_post.post_circle_id=1 [ RunTime:0.0010s ]
SQL: SHOW COLUMNS FROM `cog_post` [ RunTime:0.0040s ]
NOTIC: [8] Undefined index: circle D:\XAMPP\htdocs\cog\cog\Home\Controller\MyCircleController.class.php 第 39 行.
INFO: [ view_parse ] --START--
INFO: [ template_filter ] --START--
INFO: Run Behavior\ContentReplaceBehavior [ RunTime:0.000000s ]
INFO: [ template_filter ] --END-- [ RunTime:0.000000s ]
NOTIC: [8] Undefined variable: circle_post D:\XAMPP\htdocs\cog\cog\Runtime\Cache\Home\90032d7542d53d35ce6927c5db8742ee.php 第 57 行.
INFO: Run Behavior\ParseTemplateBehavior [ RunTime:0.025001s ]
INFO: [ view_parse ] --END-- [ RunTime:0.025001s ]
INFO: [ view_filter ] --START--
INFO: Run Behavior\WriteHtmlCacheBehavior [ RunTime:0.000000s ]
INFO: [ view_filter ] --END-- [ RunTime:0.000000s ]
INFO: [ app_end ] --START--
INFO: Run Behavior\ShowPageTraceBehavior [ RunTime:0.001000s ]
INFO: [ app_end ] --END-- [ RunTime:0.001000s ]

[ 2016-03-02T16:43:08+08:00 ] ::1 /cog/index.php/Home/Index/index
INFO: [ app_init ] --START--
INFO: Run Behavior\BuildLiteBehavior [ RunTime:0.000000s ]
INFO: [ app_init ] --END-- [ RunTime:0.000000s ]
INFO: [ app_begin ] --START--
INFO: Run Behavior\ReadHtmlCacheBehavior [ RunTime:0.000000s ]
INFO: [ app_begin ] --END-- [ RunTime:0.000000s ]
SQL: SHOW COLUMNS FROM `cog_follow` [ RunTime:0.0030s ]
SQL: SHOW COLUMNS FROM `cog_follow` [ RunTime:0.0030s ]
SQL: SELECT `follow_circle_id` FROM `cog_follow` WHERE `user_id` = 6 LIMIT 1   [ RunTime:0.0010s ]
SQL: SHOW COLUMNS FROM `cog_circle` [ RunTime:0.0030s ]
SQL: select circle_id,circle_followers,circle_name,circle_game_id,circle_location,circle_describe,circle_time,circle_img,count(post_id) as post_num
		from cog_post,cog_circle
		where cog_circle.circle_id=2 and 
		cog_post.post_circle_id=2 [ RunTime:0.0010s ]
SQL: select circle_id,circle_followers,circle_name,circle_game_id,circle_location,circle_describe,circle_time,circle_img,count(post_id) as post_num
		from cog_post,cog_circle
		where cog_circle.circle_id=1 and 
		cog_post.post_circle_id=1 [ RunTime:0.0010s ]
SQL: select post_circle_id ,circle_name,circle_location,count(post_circle_id) as num,circle_img
		      from cog_post,cog_circle
		      where cog_post.post_time >= '2016-01-15 00:00:00' and cog_post.post_time <='2016-01-15 24:00:00' and
		            cog_post.post_circle_id=cog_circle.circle_id
		      group by post_circle_id
		      order by num desc
		       [ RunTime:0.0010s ]
SQL: SHOW COLUMNS FROM `cog_post` [ RunTime:0.0030s ]
SQL: select cog_post.post_id,circle_name,post_time,post_title,post_content,count(cog_comment.post_id) as num
    	      from cog_post,cog_comment,cog_circle
    	      where cog_post.post_id=cog_comment.post_id and
    	            cog_post.post_circle_id=cog_circle.circle_id
    	      group by  cog_comment.post_id
    	      order by num desc
    	  [ RunTime:0.0030s ]
SQL: SHOW COLUMNS FROM `cog_news` [ RunTime:0.0030s ]
SQL: SELECT * FROM `cog_news` ORDER BY news_id desc  [ RunTime:0.0010s ]
INFO: [ view_parse ] --START--
INFO: [ template_filter ] --START--
INFO: Run Behavior\ContentReplaceBehavior [ RunTime:0.000000s ]
INFO: [ template_filter ] --END-- [ RunTime:0.000000s ]
NOTIC: [8] Undefined variable: hotCircle D:\XAMPP\htdocs\cog\cog\Runtime\Cache\Home\604111f318b0b63c756a387c928552aa.php 第 30 行.
INFO: Run Behavior\ParseTemplateBehavior [ RunTime:0.012001s ]
INFO: [ view_parse ] --END-- [ RunTime:0.012001s ]
INFO: [ view_filter ] --START--
INFO: Run Behavior\WriteHtmlCacheBehavior [ RunTime:0.000000s ]
INFO: [ view_filter ] --END-- [ RunTime:0.000000s ]
INFO: [ app_end ] --START--
INFO: Run Behavior\ShowPageTraceBehavior [ RunTime:0.001000s ]
INFO: [ app_end ] --END-- [ RunTime:0.001000s ]

[ 2016-03-02T16:43:10+08:00 ] ::1 /cog/index.php/Home/Circle/index
INFO: [ app_init ] --START--
INFO: Run Behavior\BuildLiteBehavior [ RunTime:0.000000s ]
INFO: [ app_init ] --END-- [ RunTime:0.001000s ]
INFO: [ app_begin ] --START--
INFO: Run Behavior\ReadHtmlCacheBehavior [ RunTime:0.001000s ]
INFO: [ app_begin ] --END-- [ RunTime:0.001000s ]
SQL: SHOW COLUMNS FROM `cog_circle` [ RunTime:0.0030s ]
SQL: select * from cog_circle order by circle_time desc limit 4 [ RunTime:0.0010s ]
INFO: [ view_parse ] --START--
INFO: [ template_filter ] --START--
INFO: Run Behavior\ContentReplaceBehavior [ RunTime:0.000000s ]
INFO: [ template_filter ] --END-- [ RunTime:0.000000s ]
NOTIC: [8] Undefined variable: userimg D:\XAMPP\htdocs\cog\cog\Runtime\Cache\Home\86eb43d4ba48aba8353b65d003555410.php 第 22 行.
INFO: Run Behavior\ParseTemplateBehavior [ RunTime:0.009001s ]
INFO: [ view_parse ] --END-- [ RunTime:0.009001s ]
INFO: [ view_filter ] --START--
INFO: Run Behavior\WriteHtmlCacheBehavior [ RunTime:0.000000s ]
INFO: [ view_filter ] --END-- [ RunTime:0.000000s ]
INFO: [ app_end ] --START--
INFO: Run Behavior\ShowPageTraceBehavior [ RunTime:0.000000s ]
INFO: [ app_end ] --END-- [ RunTime:0.001000s ]

[ 2016-03-02T16:43:10+08:00 ] ::1 /cog/index.php/Home/Circle/img/%E5%88%9D%E5%A7%8B%E5%8C%96%E8%83%8C%E6%99%AF%E5%9B%BE.png
INFO: [ app_init ] --START--
INFO: Run Behavior\BuildLiteBehavior [ RunTime:0.000000s ]
INFO: [ app_init ] --END-- [ RunTime:0.000000s ]

[ 2016-03-02T16:43:10+08:00 ] ::1 /cog/
INFO: [ app_init ] --START--
INFO: Run Behavior\BuildLiteBehavior [ RunTime:0.000000s ]
INFO: [ app_init ] --END-- [ RunTime:0.000000s ]
INFO: [ app_begin ] --START--
INFO: Run Behavior\ReadHtmlCacheBehavior [ RunTime:0.000000s ]
INFO: [ app_begin ] --END-- [ RunTime:0.000000s ]
SQL: SHOW COLUMNS FROM `cog_follow` [ RunTime:0.0060s ]
SQL: SHOW COLUMNS FROM `cog_follow` [ RunTime:0.0050s ]
SQL: SELECT `follow_circle_id` FROM `cog_follow` WHERE `user_id` = 6 LIMIT 1   [ RunTime:0.0010s ]
SQL: SHOW COLUMNS FROM `cog_circle` [ RunTime:0.0050s ]
SQL: select circle_id,circle_followers,circle_name,circle_game_id,circle_location,circle_describe,circle_time,circle_img,count(post_id) as post_num
		from cog_post,cog_circle
		where cog_circle.circle_id=2 and 
		cog_post.post_circle_id=2 [ RunTime:0.0020s ]
SQL: select circle_id,circle_followers,circle_name,circle_game_id,circle_location,circle_describe,circle_time,circle_img,count(post_id) as post_num
		from cog_post,cog_circle
		where cog_circle.circle_id=1 and 
		cog_post.post_circle_id=1 [ RunTime:0.0010s ]
SQL: select post_circle_id ,circle_name,circle_location,count(post_circle_id) as num,circle_img
		      from cog_post,cog_circle
		      where cog_post.post_time >= '2016-01-15 00:00:00' and cog_post.post_time <='2016-01-15 24:00:00' and
		            cog_post.post_circle_id=cog_circle.circle_id
		      group by post_circle_id
		      order by num desc
		       [ RunTime:0.0010s ]
SQL: SHOW COLUMNS FROM `cog_post` [ RunTime:0.0050s ]
SQL: select cog_post.post_id,circle_name,post_time,post_title,post_content,count(cog_comment.post_id) as num
    	      from cog_post,cog_comment,cog_circle
    	      where cog_post.post_id=cog_comment.post_id and
    	            cog_post.post_circle_id=cog_circle.circle_id
    	      group by  cog_comment.post_id
    	      order by num desc
    	  [ RunTime:0.0080s ]
SQL: SHOW COLUMNS FROM `cog_news` [ RunTime:0.0060s ]
SQL: SELECT * FROM `cog_news` ORDER BY news_id desc  [ RunTime:0.0010s ]
INFO: [ view_parse ] --START--
INFO: [ template_filter ] --START--
INFO: Run Behavior\ContentReplaceBehavior [ RunTime:0.000000s ]
INFO: [ template_filter ] --END-- [ RunTime:0.000000s ]
NOTIC: [8] Undefined variable: hotCircle D:\XAMPP\htdocs\cog\cog\Runtime\Cache\Home\604111f318b0b63c756a387c928552aa.php 第 30 行.
INFO: Run Behavior\ParseTemplateBehavior [ RunTime:0.012000s ]
INFO: [ view_parse ] --END-- [ RunTime:0.012000s ]
INFO: [ view_filter ] --START--
INFO: Run Behavior\WriteHtmlCacheBehavior [ RunTime:0.000000s ]
INFO: [ view_filter ] --END-- [ RunTime:0.000000s ]
INFO: [ app_end ] --START--
INFO: Run Behavior\ShowPageTraceBehavior [ RunTime:0.001000s ]
INFO: [ app_end ] --END-- [ RunTime:0.001000s ]

[ 2016-03-02T16:43:11+08:00 ] ::1 /cog/index.php/Home/Game/index
INFO: [ app_init ] --START--
INFO: Run Behavior\BuildLiteBehavior [ RunTime:0.000000s ]
INFO: [ app_init ] --END-- [ RunTime:0.001000s ]
INFO: [ app_begin ] --START--
INFO: Run Behavior\ReadHtmlCacheBehavior [ RunTime:0.000000s ]
INFO: [ app_begin ] --END-- [ RunTime:0.001001s ]
INFO: [ view_parse ] --START--
INFO: [ template_filter ] --START--
INFO: Run Behavior\ContentReplaceBehavior [ RunTime:0.000000s ]
INFO: [ template_filter ] --END-- [ RunTime:0.000000s ]
INFO: Run Behavior\ParseTemplateBehavior [ RunTime:0.010000s ]
INFO: [ view_parse ] --END-- [ RunTime:0.010000s ]
INFO: [ view_filter ] --START--
INFO: Run Behavior\WriteHtmlCacheBehavior [ RunTime:0.000000s ]
INFO: [ view_filter ] --END-- [ RunTime:0.001000s ]
INFO: [ app_end ] --START--
INFO: Run Behavior\ShowPageTraceBehavior [ RunTime:0.000000s ]
INFO: [ app_end ] --END-- [ RunTime:0.000000s ]

[ 2016-03-02T16:43:12+08:00 ] ::1 /cog/index.php/Home/Index/index
INFO: [ app_init ] --START--
INFO: Run Behavior\BuildLiteBehavior [ RunTime:0.000000s ]
INFO: [ app_init ] --END-- [ RunTime:0.001000s ]
INFO: [ app_begin ] --START--
INFO: Run Behavior\ReadHtmlCacheBehavior [ RunTime:0.001000s ]
INFO: [ app_begin ] --END-- [ RunTime:0.001000s ]
SQL: SHOW COLUMNS FROM `cog_follow` [ RunTime:0.0030s ]
SQL: SHOW COLUMNS FROM `cog_follow` [ RunTime:0.0030s ]
SQL: SELECT `follow_circle_id` FROM `cog_follow` WHERE `user_id` = 6 LIMIT 1   [ RunTime:0.0010s ]
SQL: SHOW COLUMNS FROM `cog_circle` [ RunTime:0.0030s ]
SQL: select circle_id,circle_followers,circle_name,circle_game_id,circle_location,circle_describe,circle_time,circle_img,count(post_id) as post_num
		from cog_post,cog_circle
		where cog_circle.circle_id=2 and 
		cog_post.post_circle_id=2 [ RunTime:0.0010s ]
SQL: select circle_id,circle_followers,circle_name,circle_game_id,circle_location,circle_describe,circle_time,circle_img,count(post_id) as post_num
		from cog_post,cog_circle
		where cog_circle.circle_id=1 and 
		cog_post.post_circle_id=1 [ RunTime:0.0000s ]
SQL: select post_circle_id ,circle_name,circle_location,count(post_circle_id) as num,circle_img
		      from cog_post,cog_circle
		      where cog_post.post_time >= '2016-01-15 00:00:00' and cog_post.post_time <='2016-01-15 24:00:00' and
		            cog_post.post_circle_id=cog_circle.circle_id
		      group by post_circle_id
		      order by num desc
		       [ RunTime:0.0010s ]
SQL: SHOW COLUMNS FROM `cog_post` [ RunTime:0.0040s ]
SQL: select cog_post.post_id,circle_name,post_time,post_title,post_content,count(cog_comment.post_id) as num
    	      from cog_post,cog_comment,cog_circle
    	      where cog_post.post_id=cog_comment.post_id and
    	            cog_post.post_circle_id=cog_circle.circle_id
    	      group by  cog_comment.post_id
    	      order by num desc
    	  [ RunTime:0.0030s ]
SQL: SHOW COLUMNS FROM `cog_news` [ RunTime:0.0030s ]
SQL: SELECT * FROM `cog_news` ORDER BY news_id desc  [ RunTime:0.0010s ]
INFO: [ view_parse ] --START--
INFO: [ template_filter ] --START--
INFO: Run Behavior\ContentReplaceBehavior [ RunTime:0.001000s ]
INFO: [ template_filter ] --END-- [ RunTime:0.001000s ]
NOTIC: [8] Undefined variable: hotCircle D:\XAMPP\htdocs\cog\cog\Runtime\Cache\Home\604111f318b0b63c756a387c928552aa.php 第 30 行.
INFO: Run Behavior\ParseTemplateBehavior [ RunTime:0.012000s ]
INFO: [ view_parse ] --END-- [ RunTime:0.012000s ]
INFO: [ view_filter ] --START--
INFO: Run Behavior\WriteHtmlCacheBehavior [ RunTime:0.000000s ]
INFO: [ view_filter ] --END-- [ RunTime:0.000000s ]
INFO: [ app_end ] --START--
INFO: Run Behavior\ShowPageTraceBehavior [ RunTime:0.001000s ]
INFO: [ app_end ] --END-- [ RunTime:0.001000s ]

[ 2016-03-02T16:44:02+08:00 ] ::1 /cog/index.php/Home/Register/register
INFO: [ app_init ] --START--
INFO: Run Behavior\BuildLiteBehavior [ RunTime:0.000000s ]
INFO: [ app_init ] --END-- [ RunTime:0.000000s ]
INFO: [ app_begin ] --START--
INFO: Run Behavior\ReadHtmlCacheBehavior [ RunTime:0.001000s ]
INFO: [ app_begin ] --END-- [ RunTime:0.001000s ]
NOTIC: [8] Undefined index: name D:\XAMPP\htdocs\cog\cog\Home\Controller\RegisterController.class.php 第 15 行.
SQL: SHOW COLUMNS FROM `cog_user` [ RunTime:0.0050s ]
SQL: SHOW COLUMNS FROM `cog_user` [ RunTime:0.0050s ]
SQL: SELECT * FROM `cog_user` WHERE `User_name` = null  [ RunTime:0.0010s ]
INFO: [ view_parse ] --START--
INFO: [ template_filter ] --START--
INFO: Run Behavior\ContentReplaceBehavior [ RunTime:0.000000s ]
INFO: [ template_filter ] --END-- [ RunTime:0.000000s ]
NOTIC: [8] Use of undefined constant SITE_URL - assumed 'SITE_URL' D:\XAMPP\htdocs\cog\cog\Runtime\Cache\Home\14b099ad7dcd8aa752495f0bb7578a79.php 第 86 行.
INFO: Run Behavior\ParseTemplateBehavior [ RunTime:0.025002s ]
INFO: [ view_parse ] --END-- [ RunTime:0.025002s ]
INFO: [ view_filter ] --START--
INFO: Run Behavior\WriteHtmlCacheBehavior [ RunTime:0.000000s ]
INFO: [ view_filter ] --END-- [ RunTime:0.000000s ]
INFO: [ app_end ] --START--
INFO: Run Behavior\ShowPageTraceBehavior [ RunTime:0.000000s ]
INFO: [ app_end ] --END-- [ RunTime:0.000000s ]

[ 2016-03-02T16:44:15+08:00 ] ::1 /cog/index.php/Home/Login/main_login
INFO: [ app_init ] --START--
INFO: Run Behavior\BuildLiteBehavior [ RunTime:0.000000s ]
INFO: [ app_init ] --END-- [ RunTime:0.000000s ]
INFO: [ app_begin ] --START--
INFO: Run Behavior\ReadHtmlCacheBehavior [ RunTime:0.001000s ]
INFO: [ app_begin ] --END-- [ RunTime:0.001000s ]
INFO: [ view_parse ] --START--
INFO: [ template_filter ] --START--
INFO: Run Behavior\ContentReplaceBehavior [ RunTime:0.000000s ]
INFO: [ template_filter ] --END-- [ RunTime:0.000000s ]
INFO: Run Behavior\ParseTemplateBehavior [ RunTime:0.008001s ]
INFO: [ view_parse ] --END-- [ RunTime:0.008001s ]
INFO: [ view_filter ] --START--
INFO: Run Behavior\WriteHtmlCacheBehavior [ RunTime:0.001000s ]
INFO: [ view_filter ] --END-- [ RunTime:0.001000s ]
INFO: [ app_end ] --START--
INFO: Run Behavior\ShowPageTraceBehavior [ RunTime:0.001000s ]
INFO: [ app_end ] --END-- [ RunTime:0.001000s ]

[ 2016-03-02T16:44:23+08:00 ] ::1 /cog/index.php/Home/Login/handle
INFO: [ app_init ] --START--
INFO: Run Behavior\BuildLiteBehavior [ RunTime:0.000000s ]
INFO: [ app_init ] --END-- [ RunTime:0.001000s ]
INFO: [ app_begin ] --START--
INFO: Run Behavior\ReadHtmlCacheBehavior [ RunTime:0.002000s ]
INFO: [ app_begin ] --END-- [ RunTime:0.002000s ]
SQL: SHOW COLUMNS FROM `cog_user` [ RunTime:0.0040s ]
SQL: SHOW COLUMNS FROM `cog_user` [ RunTime:0.0030s ]
SQL: SELECT * FROM `cog_user` WHERE `User_name` = 'root' AND `User_password` = 'root'  [ RunTime:0.0010s ]
SQL: SHOW COLUMNS FROM `cog_user` [ RunTime:0.0040s ]
SQL: SELECT `User_id` FROM `cog_user` WHERE `User_name` = 'root' AND `User_password` = 'root' LIMIT 1   [ RunTime:0.0010s ]
SQL: SELECT `User_headimg` FROM `cog_user` WHERE `User_name` = 'root' AND `User_password` = 'root' LIMIT 1   [ RunTime:0.0010s ]

[ 2016-03-02T16:44:23+08:00 ] ::1 /cog/index.php/Home/Management/index.html
INFO: [ app_init ] --START--
INFO: Run Behavior\BuildLiteBehavior [ RunTime:0.000000s ]
INFO: [ app_init ] --END-- [ RunTime:0.001000s ]
INFO: [ app_begin ] --START--
INFO: Run Behavior\ReadHtmlCacheBehavior [ RunTime:0.001000s ]
INFO: [ app_begin ] --END-- [ RunTime:0.001000s ]
SQL: SHOW COLUMNS FROM `cog_post` [ RunTime:0.0040s ]
SQL: select * from cog_post order by post_time desc [ RunTime:0.0010s ]
SQL: SHOW COLUMNS FROM `cog_circle` [ RunTime:0.0040s ]
SQL: SELECT * FROM `cog_circle`  [ RunTime:0.0010s ]
SQL: SHOW COLUMNS FROM `cog_news` [ RunTime:0.0030s ]
SQL: SELECT * FROM `cog_news` ORDER BY news_id desc  [ RunTime:0.0010s ]
SQL: SHOW COLUMNS FROM `cog_user` [ RunTime:0.0040s ]
SQL: SELECT * FROM `cog_user`  [ RunTime:0.0010s ]
SQL: SELECT * FROM `cog_circle`  [ RunTime:0.0010s ]
INFO: [ view_parse ] --START--
INFO: [ template_filter ] --START--
INFO: Run Behavior\ContentReplaceBehavior [ RunTime:0.000000s ]
INFO: [ template_filter ] --END-- [ RunTime:0.000000s ]
NOTIC: [8] Undefined variable: user_headimg D:\XAMPP\htdocs\cog\cog\Runtime\Cache\Home\1614d034cc473f37f0bc9813ba39f318.php 第 134 行.
NOTIC: [8] Undefined variable: user_headimg D:\XAMPP\htdocs\cog\cog\Runtime\Cache\Home\1614d034cc473f37f0bc9813ba39f318.php 第 134 行.
NOTIC: [8] Undefined variable: user_headimg D:\XAMPP\htdocs\cog\cog\Runtime\Cache\Home\1614d034cc473f37f0bc9813ba39f318.php 第 134 行.
NOTIC: [8] Undefined variable: user_headimg D:\XAMPP\htdocs\cog\cog\Runtime\Cache\Home\1614d034cc473f37f0bc9813ba39f318.php 第 134 行.
NOTIC: [8] Undefined variable: user_headimg D:\XAMPP\htdocs\cog\cog\Runtime\Cache\Home\1614d034cc473f37f0bc9813ba39f318.php 第 134 行.
NOTIC: [8] Undefined variable: user_headimg D:\XAMPP\htdocs\cog\cog\Runtime\Cache\Home\1614d034cc473f37f0bc9813ba39f318.php 第 134 行.
NOTIC: [8] Undefined variable: user_headimg D:\XAMPP\htdocs\cog\cog\Runtime\Cache\Home\1614d034cc473f37f0bc9813ba39f318.php 第 134 行.
NOTIC: [8] Undefined variable: user_headimg D:\XAMPP\htdocs\cog\cog\Runtime\Cache\Home\1614d034cc473f37f0bc9813ba39f318.php 第 134 行.
NOTIC: [8] Undefined variable: user_headimg D:\XAMPP\htdocs\cog\cog\Runtime\Cache\Home\1614d034cc473f37f0bc9813ba39f318.php 第 134 行.
NOTIC: [8] Undefined variable: user_headimg D:\XAMPP\htdocs\cog\cog\Runtime\Cache\Home\1614d034cc473f37f0bc9813ba39f318.php 第 134 行.
INFO: Run Behavior\ParseTemplateBehavior [ RunTime:0.048002s ]
INFO: [ view_parse ] --END-- [ RunTime:0.048002s ]
INFO: [ view_filter ] --START--
INFO: Run Behavior\WriteHtmlCacheBehavior [ RunTime:0.000000s ]
INFO: [ view_filter ] --END-- [ RunTime:0.000000s ]
INFO: [ app_end ] --START--
INFO: Run Behavior\ShowPageTraceBehavior [ RunTime:0.001001s ]
INFO: [ app_end ] --END-- [ RunTime:0.001001s ]

[ 2016-03-02T16:44:24+08:00 ] ::1 /cog/
INFO: [ app_init ] --START--
INFO: Run Behavior\BuildLiteBehavior [ RunTime:0.000000s ]
INFO: [ app_init ] --END-- [ RunTime:0.000000s ]
INFO: [ app_begin ] --START--
INFO: Run Behavior\ReadHtmlCacheBehavior [ RunTime:0.002001s ]
INFO: [ app_begin ] --END-- [ RunTime:0.002001s ]
SQL: SHOW COLUMNS FROM `cog_follow` [ RunTime:0.0050s ]
SQL: SHOW COLUMNS FROM `cog_follow` [ RunTime:0.0050s ]
SQL: SELECT `follow_circle_id` FROM `cog_follow` WHERE `user_id` = 1 LIMIT 1   [ RunTime:0.0010s ]
SQL: SHOW COLUMNS FROM `cog_circle` [ RunTime:0.0060s ]
NOTIC: [8] Undefined variable: circle_res D:\XAMPP\htdocs\cog\cog\Home\Controller\IndexController.class.php 第 26 行.
SQL: select post_circle_id ,circle_name,circle_location,count(post_circle_id) as num,circle_img
		      from cog_post,cog_circle
		      where cog_post.post_time >= '2016-01-15 00:00:00' and cog_post.post_time <='2016-01-15 24:00:00' and
		            cog_post.post_circle_id=cog_circle.circle_id
		      group by post_circle_id
		      order by num desc
		       [ RunTime:0.0020s ]
SQL: SHOW COLUMNS FROM `cog_post` [ RunTime:0.0050s ]
SQL: select cog_post.post_id,circle_name,post_time,post_title,post_content,count(cog_comment.post_id) as num
    	      from cog_post,cog_comment,cog_circle
    	      where cog_post.post_id=cog_comment.post_id and
    	            cog_post.post_circle_id=cog_circle.circle_id
    	      group by  cog_comment.post_id
    	      order by num desc
    	  [ RunTime:0.0230s ]
SQL: SHOW COLUMNS FROM `cog_news` [ RunTime:0.0050s ]
SQL: SELECT * FROM `cog_news` ORDER BY news_id desc  [ RunTime:0.0010s ]
INFO: [ view_parse ] --START--
INFO: [ template_filter ] --START--
INFO: Run Behavior\ContentReplaceBehavior [ RunTime:0.000000s ]
INFO: [ template_filter ] --END-- [ RunTime:0.000000s ]
NOTIC: [8] Undefined variable: hotCircle D:\XAMPP\htdocs\cog\cog\Runtime\Cache\Home\604111f318b0b63c756a387c928552aa.php 第 30 行.
INFO: Run Behavior\ParseTemplateBehavior [ RunTime:0.014001s ]
INFO: [ view_parse ] --END-- [ RunTime:0.014001s ]
INFO: [ view_filter ] --START--
INFO: Run Behavior\WriteHtmlCacheBehavior [ RunTime:0.001000s ]
INFO: [ view_filter ] --END-- [ RunTime:0.001000s ]
INFO: [ app_end ] --START--
INFO: Run Behavior\ShowPageTraceBehavior [ RunTime:0.001000s ]
INFO: [ app_end ] --END-- [ RunTime:0.001000s ]

[ 2016-03-02T16:44:24+08:00 ] ::1 /cog/index.php/Home/Management/index.html
INFO: [ app_init ] --START--
INFO: Run Behavior\BuildLiteBehavior [ RunTime:0.000000s ]
INFO: [ app_init ] --END-- [ RunTime:0.001000s ]
INFO: [ app_begin ] --START--
INFO: Run Behavior\ReadHtmlCacheBehavior [ RunTime:0.000000s ]
INFO: [ app_begin ] --END-- [ RunTime:0.001000s ]
SQL: SHOW COLUMNS FROM `cog_post` [ RunTime:0.0040s ]
SQL: select * from cog_post order by post_time desc [ RunTime:0.0010s ]
SQL: SHOW COLUMNS FROM `cog_circle` [ RunTime:0.0050s ]
SQL: SELECT * FROM `cog_circle`  [ RunTime:0.0010s ]
SQL: SHOW COLUMNS FROM `cog_news` [ RunTime:0.0040s ]
SQL: SELECT * FROM `cog_news` ORDER BY news_id desc  [ RunTime:0.0010s ]
SQL: SHOW COLUMNS FROM `cog_user` [ RunTime:0.0050s ]
SQL: SELECT * FROM `cog_user`  [ RunTime:0.0010s ]
SQL: SELECT * FROM `cog_circle`  [ RunTime:0.0010s ]
INFO: [ view_parse ] --START--
INFO: [ template_filter ] --START--
INFO: Run Behavior\ContentReplaceBehavior [ RunTime:0.000000s ]
INFO: [ template_filter ] --END-- [ RunTime:0.001000s ]
NOTIC: [8] Undefined variable: user_headimg D:\XAMPP\htdocs\cog\cog\Runtime\Cache\Home\1614d034cc473f37f0bc9813ba39f318.php 第 134 行.
NOTIC: [8] Undefined variable: user_headimg D:\XAMPP\htdocs\cog\cog\Runtime\Cache\Home\1614d034cc473f37f0bc9813ba39f318.php 第 134 行.
NOTIC: [8] Undefined variable: user_headimg D:\XAMPP\htdocs\cog\cog\Runtime\Cache\Home\1614d034cc473f37f0bc9813ba39f318.php 第 134 行.
NOTIC: [8] Undefined variable: user_headimg D:\XAMPP\htdocs\cog\cog\Runtime\Cache\Home\1614d034cc473f37f0bc9813ba39f318.php 第 134 行.
NOTIC: [8] Undefined variable: user_headimg D:\XAMPP\htdocs\cog\cog\Runtime\Cache\Home\1614d034cc473f37f0bc9813ba39f318.php 第 134 行.
NOTIC: [8] Undefined variable: user_headimg D:\XAMPP\htdocs\cog\cog\Runtime\Cache\Home\1614d034cc473f37f0bc9813ba39f318.php 第 134 行.
NOTIC: [8] Undefined variable: user_headimg D:\XAMPP\htdocs\cog\cog\Runtime\Cache\Home\1614d034cc473f37f0bc9813ba39f318.php 第 134 行.
NOTIC: [8] Undefined variable: user_headimg D:\XAMPP\htdocs\cog\cog\Runtime\Cache\Home\1614d034cc473f37f0bc9813ba39f318.php 第 134 行.
NOTIC: [8] Undefined variable: user_headimg D:\XAMPP\htdocs\cog\cog\Runtime\Cache\Home\1614d034cc473f37f0bc9813ba39f318.php 第 134 行.
NOTIC: [8] Undefined variable: user_headimg D:\XAMPP\htdocs\cog\cog\Runtime\Cache\Home\1614d034cc473f37f0bc9813ba39f318.php 第 134 行.
INFO: Run Behavior\ParseTemplateBehavior [ RunTime:0.024001s ]
INFO: [ view_parse ] --END-- [ RunTime:0.024001s ]
INFO: [ view_filter ] --START--
INFO: Run Behavior\WriteHtmlCacheBehavior [ RunTime:0.001000s ]
INFO: [ view_filter ] --END-- [ RunTime:0.001000s ]
INFO: [ app_end ] --START--
INFO: Run Behavior\ShowPageTraceBehavior [ RunTime:0.001000s ]
INFO: [ app_end ] --END-- [ RunTime:0.001000s ]

[ 2016-03-02T16:48:13+08:00 ] ::1 /cog/index.php/Home/Management/index.html
INFO: [ app_init ] --START--
INFO: Run Behavior\BuildLiteBehavior [ RunTime:0.000000s ]
INFO: [ app_init ] --END-- [ RunTime:0.001000s ]
INFO: [ app_begin ] --START--
INFO: Run Behavior\ReadHtmlCacheBehavior [ RunTime:0.000000s ]
INFO: [ app_begin ] --END-- [ RunTime:0.000000s ]
SQL: SHOW COLUMNS FROM `cog_post` [ RunTime:0.0040s ]
SQL: select * from cog_post order by post_time desc [ RunTime:0.0010s ]
SQL: SHOW COLUMNS FROM `cog_circle` [ RunTime:0.0040s ]
SQL: SELECT * FROM `cog_circle`  [ RunTime:0.0010s ]
SQL: SHOW COLUMNS FROM `cog_news` [ RunTime:0.0030s ]
SQL: SELECT * FROM `cog_news` ORDER BY news_id desc  [ RunTime:0.0010s ]
SQL: SHOW COLUMNS FROM `cog_user` [ RunTime:0.0410s ]
SQL: SELECT * FROM `cog_user`  [ RunTime:0.0010s ]
SQL: SELECT * FROM `cog_circle`  [ RunTime:0.0010s ]
INFO: [ view_parse ] --START--
INFO: [ template_filter ] --START--
INFO: Run Behavior\ContentReplaceBehavior [ RunTime:0.001000s ]
INFO: [ template_filter ] --END-- [ RunTime:0.001000s ]
NOTIC: [8] Undefined variable: user_headimg D:\XAMPP\htdocs\cog\cog\Runtime\Cache\Home\1614d034cc473f37f0bc9813ba39f318.php 第 134 行.
NOTIC: [8] Undefined variable: user_headimg D:\XAMPP\htdocs\cog\cog\Runtime\Cache\Home\1614d034cc473f37f0bc9813ba39f318.php 第 134 行.
NOTIC: [8] Undefined variable: user_headimg D:\XAMPP\htdocs\cog\cog\Runtime\Cache\Home\1614d034cc473f37f0bc9813ba39f318.php 第 134 行.
NOTIC: [8] Undefined variable: user_headimg D:\XAMPP\htdocs\cog\cog\Runtime\Cache\Home\1614d034cc473f37f0bc9813ba39f318.php 第 134 行.
NOTIC: [8] Undefined variable: user_headimg D:\XAMPP\htdocs\cog\cog\Runtime\Cache\Home\1614d034cc473f37f0bc9813ba39f318.php 第 134 行.
NOTIC: [8] Undefined variable: user_headimg D:\XAMPP\htdocs\cog\cog\Runtime\Cache\Home\1614d034cc473f37f0bc9813ba39f318.php 第 134 行.
NOTIC: [8] Undefined variable: user_headimg D:\XAMPP\htdocs\cog\cog\Runtime\Cache\Home\1614d034cc473f37f0bc9813ba39f318.php 第 134 行.
NOTIC: [8] Undefined variable: user_headimg D:\XAMPP\htdocs\cog\cog\Runtime\Cache\Home\1614d034cc473f37f0bc9813ba39f318.php 第 134 行.
NOTIC: [8] Undefined variable: user_headimg D:\XAMPP\htdocs\cog\cog\Runtime\Cache\Home\1614d034cc473f37f0bc9813ba39f318.php 第 134 行.
NOTIC: [8] Undefined variable: user_headimg D:\XAMPP\htdocs\cog\cog\Runtime\Cache\Home\1614d034cc473f37f0bc9813ba39f318.php 第 134 行.
INFO: Run Behavior\ParseTemplateBehavior [ RunTime:0.023001s ]
INFO: [ view_parse ] --END-- [ RunTime:0.024001s ]
INFO: [ view_filter ] --START--
INFO: Run Behavior\WriteHtmlCacheBehavior [ RunTime:0.000000s ]
INFO: [ view_filter ] --END-- [ RunTime:0.001001s ]
INFO: [ app_end ] --START--
INFO: Run Behavior\ShowPageTraceBehavior [ RunTime:0.001000s ]
INFO: [ app_end ] --END-- [ RunTime:0.001000s ]

[ 2016-03-02T16:48:14+08:00 ] ::1 /cog/
INFO: [ app_init ] --START--
INFO: Run Behavior\BuildLiteBehavior [ RunTime:0.000000s ]
INFO: [ app_init ] --END-- [ RunTime:0.001000s ]
INFO: [ app_begin ] --START--
INFO: Run Behavior\ReadHtmlCacheBehavior [ RunTime:0.001000s ]
INFO: [ app_begin ] --END-- [ RunTime:0.001000s ]
SQL: SHOW COLUMNS FROM `cog_follow` [ RunTime:0.0050s ]
SQL: SHOW COLUMNS FROM `cog_follow` [ RunTime:0.0040s ]
SQL: SELECT `follow_circle_id` FROM `cog_follow` WHERE `user_id` = 1 LIMIT 1   [ RunTime:0.0010s ]
SQL: SHOW COLUMNS FROM `cog_circle` [ RunTime:0.0050s ]
NOTIC: [8] Undefined variable: circle_res D:\XAMPP\htdocs\cog\cog\Home\Controller\IndexController.class.php 第 26 行.
SQL: select post_circle_id ,circle_name,circle_location,count(post_circle_id) as num,circle_img
		      from cog_post,cog_circle
		      where cog_post.post_time >= '2016-01-15 00:00:00' and cog_post.post_time <='2016-01-15 24:00:00' and
		            cog_post.post_circle_id=cog_circle.circle_id
		      group by post_circle_id
		      order by num desc
		       [ RunTime:0.0010s ]
SQL: SHOW COLUMNS FROM `cog_post` [ RunTime:0.0040s ]
SQL: select cog_post.post_id,circle_name,post_time,post_title,post_content,count(cog_comment.post_id) as num
    	      from cog_post,cog_comment,cog_circle
    	      where cog_post.post_id=cog_comment.post_id and
    	            cog_post.post_circle_id=cog_circle.circle_id
    	      group by  cog_comment.post_id
    	      order by num desc
    	  [ RunTime:0.0040s ]
SQL: SHOW COLUMNS FROM `cog_news` [ RunTime:0.0060s ]
SQL: SELECT * FROM `cog_news` ORDER BY news_id desc  [ RunTime:0.0010s ]
INFO: [ view_parse ] --START--
INFO: [ template_filter ] --START--
INFO: Run Behavior\ContentReplaceBehavior [ RunTime:0.000000s ]
INFO: [ template_filter ] --END-- [ RunTime:0.001000s ]
NOTIC: [8] Undefined variable: hotCircle D:\XAMPP\htdocs\cog\cog\Runtime\Cache\Home\604111f318b0b63c756a387c928552aa.php 第 30 行.
INFO: Run Behavior\ParseTemplateBehavior [ RunTime:0.024002s ]
INFO: [ view_parse ] --END-- [ RunTime:0.024002s ]
INFO: [ view_filter ] --START--
INFO: Run Behavior\WriteHtmlCacheBehavior [ RunTime:0.001000s ]
INFO: [ view_filter ] --END-- [ RunTime:0.001000s ]
INFO: [ app_end ] --START--
INFO: Run Behavior\ShowPageTraceBehavior [ RunTime:0.002000s ]
INFO: [ app_end ] --END-- [ RunTime:0.002000s ]

[ 2016-03-02T16:48:14+08:00 ] ::1 /cog/index.php/Home/Management/index.html
INFO: [ app_init ] --START--
INFO: Run Behavior\BuildLiteBehavior [ RunTime:0.000000s ]
INFO: [ app_init ] --END-- [ RunTime:0.001000s ]
INFO: [ app_begin ] --START--
INFO: Run Behavior\ReadHtmlCacheBehavior [ RunTime:0.001000s ]
INFO: [ app_begin ] --END-- [ RunTime:0.001000s ]
SQL: SHOW COLUMNS FROM `cog_post` [ RunTime:0.0070s ]
SQL: select * from cog_post order by post_time desc [ RunTime:0.0030s ]
SQL: SHOW COLUMNS FROM `cog_circle` [ RunTime:0.0050s ]
SQL: SELECT * FROM `cog_circle`  [ RunTime:0.0020s ]
SQL: SHOW COLUMNS FROM `cog_news` [ RunTime:0.0040s ]
SQL: SELECT * FROM `cog_news` ORDER BY news_id desc  [ RunTime:0.0000s ]
SQL: SHOW COLUMNS FROM `cog_user` [ RunTime:0.0040s ]
SQL: SELECT * FROM `cog_user`  [ RunTime:0.0020s ]
SQL: SELECT * FROM `cog_circle`  [ RunTime:0.0010s ]
INFO: [ view_parse ] --START--
INFO: [ template_filter ] --START--
INFO: Run Behavior\ContentReplaceBehavior [ RunTime:0.001000s ]
INFO: [ template_filter ] --END-- [ RunTime:0.001000s ]
NOTIC: [8] Undefined variable: user_headimg D:\XAMPP\htdocs\cog\cog\Runtime\Cache\Home\1614d034cc473f37f0bc9813ba39f318.php 第 134 行.
NOTIC: [8] Undefined variable: user_headimg D:\XAMPP\htdocs\cog\cog\Runtime\Cache\Home\1614d034cc473f37f0bc9813ba39f318.php 第 134 行.
NOTIC: [8] Undefined variable: user_headimg D:\XAMPP\htdocs\cog\cog\Runtime\Cache\Home\1614d034cc473f37f0bc9813ba39f318.php 第 134 行.
NOTIC: [8] Undefined variable: user_headimg D:\XAMPP\htdocs\cog\cog\Runtime\Cache\Home\1614d034cc473f37f0bc9813ba39f318.php 第 134 行.
NOTIC: [8] Undefined variable: user_headimg D:\XAMPP\htdocs\cog\cog\Runtime\Cache\Home\1614d034cc473f37f0bc9813ba39f318.php 第 134 行.
NOTIC: [8] Undefined variable: user_headimg D:\XAMPP\htdocs\cog\cog\Runtime\Cache\Home\1614d034cc473f37f0bc9813ba39f318.php 第 134 行.
NOTIC: [8] Undefined variable: user_headimg D:\XAMPP\htdocs\cog\cog\Runtime\Cache\Home\1614d034cc473f37f0bc9813ba39f318.php 第 134 行.
NOTIC: [8] Undefined variable: user_headimg D:\XAMPP\htdocs\cog\cog\Runtime\Cache\Home\1614d034cc473f37f0bc9813ba39f318.php 第 134 行.
NOTIC: [8] Undefined variable: user_headimg D:\XAMPP\htdocs\cog\cog\Runtime\Cache\Home\1614d034cc473f37f0bc9813ba39f318.php 第 134 行.
NOTIC: [8] Undefined variable: user_headimg D:\XAMPP\htdocs\cog\cog\Runtime\Cache\Home\1614d034cc473f37f0bc9813ba39f318.php 第 134 行.
INFO: Run Behavior\ParseTemplateBehavior [ RunTime:0.027001s ]
INFO: [ view_parse ] --END-- [ RunTime:0.027001s ]
INFO: [ view_filter ] --START--
INFO: Run Behavior\WriteHtmlCacheBehavior [ RunTime:0.000000s ]
INFO: [ view_filter ] --END-- [ RunTime:0.000000s ]
INFO: [ app_end ] --START--
INFO: Run Behavior\ShowPageTraceBehavior [ RunTime:0.000000s ]
INFO: [ app_end ] --END-- [ RunTime:0.002000s ]

[ 2016-03-02T17:11:08+08:00 ] ::1 /cog/index.php/Home/Management/index.html
INFO: [ app_init ] --START--
INFO: Run Behavior\BuildLiteBehavior [ RunTime:0.000000s ]
INFO: [ app_init ] --END-- [ RunTime:0.001000s ]
INFO: [ app_begin ] --START--
INFO: Run Behavior\ReadHtmlCacheBehavior [ RunTime:0.001000s ]
INFO: [ app_begin ] --END-- [ RunTime:0.001000s ]
SQL: SHOW COLUMNS FROM `cog_post` [ RunTime:0.0310s ]
SQL: select * from cog_post order by post_time desc [ RunTime:0.0010s ]
SQL: SHOW COLUMNS FROM `cog_circle` [ RunTime:0.0030s ]
SQL: SELECT * FROM `cog_circle`  [ RunTime:0.0010s ]
SQL: SHOW COLUMNS FROM `cog_news` [ RunTime:0.0040s ]
SQL: SELECT * FROM `cog_news` ORDER BY news_id desc  [ RunTime:0.0010s ]
SQL: SHOW COLUMNS FROM `cog_user` [ RunTime:0.0040s ]
SQL: SELECT * FROM `cog_user`  [ RunTime:0.0020s ]
SQL: SELECT * FROM `cog_circle`  [ RunTime:0.0010s ]
INFO: [ view_parse ] --START--
INFO: [ template_filter ] --START--
INFO: Run Behavior\ContentReplaceBehavior [ RunTime:0.000000s ]
INFO: [ template_filter ] --END-- [ RunTime:0.000000s ]
NOTIC: [8] Undefined variable: user_headimg D:\XAMPP\htdocs\cog\cog\Runtime\Cache\Home\1614d034cc473f37f0bc9813ba39f318.php 第 136 行.
NOTIC: [8] Undefined variable: user_headimg D:\XAMPP\htdocs\cog\cog\Runtime\Cache\Home\1614d034cc473f37f0bc9813ba39f318.php 第 136 行.
NOTIC: [8] Undefined variable: user_headimg D:\XAMPP\htdocs\cog\cog\Runtime\Cache\Home\1614d034cc473f37f0bc9813ba39f318.php 第 136 行.
NOTIC: [8] Undefined variable: user_headimg D:\XAMPP\htdocs\cog\cog\Runtime\Cache\Home\1614d034cc473f37f0bc9813ba39f318.php 第 136 行.
NOTIC: [8] Undefined variable: user_headimg D:\XAMPP\htdocs\cog\cog\Runtime\Cache\Home\1614d034cc473f37f0bc9813ba39f318.php 第 136 行.
NOTIC: [8] Undefined variable: user_headimg D:\XAMPP\htdocs\cog\cog\Runtime\Cache\Home\1614d034cc473f37f0bc9813ba39f318.php 第 136 行.
NOTIC: [8] Undefined variable: user_headimg D:\XAMPP\htdocs\cog\cog\Runtime\Cache\Home\1614d034cc473f37f0bc9813ba39f318.php 第 136 行.
NOTIC: [8] Undefined variable: user_headimg D:\XAMPP\htdocs\cog\cog\Runtime\Cache\Home\1614d034cc473f37f0bc9813ba39f318.php 第 136 行.
NOTIC: [8] Undefined variable: user_headimg D:\XAMPP\htdocs\cog\cog\Runtime\Cache\Home\1614d034cc473f37f0bc9813ba39f318.php 第 136 行.
NOTIC: [8] Undefined variable: user_headimg D:\XAMPP\htdocs\cog\cog\Runtime\Cache\Home\1614d034cc473f37f0bc9813ba39f318.php 第 136 行.
INFO: Run Behavior\ParseTemplateBehavior [ RunTime:0.020002s ]
INFO: [ view_parse ] --END-- [ RunTime:0.020002s ]
INFO: [ view_filter ] --START--
INFO: Run Behavior\WriteHtmlCacheBehavior [ RunTime:0.001000s ]
INFO: [ view_filter ] --END-- [ RunTime:0.001000s ]
INFO: [ app_end ] --START--
INFO: Run Behavior\ShowPageTraceBehavior [ RunTime:0.001000s ]
INFO: [ app_end ] --END-- [ RunTime:0.001000s ]

[ 2016-03-02T17:11:08+08:00 ] ::1 /cog/index.php/Home/Management/index.html
INFO: [ app_init ] --START--
INFO: Run Behavior\BuildLiteBehavior [ RunTime:0.000000s ]
INFO: [ app_init ] --END-- [ RunTime:0.001000s ]
INFO: [ app_begin ] --START--
INFO: Run Behavior\ReadHtmlCacheBehavior [ RunTime:0.001000s ]
INFO: [ app_begin ] --END-- [ RunTime:0.001000s ]
SQL: SHOW COLUMNS FROM `cog_post` [ RunTime:0.0050s ]
SQL: select * from cog_post order by post_time desc [ RunTime:0.0010s ]
SQL: SHOW COLUMNS FROM `cog_circle` [ RunTime:0.0050s ]
SQL: SELECT * FROM `cog_circle`  [ RunTime:0.0010s ]
SQL: SHOW COLUMNS FROM `cog_news` [ RunTime:0.0050s ]
SQL: SELECT * FROM `cog_news` ORDER BY news_id desc  [ RunTime:0.0010s ]
SQL: SHOW COLUMNS FROM `cog_user` [ RunTime:0.0050s ]
SQL: SELECT * FROM `cog_user`  [ RunTime:0.0020s ]
SQL: SELECT * FROM `cog_circle`  [ RunTime:0.0010s ]
INFO: [ view_parse ] --START--
INFO: [ template_filter ] --START--
INFO: Run Behavior\ContentReplaceBehavior [ RunTime:0.000000s ]
INFO: [ template_filter ] --END-- [ RunTime:0.000000s ]
NOTIC: [8] Undefined variable: user_headimg D:\XAMPP\htdocs\cog\cog\Runtime\Cache\Home\1614d034cc473f37f0bc9813ba39f318.php 第 136 行.
NOTIC: [8] Undefined variable: user_headimg D:\XAMPP\htdocs\cog\cog\Runtime\Cache\Home\1614d034cc473f37f0bc9813ba39f318.php 第 136 行.
NOTIC: [8] Undefined variable: user_headimg D:\XAMPP\htdocs\cog\cog\Runtime\Cache\Home\1614d034cc473f37f0bc9813ba39f318.php 第 136 行.
NOTIC: [8] Undefined variable: user_headimg D:\XAMPP\htdocs\cog\cog\Runtime\Cache\Home\1614d034cc473f37f0bc9813ba39f318.php 第 136 行.
NOTIC: [8] Undefined variable: user_headimg D:\XAMPP\htdocs\cog\cog\Runtime\Cache\Home\1614d034cc473f37f0bc9813ba39f318.php 第 136 行.
NOTIC: [8] Undefined variable: user_headimg D:\XAMPP\htdocs\cog\cog\Runtime\Cache\Home\1614d034cc473f37f0bc9813ba39f318.php 第 136 行.
NOTIC: [8] Undefined variable: user_headimg D:\XAMPP\htdocs\cog\cog\Runtime\Cache\Home\1614d034cc473f37f0bc9813ba39f318.php 第 136 行.
NOTIC: [8] Undefined variable: user_headimg D:\XAMPP\htdocs\cog\cog\Runtime\Cache\Home\1614d034cc473f37f0bc9813ba39f318.php 第 136 行.
NOTIC: [8] Undefined variable: user_headimg D:\XAMPP\htdocs\cog\cog\Runtime\Cache\Home\1614d034cc473f37f0bc9813ba39f318.php 第 136 行.
NOTIC: [8] Undefined variable: user_headimg D:\XAMPP\htdocs\cog\cog\Runtime\Cache\Home\1614d034cc473f37f0bc9813ba39f318.php 第 136 行.
INFO: Run Behavior\ParseTemplateBehavior [ RunTime:0.029002s ]
INFO: [ view_parse ] --END-- [ RunTime:0.029002s ]
INFO: [ view_filter ] --START--
INFO: Run Behavior\WriteHtmlCacheBehavior [ RunTime:0.001000s ]
INFO: [ view_filter ] --END-- [ RunTime:0.001000s ]
INFO: [ app_end ] --START--
INFO: Run Behavior\ShowPageTraceBehavior [ RunTime:0.002000s ]
INFO: [ app_end ] --END-- [ RunTime:0.002000s ]

[ 2016-03-02T17:11:09+08:00 ] ::1 /cog/
INFO: [ app_init ] --START--
INFO: Run Behavior\BuildLiteBehavior [ RunTime:0.000000s ]
INFO: [ app_init ] --END-- [ RunTime:0.001001s ]
INFO: [ app_begin ] --START--
INFO: Run Behavior\ReadHtmlCacheBehavior [ RunTime:0.002000s ]
INFO: [ app_begin ] --END-- [ RunTime:0.002000s ]
SQL: SHOW COLUMNS FROM `cog_follow` [ RunTime:0.0050s ]
SQL: SHOW COLUMNS FROM `cog_follow` [ RunTime:0.0040s ]
SQL: SELECT `follow_circle_id` FROM `cog_follow` WHERE `user_id` = 1 LIMIT 1   [ RunTime:0.0010s ]
SQL: SHOW COLUMNS FROM `cog_circle` [ RunTime:0.0060s ]
NOTIC: [8] Undefined variable: circle_res D:\XAMPP\htdocs\cog\cog\Home\Controller\IndexController.class.php 第 26 行.
SQL: select post_circle_id ,circle_name,circle_location,count(post_circle_id) as num,circle_img
		      from cog_post,cog_circle
		      where cog_post.post_time >= '2016-01-15 00:00:00' and cog_post.post_time <='2016-01-15 24:00:00' and
		            cog_post.post_circle_id=cog_circle.circle_id
		      group by post_circle_id
		      order by num desc
		       [ RunTime:0.0010s ]
SQL: SHOW COLUMNS FROM `cog_post` [ RunTime:0.0050s ]
SQL: select cog_post.post_id,circle_name,post_time,post_title,post_content,count(cog_comment.post_id) as num
    	      from cog_post,cog_comment,cog_circle
    	      where cog_post.post_id=cog_comment.post_id and
    	            cog_post.post_circle_id=cog_circle.circle_id
    	      group by  cog_comment.post_id
    	      order by num desc
    	  [ RunTime:0.0050s ]
SQL: SHOW COLUMNS FROM `cog_news` [ RunTime:0.0040s ]
SQL: SELECT * FROM `cog_news` ORDER BY news_id desc  [ RunTime:0.0010s ]
INFO: [ view_parse ] --START--
INFO: [ template_filter ] --START--
INFO: Run Behavior\ContentReplaceBehavior [ RunTime:0.000000s ]
INFO: [ template_filter ] --END-- [ RunTime:0.001000s ]
NOTIC: [8] Undefined variable: hotCircle D:\XAMPP\htdocs\cog\cog\Runtime\Cache\Home\604111f318b0b63c756a387c928552aa.php 第 30 行.
INFO: Run Behavior\ParseTemplateBehavior [ RunTime:0.024002s ]
INFO: [ view_parse ] --END-- [ RunTime:0.024002s ]
INFO: [ view_filter ] --START--
INFO: Run Behavior\WriteHtmlCacheBehavior [ RunTime:0.001000s ]
INFO: [ view_filter ] --END-- [ RunTime:0.001000s ]
INFO: [ app_end ] --START--
INFO: Run Behavior\ShowPageTraceBehavior [ RunTime:0.001000s ]
INFO: [ app_end ] --END-- [ RunTime:0.001000s ]

